ivig_2008	MGYG000002279_2	91.337	1974	155	13	1	1966	29277	27312	0.0	2684
ivig_2008	MGYG000002279_1	84.000	125	20	0	404	528	61590	61466	1.77e-25	121
ivig_2008	MGYG000000038_15	83.200	125	21	0	404	528	30220	30096	8.22e-24	115
uvig_170449	MGYG000002279_15	99.093	11906	104	4	1	11904	39004	27101	0.0	21385
uvig_170449	MGYG000002279_15	96.787	249	7	1	11891	12139	12467	12220	3.49e-114	414
uvig_170449	MGYG000000038_13	88.217	6238	711	15	5673	11893	60578	66808	0.0	7426
uvig_170449	MGYG000000038_13	87.063	2172	277	4	3499	5668	58356	60525	0.0	2451
uvig_170449	MGYG000000038_13	85.779	1990	244	21	1	1981	54739	56698	0.0	2071
uvig_170449	MGYG000000038_13	85.337	1364	188	10	2063	3421	56757	58113	0.0	1400
uvig_170449	MGYG000002992_7	80.426	470	86	5	11938	12404	1420	954	7.73e-96	353
uvig_243838	MGYG000000038_8	98.664	21338	285	0	98001	119338	69962	91299	0.0	37826
uvig_243838	MGYG000000038_8	97.845	7518	151	9	85945	93457	62458	69969	0.0	12975
uvig_243838	MGYG000000038_8	99.620	3687	12	2	66133	69818	44799	48484	0.0	6730
uvig_243838	MGYG000000038_8	97.965	3341	66	2	79907	83246	54392	57731	0.0	5792
uvig_243838	MGYG000000038_8	82.479	468	76	4	97762	98227	74811	75274	8.92e-111	405
uvig_243838	MGYG000000038_8	85.333	225	31	1	103091	103313	69964	70188	1.60e-58	231
uvig_243838	MGYG000000038_8	85.965	114	12	4	122761	122871	94319	94431	1.30e-24	119
uvig_243838	MGYG000000038_8	97.297	37	1	0	86070	86106	57315	57351	6.18e-08	63.9
uvig_243838	MGYG000002279_2	97.725	2286	50	2	90794	93078	362651	360367	0.0	3932
uvig_243838	MGYG000002992_18	84.902	510	77	0	15	524	12460	11951	3.95e-144	516
uvig_567223	MGYG000000038_6	99.273	2612	16	3	1	2611	47777	50386	0.0	4715
uvig_567223	MGYG000000038_6	100.000	70	0	0	2789	2858	50387	50456	1.12e-28	130
uvig_567223	MGYG000002992_5	95.839	2860	110	9	1	2856	51684	54538	0.0	4614
uvig_567223	MGYG000002279_4	93.023	387	21	6	2215	2599	122581	122199	3.35e-158	560
uvig_567223	MGYG000000038_3	88.667	150	17	0	21814	21963	265030	265179	8.48e-45	183
uvig_567223	MGYG000002992_3	96.923	65	0	1	5890	5954	103896	103834	5.25e-22	108
uvig_567223	MGYG000000038_1	92.308	39	3	0	230	268	211873	211911	1.93e-06	56.5
uvig_286493	MGYG000002279_24	98.483	10680	153	5	37639	48316	18629	29301	0.0	18816
uvig_286493	MGYG000002279_24	98.335	2102	34	1	33519	35620	18572	16472	0.0	3687
uvig_286493	MGYG000002279_24	96.955	1018	27	3	48535	49548	29378	30395	0.0	1705
uvig_286493	MGYG000002279_24	99.384	649	4	0	37072	37720	10175	9527	0.0	1177
uvig_286493	MGYG000002279_24	97.500	200	5	0	36883	37082	10575	10376	2.87e-92	342
uvig_286493	MGYG000002279_24	97.396	192	4	1	36689	36879	11199	11008	2.89e-87	326
uvig_286493	MGYG000002279_24	100.000	114	0	0	43	156	18670	18557	8.43e-53	211
uvig_286493	MGYG000002279_24	100.000	42	0	0	43	84	9567	9608	8.92e-13	78.7
uvig_286493	MGYG000000038_13	99.251	6806	51	0	37639	44444	8363	1558	0.0	12286
uvig_286493	MGYG000000038_13	98.858	2102	23	1	33519	35620	8420	10520	0.0	3747
uvig_286493	MGYG000000038_13	97.416	658	10	6	37097	37750	16258	16912	0.0	1114
uvig_286493	MGYG000000038_13	97.716	394	9	0	36689	37082	15793	16186	0.0	678
uvig_286493	MGYG000000038_13	100.000	114	0	0	43	156	8322	8435	8.43e-53	211
uvig_286493	MGYG000000038_13	100.000	42	0	0	43	84	16840	16799	8.92e-13	78.7
uvig_286493	MGYG000000038_32	99.399	5154	30	1	44434	49587	86	5238	0.0	9345
uvig_286493	MGYG000000038_25	96.622	296	8	2	49319	49612	22190	22485	9.67e-137	490
uvig_286493	MGYG000002992_17	97.287	258	6	1	49319	49575	258	1	1.28e-120	436
uvig_286493	MGYG000002992_17	98.305	59	1	0	37562	37620	54974	55032	1.47e-20	104
uvig_286493	MGYG000002279_20	99.130	230	1	1	49319	49548	229	1	2.15e-113	412
uvig_286493	MGYG000002279_32	97.436	234	3	3	49478	49708	3124	2891	2.17e-108	396
uvig_286493	MGYG000000038_2	96.804	219	4	3	49475	49691	378490	378707	2.20e-98	363
uvig_286493	MGYG000000038_31	93.636	220	12	2	49475	49693	5901	6119	8.02e-88	327
uvig_286493	MGYG000000038_38	100.000	111	0	0	49598	49708	1	111	3.92e-51	206
uvig_286493	MGYG000000038_16	100.000	98	0	0	49490	49587	98	1	6.61e-44	182
uvig_286493	MGYG000000038_3	98.020	101	2	0	49487	49587	101	1	3.08e-42	176
uvig_286493	MGYG000002279_18	83.041	171	18	8	37478	37638	32864	33033	8.67e-33	145
uvig_286493	MGYG000000038_7	98.684	76	1	0	37562	37637	32623	32698	5.22e-30	135
uvig_286493	MGYG000002279_31	100.000	59	0	0	49490	49548	59	1	3.16e-22	110
uvig_286493	MGYG000002992_26	91.549	71	6	0	49475	49545	39185	39255	6.85e-19	99.0
uvig_286493	MGYG000002279_26	87.302	63	7	1	49475	49536	24471	24533	1.49e-10	71.3
uvig_174411	MGYG000002279_4	96.001	10052	386	10	29585	39634	85621	95658	0.0	16321
uvig_174411	MGYG000000038_6	95.483	6155	240	26	29585	35719	69481	63345	0.0	9792
uvig_174411	MGYG000000038_6	98.296	2641	45	0	37025	39665	61715	59075	0.0	4628
uvig_174411	MGYG000000038_6	76.359	846	168	31	36102	36927	62765	61932	2.21e-117	425
uvig_174411	MGYG000000038_6	98.765	81	1	0	39662	39742	58853	58773	6.93e-33	145
uvig_174411	MGYG000002992_5	87.077	2600	330	6	37025	39621	67219	64623	0.0	2935
uvig_174411	MGYG000002992_5	83.943	3033	437	35	33062	36083	71430	68437	0.0	2857
uvig_174411	MGYG000002992_5	81.674	3034	481	50	30063	33055	74516	71517	0.0	2453
uvig_174411	MGYG000000038_23	96.694	121	1	1	39622	39742	221	104	5.25e-49	198
uvig_174411	MGYG000000038_25	98.765	81	1	0	39662	39742	99	19	6.93e-33	145
uvig_174411	MGYG000000038_2	94.048	84	1	2	39663	39742	312028	312111	9.03e-27	124
uvig_174411	MGYG000000038_2	94.286	35	1	1	39616	39649	311956	311990	4.32e-05	52.8
uvig_174411	MGYG000000038_18	97.872	47	0	1	39619	39665	42547	42592	1.98e-13	80.5
uvig_215356	MGYG000002279_9	98.951	7816	82	0	57962	65777	99276	91461	0.0	13980
uvig_215356	MGYG000000038_5	84.800	4750	690	29	60236	64968	168012	172746	0.0	4743
uvig_215356	MGYG000000038_5	84.263	2186	313	28	57962	60132	165718	167887	0.0	2102
uvig_215356	MGYG000000038_5	82.464	633	92	16	65073	65697	172887	173508	1.62e-150	536
uvig_215356	MGYG000002279_2	99.508	2033	10	0	1	2033	365435	367467	0.0	3699
uvig_215356	MGYG000002279_2	93.238	562	36	2	7977	8537	357957	358517	0.0	826
uvig_215356	MGYG000002279_5	92.186	1011	79	0	7691	8701	3775	2765	0.0	1430
uvig_215356	MGYG000002279_30	87.550	996	124	0	7706	8701	3760	2765	0.0	1153
uvig_215356	MGYG000002279_3	84.906	371	50	5	6760	7127	26072	26439	1.74e-100	370
uvig_215356	MGYG000000038_1	73.564	1010	229	33	50577	51567	306197	305207	6.30e-95	351
uvig_443327	MGYG000002279_12	99.186	8603	60	3	53	8654	56866	48273	0.0	15490
uvig_443327	MGYG000002279_12	99.614	259	1	0	21357	21615	48308	48050	4.23e-132	473
uvig_443327	MGYG000002279_12	92.784	97	3	4	8661	8755	48221	48127	6.31e-31	137
uvig_443327	MGYG000002279_12	94.444	36	2	0	4261	4296	52625	52660	1.82e-06	56.5
uvig_443327	MGYG000002992_4	84.393	5523	778	51	58	5542	73106	67630	0.0	5347
uvig_443327	MGYG000002992_4	87.368	2557	319	3	5541	8097	67550	64998	0.0	2929
uvig_443327	MGYG000002992_4	90.687	655	46	4	8101	8741	64947	64294	0.0	857
uvig_443327	MGYG000002992_4	100.000	49	0	0	21357	21405	64429	64381	4.98e-17	91.6
uvig_443327	MGYG000000038_17	82.795	4551	726	33	923	5431	55227	50692	0.0	4013
uvig_443327	MGYG000000038_17	85.439	3214	423	25	5561	8754	50546	47358	0.0	3301
uvig_443327	MGYG000000038_17	100.000	49	0	0	21357	21405	47507	47459	4.98e-17	91.6
uvig_443327	MGYG000000038_16	80.599	902	133	30	48	929	56356	57235	0.0	658
uvig_443327	MGYG000002279_6	92.761	373	17	7	15967	16336	91935	92300	2.48e-149	531
uvig_443327	MGYG000000038_1	93.939	66	1	3	1	64	237182	237118	1.07e-18	97.1
uvig_77033	MGYG000002279_24	85.714	329	46	1	10310	10638	3808	3481	1.19e-93	346
uvig_453418	MGYG000000038_21	93.803	355	22	0	656	1010	22230	22584	3.28e-150	534
uvig_453418	MGYG000002279_1	93.521	355	23	0	659	1013	250463	250817	1.53e-148	529
uvig_453418	MGYG000002992_11	92.997	357	25	0	653	1009	24745	25101	2.55e-146	521
uvig_453418	MGYG000002992_3	94.118	51	3	0	18513	18563	103894	103844	6.64e-13	78.7
uvig_46120	MGYG000000038_36	99.923	1301	1	0	53819	55119	1420	120	0.0	2398
uvig_46120	MGYG000002279_18	99.511	818	4	0	53819	54636	1444	627	0.0	1489
uvig_46120	MGYG000002279_18	99.446	542	3	0	54578	55119	625	84	0.0	985
uvig_7522	MGYG000000038_1	99.886	23711	27	0	48753	72463	193816	170106	0.0	43637
uvig_7522	MGYG000000038_1	99.848	7238	10	1	2327	9564	202282	195046	0.0	13304
uvig_7522	MGYG000000038_1	98.120	2340	25	12	1	2340	204656	202336	0.0	4060
uvig_7522	MGYG000000038_1	99.882	846	1	0	9966	10811	194655	193810	0.0	1557
uvig_7522	MGYG000000038_1	91.304	46	2	2	59613	59657	182912	182956	1.31e-07	62.1
uvig_7522	MGYG000002992_7	88.629	11758	1299	31	59723	71465	39225	50959	0.0	14272
uvig_7522	MGYG000002992_7	88.130	5594	645	18	54077	59661	33615	39198	0.0	6634
uvig_7522	MGYG000002992_7	87.463	3701	435	26	49633	53321	29068	32751	0.0	4237
uvig_7522	MGYG000002992_7	92.480	1875	117	13	7916	9789	21805	23656	0.0	2660
uvig_7522	MGYG000002992_7	91.484	1233	104	1	5007	6239	18945	20176	0.0	1694
uvig_7522	MGYG000002992_7	85.683	1355	187	5	2331	3683	17482	18831	0.0	1421
uvig_7522	MGYG000002992_7	85.026	1329	179	17	83	1397	13825	15147	0.0	1334
uvig_7522	MGYG000002992_7	90.265	791	77	0	48753	49543	28238	29028	0.0	1035
uvig_7522	MGYG000002992_7	89.007	755	82	1	53321	54075	32790	33543	0.0	933
uvig_7522	MGYG000002992_7	93.673	490	30	1	9966	10455	27126	27614	0.0	732
uvig_7522	MGYG000002992_7	82.506	846	130	15	71568	72404	51021	51857	0.0	726
uvig_7522	MGYG000002992_7	93.238	488	30	2	7119	7606	21230	21714	0.0	715
uvig_7522	MGYG000002992_7	93.981	216	12	1	6633	6847	21021	21236	4.21e-87	326
uvig_7522	MGYG000002992_7	84.488	303	45	2	1769	2069	17162	17464	9.17e-79	298
uvig_7522	MGYG000002992_7	92.562	121	9	0	6234	6354	20573	20693	1.61e-41	174
uvig_7522	MGYG000002279_14	98.733	3868	49	0	2350	6217	45586	41719	0.0	6872
uvig_7522	MGYG000002279_14	85.442	6354	849	48	53321	59661	34577	28287	0.0	6540
uvig_7522	MGYG000002279_14	86.132	4990	670	22	59721	64699	28270	23292	0.0	5361
uvig_7522	MGYG000002279_14	88.510	4430	482	8	65243	69671	23251	18848	0.0	5336
uvig_7522	MGYG000002279_14	84.305	2829	428	15	50499	53321	37435	34617	0.0	2750
uvig_7522	MGYG000002279_14	89.790	1479	147	3	7992	9469	40834	39359	0.0	1892
uvig_7522	MGYG000002279_14	84.192	1708	261	9	69760	71465	18783	17083	0.0	1650
uvig_7522	MGYG000002279_14	87.944	1352	147	14	90	1429	47697	46350	0.0	1580
uvig_7522	MGYG000002279_14	97.901	905	15	4	6692	7592	41724	40820	0.0	1563
uvig_7522	MGYG000002279_14	88.872	665	69	4	49756	50416	38105	37442	0.0	813
uvig_7522	MGYG000002279_14	81.469	885	143	18	71568	72442	17023	16150	0.0	706
uvig_7522	MGYG000002279_14	84.880	291	43	1	1769	2058	45908	45618	4.27e-77	292
uvig_7522	MGYG000002992_3	83.565	1077	164	12	10841	11914	81941	83007	0.0	996
uvig_7522	MGYG000002992_3	86.576	514	57	8	46021	46530	115300	115805	1.37e-156	556
uvig_7522	MGYG000002992_3	100.000	33	0	0	44324	44356	114408	114440	1.31e-07	62.1
uvig_7522	MGYG000002992_3	90.909	44	4	0	12418	12461	83580	83623	4.71e-07	60.2
uvig_7522	MGYG000002992_14	93.243	74	5	0	71473	71546	48841	48914	4.61e-22	110
uvig_7522	MGYG000000038_2	89.041	73	8	0	71474	71546	20405	20477	1.67e-16	91.6
uvig_7522	MGYG000000038_2	94.118	34	2	0	71487	71520	226760	226793	7.88e-05	52.8
uvig_7522	MGYG000002279_15	97.959	49	1	0	1408	1456	67777	67825	7.77e-15	86.1
uvig_7522	MGYG000002279_8	97.959	49	1	0	1408	1456	69767	69719	7.77e-15	86.1
uvig_7522	MGYG000002279_6	89.552	67	7	0	71480	71546	65700	65634	7.77e-15	86.1
uvig_7522	MGYG000000038_3	100.000	43	0	0	71477	71519	209792	209750	3.62e-13	80.5
uvig_7522	MGYG000002992_5	91.071	56	5	0	71477	71532	88425	88370	4.68e-12	76.8
uvig_7522	MGYG000000038_11	95.745	47	2	0	6043	6089	10559	10605	4.68e-12	76.8
uvig_7522	MGYG000000038_7	95.745	47	2	0	6043	6089	46251	46205	4.68e-12	76.8
uvig_7522	MGYG000002992_10	95.652	46	2	0	71474	71519	64025	64070	1.68e-11	75.0
uvig_7522	MGYG000002992_10	90.909	55	4	1	6043	6097	80219	80272	6.05e-11	73.1
uvig_7522	MGYG000000038_23	97.674	43	1	0	71477	71519	14294	14336	1.68e-11	75.0
uvig_7522	MGYG000002279_1	95.349	43	2	0	71482	71524	294731	294689	7.83e-10	69.4
uvig_7522	MGYG000000038_4	95.349	43	2	0	71482	71524	123228	123270	7.83e-10	69.4
uvig_7522	MGYG000002992_6	88.462	52	6	0	6042	6093	20603	20654	3.64e-08	63.9
uvig_524833	MGYG000000038_5	94.888	9018	428	30	9284	18282	156718	165721	0.0	14068
uvig_524833	MGYG000000038_5	97.614	7544	170	10	474	8012	144882	152420	0.0	12925
uvig_236083	MGYG000002279_2	94.351	7471	414	4	7047	14510	53107	60576	0.0	11452
uvig_236083	MGYG000002279_2	88.795	6970	738	20	1	6938	45365	52323	0.0	8504
uvig_236083	MGYG000002279_2	85.592	2804	371	24	15009	17788	61075	63869	0.0	2909
uvig_236083	MGYG000002279_2	83.540	1610	243	19	82782	84380	64826	66424	0.0	1485
uvig_21174	MGYG000002279_16	98.130	8287	140	9	8393	16668	14448	22730	0.0	14430
uvig_21174	MGYG000002279_16	99.832	7742	11	2	672	8411	1637	9378	0.0	14224
uvig_21174	MGYG000002279_10	81.992	522	88	6	12225	12743	66136	65618	4.81e-121	438
uvig_211748	MGYG000002279_4	76.367	1079	231	21	7539	8605	80677	79611	2.53e-157	558
uvig_211748	MGYG000000038_2	91.489	47	4	0	9174	9220	314111	314157	6.73e-09	65.8
uvig_183154	MGYG000000038_11	99.278	9005	60	4	27327	36330	19552	28552	0.0	16264
uvig_183154	MGYG000002279_2	99.212	9005	69	2	27327	36330	177363	186366	0.0	16235
uvig_183154	MGYG000002279_2	94.120	2262	130	3	698	2957	87396	85136	0.0	3437
uvig_183154	MGYG000002992_1	86.256	4773	600	40	29057	33806	160513	155774	0.0	5129
uvig_183154	MGYG000002992_1	91.003	1734	141	7	34599	36330	154907	153187	0.0	2324
uvig_183154	MGYG000002992_1	92.288	1569	120	1	27410	28978	162215	160648	0.0	2226
uvig_183154	MGYG000002992_1	82.234	788	131	8	33805	34587	155742	154959	0.0	671
uvig_183154	MGYG000002279_28	99.845	1932	3	0	694	2625	19006	20937	0.0	3552
uvig_183154	MGYG000002279_53	99.845	646	1	0	2796	3441	1	646	0.0	1188
uvig_183154	MGYG000002992_25	99.361	313	2	0	701	1013	34466	34778	3.17e-160	568
uvig_183154	MGYG000002279_1	97.015	67	1	1	3383	3448	1	67	6.43e-23	111
uvig_183154	MGYG000002279_30	100.000	59	0	0	3383	3441	13856	13798	2.31e-22	110
uvig_183154	MGYG000002279_3	96.875	64	2	0	693	756	215649	215712	8.31e-22	108
uvig_34309	MGYG000002279_28	99.864	4400	6	0	385	4784	60	4459	0.0	8093
uvig_34309	MGYG000000038_7	99.823	2821	4	1	385	3205	33416	36235	0.0	5180
uvig_34309	MGYG000000038_7	100.000	47	0	0	156	202	33189	33235	1.14e-15	87.9
uvig_34309	MGYG000000038_13	89.372	1035	108	2	2817	3850	50747	51780	0.0	1301
uvig_34309	MGYG000002279_5	88.857	1041	116	0	2815	3855	89412	90452	0.0	1280
uvig_34309	MGYG000002279_15	88.038	1045	123	2	2813	3856	43012	41969	0.0	1236
uvig_34309	MGYG000002279_2	91.250	480	35	5	2723	3197	286167	286644	0.0	647
uvig_34309	MGYG000002279_18	100.000	237	0	0	156	392	58252	58488	2.74e-121	438
uvig_34309	MGYG000002279_1	97.129	209	6	0	671	879	18463	18671	1.02e-95	353
uvig_34309	MGYG000000038_1	88.542	192	22	0	2815	3006	288870	289061	1.39e-59	233
uvig_563423	MGYG000000038_3	99.352	21280	118	14	26534	47809	159573	180836	0.0	38514
uvig_563423	MGYG000002279_8	90.908	13044	1139	31	34795	47804	33804	20774	0.0	17474
uvig_563423	MGYG000002279_8	91.758	6843	523	29	26535	33357	45342	38521	0.0	9474
uvig_563423	MGYG000002279_8	87.600	1000	120	4	33586	34583	34911	33914	0.0	1157
uvig_563423	MGYG000002279_8	90.816	98	8	1	34639	34736	33904	33808	2.35e-28	130
uvig_563423	MGYG000002992_32	85.971	7948	1066	37	39887	47804	18031	25959	0.0	8455
uvig_563423	MGYG000002992_32	91.920	6052	474	14	27539	33584	2339	8381	0.0	8453
uvig_563423	MGYG000002992_32	86.355	5130	651	32	34643	39763	12754	17843	0.0	5550
uvig_563423	MGYG000002992_32	92.956	1008	68	3	33577	34583	11747	12752	0.0	1465
uvig_563423	MGYG000002992_32	88.615	975	108	3	26535	27507	1280	2253	0.0	1182
uvig_563423	MGYG000002992_3	93.788	1964	120	2	9891	11853	99396	97434	0.0	2950
uvig_563423	MGYG000002992_3	95.312	1408	66	0	1	1408	109848	108441	0.0	2235
uvig_563423	MGYG000002992_3	87.845	1267	135	12	8411	9666	100853	99595	0.0	1469
uvig_563423	MGYG000002992_3	95.582	747	33	0	1407	2153	107818	107072	0.0	1197
uvig_563423	MGYG000002992_3	83.521	710	103	14	14508	15210	95476	94774	0.0	651
uvig_563423	MGYG000002992_3	89.286	196	21	0	3616	3811	105571	105376	2.23e-63	246
uvig_563423	MGYG000002992_3	90.299	134	13	0	2819	2952	106437	106304	2.97e-42	176
uvig_563423	MGYG000002992_3	95.000	60	2	1	2774	2833	107081	107023	3.08e-17	93.5
uvig_453471	MGYG000000038_8	99.963	21755	8	0	70761	92515	85781	64027	0.0	40130
uvig_453471	MGYG000000038_8	99.982	5519	1	0	3546	9064	91298	85780	0.0	10187
uvig_453471	MGYG000000038_8	85.333	225	31	1	81268	81490	70188	69964	1.20e-58	231
uvig_453471	MGYG000000038_8	85.333	225	31	1	86354	86578	75274	75052	1.20e-58	231
uvig_453471	MGYG000002279_2	97.769	2286	49	2	86952	89236	360367	362651	0.0	3938
uvig_64234	MGYG000002279_4	99.298	2565	18	0	17247	19811	171842	174406	0.0	4638
uvig_64234	MGYG000002992_5	89.879	1729	126	27	18124	19811	3450	1730	0.0	2178
uvig_64234	MGYG000002992_5	91.476	657	56	0	17476	18132	4140	3484	0.0	904
uvig_64234	MGYG000002992_5	88.158	152	16	2	17339	17489	4331	4181	9.90e-44	180
uvig_64234	MGYG000000038_2	80.503	1154	188	25	18124	19253	225494	226634	0.0	850
uvig_64234	MGYG000000038_2	89.726	146	15	0	17340	17485	224516	224661	5.92e-46	187
uvig_64234	MGYG000002992_21	78.284	373	60	14	15164	15529	41897	41539	5.84e-56	220
uvig_99442	MGYG000000038_9	98.973	3896	40	0	45303	49198	105420	101525	0.0	6974
uvig_99442	MGYG000000038_9	95.483	2369	95	8	42310	44676	113070	110712	0.0	3771
uvig_99442	MGYG000000038_9	99.564	1836	8	0	1	1836	115933	114098	0.0	3347
uvig_99442	MGYG000000038_9	98.133	857	16	0	41453	42309	114106	113250	0.0	1495
uvig_99442	MGYG000000038_9	92.803	792	57	0	48392	49183	110692	109901	0.0	1147
uvig_99442	MGYG000000038_9	95.228	482	19	2	43640	44118	105896	105416	0.0	760
uvig_99442	MGYG000000038_9	86.404	684	88	3	41628	42309	30542	31222	0.0	743
uvig_99442	MGYG000000038_9	88.450	329	38	0	43637	43965	30684	31012	5.97e-109	398
uvig_99442	MGYG000000038_9	82.040	451	75	4	41678	42126	105991	105545	2.16e-103	379
uvig_99442	MGYG000000038_9	91.845	233	19	0	43961	44193	31368	31600	2.86e-87	326
uvig_99442	MGYG000000038_9	76.176	680	123	31	48539	49198	114522	113862	3.70e-86	322
uvig_99442	MGYG000000038_9	84.000	325	51	1	43640	43963	113786	113462	8.00e-83	311
uvig_99442	MGYG000000038_9	83.129	326	53	2	41773	42097	111740	111416	2.24e-78	296
uvig_99442	MGYG000000038_9	89.109	101	8	3	49101	49199	30513	30612	4.02e-26	122
uvig_99442	MGYG000000038_9	100.000	40	0	0	49195	49234	98537	98498	1.14e-11	75.0
uvig_99442	MGYG000002279_2	99.183	1836	15	0	1	1836	278868	280703	0.0	3308
uvig_99442	MGYG000002279_2	97.364	1631	41	1	42311	43941	281732	283360	0.0	2772
uvig_99442	MGYG000002279_2	98.716	857	11	0	41453	42309	280695	281551	0.0	1522
uvig_99442	MGYG000002279_2	83.676	827	124	10	41488	42309	381777	380957	0.0	769
uvig_99442	MGYG000002279_2	96.626	326	11	0	43640	43965	381492	381167	2.61e-152	542
uvig_99442	MGYG000002279_2	76.106	678	127	29	48539	49198	280279	280939	3.70e-86	322
uvig_99442	MGYG000002279_2	84.000	325	51	1	43640	43963	281015	281339	8.00e-83	311
uvig_99442	MGYG000002279_2	88.235	221	26	0	43961	44181	380811	380591	6.32e-69	265
uvig_99442	MGYG000002279_2	89.542	153	16	0	44053	44205	380398	380246	8.41e-48	195
uvig_99442	MGYG000002279_2	89.404	151	12	3	42327	42475	380760	380612	1.41e-45	187
uvig_99442	MGYG000002279_2	100.000	40	0	0	49195	49234	287239	287278	1.14e-11	75.0
uvig_99442	MGYG000002992_1	97.539	1016	23	1	42626	43641	67175	66162	0.0	1736
uvig_99442	MGYG000002992_1	88.148	135	16	0	44071	44205	1	135	8.53e-38	161
uvig_99442	MGYG000002279_3	80.507	513	93	7	41528	42038	61586	61079	1.29e-105	387
uvig_99442	MGYG000002279_3	83.881	335	50	4	48866	49198	61749	61417	1.72e-84	316
uvig_99442	MGYG000002992_2	83.136	338	53	4	48866	49201	32258	31923	3.72e-81	305
uvig_551911	MGYG000000038_5	99.061	18099	169	1	66976	85074	195755	177658	0.0	32479
uvig_551911	MGYG000000038_5	99.958	11771	5	0	85165	96935	177488	165718	0.0	21710
uvig_551911	MGYG000000038_5	99.170	3374	27	1	135234	138606	142585	139212	0.0	6074
uvig_551911	MGYG000002279_9	92.249	7547	506	38	73442	80980	69097	76572	0.0	10623
uvig_551911	MGYG000002279_9	84.641	4766	698	31	89892	94641	92255	97002	0.0	4715
uvig_551911	MGYG000002279_9	84.126	2186	316	28	94766	96935	97106	99276	0.0	2085
uvig_551911	MGYG000002279_9	86.920	1292	153	14	84470	85750	86853	88139	0.0	1435
uvig_551911	MGYG000002279_9	87.617	1066	114	14	87129	88186	89444	90499	0.0	1221
uvig_551911	MGYG000002279_9	83.567	1284	178	26	85788	87046	88139	89414	0.0	1171
uvig_551911	MGYG000002279_9	92.135	801	61	2	83534	84334	79004	79802	0.0	1129
uvig_551911	MGYG000002279_9	88.063	955	98	11	88208	89153	90564	91511	0.0	1118
uvig_551911	MGYG000002279_9	90.103	485	47	1	82383	82867	78005	78488	5.48e-178	628
uvig_551911	MGYG000002279_9	86.255	502	69	0	81667	82168	77313	77814	5.68e-153	545
uvig_551911	MGYG000002279_9	82.540	630	91	16	89145	89763	91541	92162	3.42e-150	536
uvig_551911	MGYG000002279_9	88.184	347	41	0	82934	83280	78533	78879	1.67e-113	414
uvig_551911	MGYG000002279_3	96.869	2555	80	0	131677	134231	203504	200950	0.0	4276
uvig_551911	MGYG000002279_3	98.189	994	18	0	134343	135336	196778	195785	0.0	1736
uvig_551911	MGYG000002279_3	74.977	3233	711	84	135425	138606	195739	192554	0.0	1399
uvig_551911	MGYG000002279_3	100.000	116	0	0	134230	134345	199418	199303	1.82e-53	215
uvig_551911	MGYG000002992_29	80.834	3835	625	82	134343	138132	2824	6593	0.0	2909
uvig_551911	MGYG000002992_29	76.136	440	94	10	138174	138606	6668	7103	3.91e-55	220
uvig_551911	MGYG000002279_5	87.558	1937	235	5	131665	133598	21823	23756	0.0	2237
uvig_551911	MGYG000002992_23	75.451	554	116	15	65117	65657	37352	36806	1.39e-64	252
uvig_363119	MGYG000000038_5	99.419	7915	46	0	19566	27480	187769	179855	0.0	14362
uvig_363119	MGYG000002279_9	95.030	6016	275	12	19576	25583	70573	76572	0.0	9431
uvig_363119	MGYG000002279_9	98.311	2901	42	2	122	3022	46639	49532	0.0	5079
uvig_363119	MGYG000002279_9	89.897	485	48	1	26986	27470	78005	78488	5.05e-177	623
uvig_363119	MGYG000002279_9	86.454	502	68	0	26270	26771	77313	77814	2.42e-155	551
uvig_363119	MGYG000002279_9	99.444	180	1	0	3014	3193	49665	49844	4.43e-88	327
uvig_363119	MGYG000000038_28	99.326	2820	19	0	122	2941	5331	8150	0.0	5103
uvig_363119	MGYG000000038_28	98.616	289	4	0	3014	3302	8193	8481	1.14e-143	512
uvig_363119	MGYG000002279_17	98.630	73	1	0	2814	2886	13050	13122	1.34e-28	130
uvig_363119	MGYG000000038_4	98.630	73	1	0	2814	2886	178596	178524	1.34e-28	130
uvig_363119	MGYG000000038_15	98.000	50	1	0	1	50	46815	46766	8.19e-16	87.9
uvig_228608	MGYG000002279_33	89.222	8128	803	57	13714	21812	1	8084	0.0	10089
uvig_228608	MGYG000002279_36	93.172	6883	448	17	4570	11444	6869	1	0.0	10087
uvig_228608	MGYG000002279_14	99.887	4423	5	0	18464	22886	68147	63725	0.0	8141
uvig_228608	MGYG000002279_14	99.944	1779	1	0	17005	18783	69936	68158	0.0	3280
uvig_228608	MGYG000002279_35	97.187	4443	119	2	7008	11444	4443	1	0.0	7507
uvig_228608	MGYG000002279_35	93.148	2481	156	9	4570	7046	6924	4454	0.0	3627
uvig_228608	MGYG000002279_42	99.876	2410	3	0	14593	17002	1	2410	0.0	4434
uvig_228608	MGYG000002279_43	94.430	2388	131	2	11386	13772	1	2387	0.0	3672
uvig_228608	MGYG000002279_45	100.000	1828	0	0	11945	13772	1	1828	0.0	3376
uvig_228608	MGYG000002279_37	94.949	2079	92	2	2563	4628	2079	1	0.0	3245
uvig_228608	MGYG000000038_4	100.000	44	0	0	141	184	186118	186161	7.63e-14	82.4
uvig_258524	MGYG000000038_5	98.824	1871	22	0	1635	3505	142	2012	0.0	3334
uvig_258524	MGYG000002279_3	98.557	1871	27	0	1635	3505	45206	47076	0.0	3306
uvig_258524	MGYG000002992_2	96.259	1871	70	0	1635	3505	24736	26606	0.0	3068
uvig_220803	MGYG000000038_8	97.556	2700	66	0	2678	5377	59370	62069	0.0	4621
uvig_220803	MGYG000002279_2	97.427	2565	66	0	2813	5377	206668	209232	0.0	4372
uvig_220803	MGYG000002992_1	97.368	2508	66	0	2870	5377	65945	63438	0.0	4266
uvig_207268	MGYG000000038_3	97.617	5119	114	8	38303	43417	47531	42417	0.0	8770
uvig_207268	MGYG000000038_3	96.591	88	3	0	42817	42904	43118	43031	2.11e-33	147
uvig_207268	MGYG000000038_3	95.455	88	4	0	42716	42803	43017	42930	9.80e-32	141
uvig_207268	MGYG000002279_7	82.362	3311	515	56	37813	41084	60737	57457	0.0	2815
uvig_207268	MGYG000002279_7	88.769	1389	155	1	41132	42519	57455	56067	0.0	1700
uvig_207268	MGYG000002279_7	90.184	326	31	1	42689	43013	55994	55669	8.69e-117	424
uvig_207268	MGYG000002279_7	91.288	264	22	1	43155	43417	55591	55328	2.48e-97	359
uvig_207268	MGYG000002279_7	93.137	102	5	2	42805	42904	55980	55879	5.85e-34	148
uvig_207268	MGYG000002279_7	95.455	88	4	0	42716	42803	55865	55778	9.80e-32	141
uvig_207268	MGYG000002992_3	86.995	1461	177	7	41184	42635	37941	39397	0.0	1633
uvig_207268	MGYG000002992_3	83.787	1505	223	16	38303	39794	36338	37834	0.0	1408
uvig_207268	MGYG000002992_3	92.045	264	20	1	43155	43417	39750	40013	1.15e-100	370
uvig_207268	MGYG000002992_3	88.789	223	20	5	42805	43024	39411	39631	4.31e-70	268
uvig_207268	MGYG000002992_3	97.170	106	3	0	42689	42794	39398	39503	2.08e-43	180
uvig_207268	MGYG000002992_3	98.413	63	1	0	41129	41191	37858	37920	7.68e-23	111
uvig_136215	MGYG000000038_7	96.236	2258	77	8	1	2254	15045	17298	0.0	3692
uvig_136215	MGYG000002279_18	96.147	2258	79	8	1	2254	15270	17523	0.0	3681
uvig_136215	MGYG000002279_18	72.144	639	136	31	2775	3398	17987	18598	4.78e-36	156
uvig_136215	MGYG000002992_17	94.644	2259	111	10	1	2254	36369	38622	0.0	3493
uvig_136215	MGYG000002992_17	73.155	637	133	28	2775	3398	39086	39697	1.01e-47	195
uvig_189285	MGYG000002279_22	93.041	1983	137	1	2610	4592	39064	37083	0.0	2896
uvig_189285	MGYG000002279_22	90.733	1705	156	2	819	2521	40767	39063	0.0	2272
uvig_189285	MGYG000002279_22	88.924	1571	169	5	4670	6237	37077	35509	0.0	1932
uvig_189285	MGYG000002279_22	89.558	814	81	3	6236	7047	34009	33198	0.0	1029
uvig_189285	MGYG000002279_22	92.593	81	6	0	7085	7165	33203	33123	1.73e-24	117
uvig_189285	MGYG000002992_9	93.011	1531	101	6	1	1529	81759	83285	0.0	2230
uvig_189285	MGYG000000038_12	91.379	812	70	0	6236	7047	60387	59576	0.0	1112
uvig_189285	MGYG000000038_12	90.244	82	7	1	7085	7165	59581	59500	3.74e-21	106
uvig_189285	MGYG000000038_12	96.552	58	2	0	505	562	60531	60474	2.25e-18	97.1
uvig_189285	MGYG000002992_14	94.915	59	3	0	7147	7205	48903	48845	2.91e-17	93.5
uvig_189285	MGYG000002279_5	94.643	56	3	0	7146	7201	90548	90603	1.35e-15	87.9
uvig_189285	MGYG000002992_30	100.000	46	0	0	7163	7208	31186	31141	4.87e-15	86.1
uvig_189285	MGYG000000038_1	90.625	64	6	0	7146	7209	171033	171096	4.87e-15	86.1
uvig_189285	MGYG000002992_5	89.394	66	5	2	7143	7208	88365	88428	6.30e-14	82.4
uvig_189285	MGYG000000038_3	97.826	46	1	0	7163	7208	258197	258152	2.26e-13	80.5
uvig_189285	MGYG000002279_1	97.727	44	1	0	7157	7200	294688	294731	2.93e-12	76.8
uvig_189285	MGYG000000038_4	94.118	51	1	2	7157	7207	123271	123223	2.93e-12	76.8
uvig_189285	MGYG000000038_9	95.745	47	1	1	7163	7208	73732	73778	1.05e-11	75.0
uvig_189285	MGYG000002992_46	100.000	31	0	0	7178	7208	1382	1352	1.06e-06	58.4
uvig_189285	MGYG000000038_2	97.059	34	1	0	7162	7195	226793	226760	1.06e-06	58.4
uvig_356094	MGYG000002279_4	99.390	3115	18	1	10535	13649	176764	179877	0.0	5646
uvig_356094	MGYG000002279_4	100.000	160	0	0	1	160	176624	176783	6.23e-79	296
uvig_356094	MGYG000002992_16	91.579	3040	254	2	10612	13649	59407	56368	0.0	4194
uvig_356094	MGYG000002992_16	93.125	160	8	3	3	160	59681	59523	1.78e-59	231
uvig_356094	MGYG000000038_2	83.833	1800	291	0	11148	12947	228203	230002	0.0	1712
uvig_356094	MGYG000000038_2	85.832	487	47	16	13113	13597	230089	230555	1.59e-139	497
uvig_356094	MGYG000000038_2	81.753	559	96	5	10541	11095	227628	228184	5.80e-129	462
uvig_356094	MGYG000000038_2	90.123	162	14	2	1	160	227481	227642	8.35e-53	209
uvig_356094	MGYG000002992_9	96.970	66	1	1	1	66	70647	70711	8.71e-23	110
uvig_356094	MGYG000002279_20	94.286	70	3	1	1	70	45217	45285	1.13e-21	106
uvig_356094	MGYG000000038_12	100.000	55	0	0	1	55	65681	65627	1.46e-20	102
uvig_156734	MGYG000002279_46	99.590	1708	7	0	56157	57864	1	1708	0.0	3116
uvig_156734	MGYG000000038_35	99.573	1639	7	0	56226	57864	1	1639	0.0	2988
uvig_156734	MGYG000000038_2	100.000	167	0	0	56157	56323	133392	133226	3.38e-82	309
uvig_156734	MGYG000000038_31	100.000	93	0	0	56157	56249	93	1	4.63e-41	172
uvig_156734	MGYG000000038_8	100.000	93	0	0	56157	56249	93	1	4.63e-41	172
uvig_156734	MGYG000000038_21	100.000	92	0	0	56157	56248	31000	31091	1.67e-40	171
uvig_156734	MGYG000000038_11	100.000	88	0	0	56155	56242	105400	105487	2.79e-38	163
uvig_156734	MGYG000000038_5	100.000	87	0	0	56307	56393	195753	195839	1.00e-37	161
uvig_156734	MGYG000000038_5	100.000	80	0	0	57785	57864	1	80	7.80e-34	148
uvig_156734	MGYG000000038_1	100.000	87	0	0	57778	57864	1	87	1.00e-37	161
uvig_156734	MGYG000000038_24	100.000	86	0	0	56157	56242	25414	25499	3.61e-37	159
uvig_156734	MGYG000000038_28	100.000	83	0	0	57782	57864	13258	13176	1.68e-35	154
uvig_156734	MGYG000000038_26	100.000	82	0	0	57783	57864	17945	17864	6.03e-35	152
uvig_156734	MGYG000000038_13	100.000	81	0	0	57784	57864	80996	80916	2.17e-34	150
uvig_156734	MGYG000000038_9	100.000	78	0	0	57787	57864	126466	126389	1.01e-32	145
uvig_156734	MGYG000002279_34	100.000	65	0	0	56151	56215	65	1	1.70e-25	121
uvig_156734	MGYG000002279_15	95.652	69	2	1	56145	56213	68	1	3.68e-22	110
uvig_156734	MGYG000002279_5	100.000	57	0	0	56157	56213	204535	204591	4.76e-21	106
uvig_156734	MGYG000002279_25	100.000	51	0	0	57814	57864	1	51	1.03e-17	95.3
uvig_156734	MGYG000002279_16	100.000	50	0	0	57815	57864	61231	61182	3.71e-17	93.5
uvig_156734	MGYG000002279_2	100.000	50	0	0	57815	57864	1	50	3.71e-17	93.5
uvig_148318	MGYG000002279_23	98.700	9076	87	8	47	9103	23228	14165	0.0	16078
uvig_148318	MGYG000002279_23	98.450	2904	31	1	43576	46479	14183	11294	0.0	5101
uvig_148318	MGYG000002992_15	88.797	6070	651	18	3053	9098	43639	49703	0.0	7415
uvig_148318	MGYG000002992_15	87.244	2250	280	5	47	2291	40607	42854	0.0	2558
uvig_148318	MGYG000002992_15	92.623	122	6	2	43576	43694	49690	49811	3.72e-41	172
uvig_148318	MGYG000000038_3	85.844	6068	812	27	3058	9103	273743	267701	0.0	6403
uvig_148318	MGYG000000038_3	83.111	2244	352	20	47	2275	276748	274517	0.0	2019
uvig_148318	MGYG000000038_3	76.378	508	101	18	2439	2935	274392	273893	3.59e-66	255
uvig_148318	MGYG000002992_3	88.814	742	78	5	27339	28078	105376	106114	0.0	905
uvig_148318	MGYG000002992_3	78.205	156	21	10	42178	42321	116359	116513	1.39e-15	87.9
uvig_544265	MGYG000000038_4	99.290	20410	131	3	36460	56855	138449	118040	0.0	36875
uvig_544265	MGYG000000038_4	94.828	58	2	1	36403	36459	139289	139232	4.71e-16	89.8
uvig_544265	MGYG000002279_1	99.203	16949	134	1	36403	53350	279465	296413	0.0	30550
uvig_544265	MGYG000002279_1	91.005	2846	244	12	53342	56179	297582	300423	0.0	3827
uvig_544265	MGYG000002279_1	81.208	149	24	4	56709	56855	301064	301210	2.16e-24	117
uvig_544265	MGYG000002992_30	90.909	55	3	2	51631	51683	31186	31132	4.75e-11	73.1
uvig_544265	MGYG000002992_14	95.455	44	2	0	51625	51668	48893	48850	1.71e-10	71.3
uvig_544265	MGYG000000038_33	95.349	43	2	0	36425	36467	3319	3361	6.14e-10	69.4
uvig_544265	MGYG000000038_1	95.349	43	2	0	51626	51668	171045	171087	6.14e-10	69.4
uvig_544265	MGYG000000038_12	94.872	39	2	0	36429	36467	86202	86240	1.03e-07	62.1
uvig_544265	MGYG000000038_3	91.111	45	2	2	51631	51673	258197	258153	3.70e-07	60.2
uvig_544265	MGYG000002992_5	96.970	33	1	0	51625	51657	88377	88409	4.78e-06	56.5
uvig_544265	MGYG000000038_2	100.000	29	0	0	51630	51658	226793	226765	1.72e-05	54.7
uvig_380970	MGYG000000038_22	99.389	5401	24	8	27089	32485	13606	19001	0.0	9782
uvig_380970	MGYG000000038_22	97.754	1514	34	0	25627	27140	87	1600	0.0	2608
uvig_380970	MGYG000000038_11	99.892	2773	3	0	22862	25634	2859	87	0.0	5105
uvig_380970	MGYG000002279_2	93.333	2760	182	2	22874	25632	160708	157950	0.0	4076
uvig_380970	MGYG000002279_2	90.146	2253	217	3	30237	32485	153028	150777	0.0	2926
uvig_380970	MGYG000002279_2	89.635	2084	190	14	25862	27934	157326	155258	0.0	2628
uvig_380970	MGYG000002279_2	86.179	2091	280	8	28020	30105	155201	153115	0.0	2252
uvig_380970	MGYG000002279_2	84.459	148	22	1	25678	25824	139294	139147	5.67e-33	145
uvig_380970	MGYG000002992_40	91.084	2759	242	3	22876	25632	9557	6801	0.0	3729
uvig_380970	MGYG000002992_40	89.710	2274	224	7	30220	32485	2458	187	0.0	2894
uvig_380970	MGYG000002992_40	88.247	2093	222	18	25862	27946	6684	4608	0.0	2481
uvig_380970	MGYG000002992_40	86.364	2090	278	6	28014	30098	4617	2530	0.0	2274
uvig_380970	MGYG000000038_1	90.341	176	17	0	25650	25825	367738	367563	4.23e-59	231
uvig_380970	MGYG000000038_1	84.177	158	22	3	25662	25817	278535	278691	1.22e-34	150
uvig_380970	MGYG000002279_8	86.486	148	19	1	25678	25824	105541	105688	5.63e-38	161
uvig_380970	MGYG000002992_20	83.636	165	25	2	25662	25825	39315	39152	9.41e-36	154
uvig_380970	MGYG000002279_20	84.416	154	23	1	25672	25824	48739	48892	1.22e-34	150
uvig_380970	MGYG000002279_12	83.766	154	24	1	25672	25824	47179	47332	5.67e-33	145
uvig_512687	MGYG000000038_20	99.643	10929	36	3	61636	72563	16952	6026	0.0	19963
uvig_512687	MGYG000000038_20	100.000	243	0	0	72557	72799	5370	5128	2.40e-124	449
uvig_512687	MGYG000002279_1	93.395	1938	128	0	70547	72484	120969	122906	0.0	2870
uvig_512687	MGYG000002279_1	93.220	649	44	0	62307	62955	120212	120860	0.0	955
uvig_512687	MGYG000002279_1	94.141	512	30	0	61636	62147	119656	120167	0.0	780
uvig_512687	MGYG000002279_17	87.848	1794	214	4	64772	66563	3504	5295	0.0	2102
uvig_512687	MGYG000002279_17	91.613	310	26	0	62647	62956	3009	3318	3.13e-118	429
uvig_512687	MGYG000002279_17	94.872	195	10	0	68960	69154	5409	5603	5.51e-81	305
uvig_512687	MGYG000002279_22	83.264	2169	342	18	67003	69156	17848	15686	0.0	1975
uvig_569153	MGYG000000038_15	99.380	6453	26	2	35412	41851	12339	5888	0.0	11683
uvig_569153	MGYG000002992_33	92.682	6477	405	38	35417	41851	13954	7505	0.0	9271
uvig_569153	MGYG000002279_9	91.805	3307	268	3	38546	41851	11115	7811	0.0	4602
uvig_569153	MGYG000002279_9	90.222	3058	272	19	35428	38465	14167	11117	0.0	3965
uvig_234271	MGYG000002279_6	97.576	4373	94	10	1	4365	5232	864	0.0	7478
uvig_234271	MGYG000002279_4	83.781	1153	183	3	4403	5552	139139	140290	0.0	1090
uvig_234271	MGYG000002992_5	83.041	1197	190	12	4404	5592	30711	29520	0.0	1074
uvig_234271	MGYG000002992_15	90.476	84	7	1	12361	12443	66512	66595	4.21e-22	110
uvig_234271	MGYG000002279_21	90.244	82	8	0	12362	12443	48315	48234	1.51e-21	108
uvig_234271	MGYG000000038_3	88.095	84	9	1	12361	12443	251005	250922	9.11e-19	99.0
uvig_234271	MGYG000002992_2	70.779	308	80	9	16030	16331	86262	86565	1.19e-07	62.1
uvig_242870	MGYG000002279_1	96.409	1643	59	0	1	1643	128375	130017	0.0	2708
uvig_242870	MGYG000002992_22	94.343	1644	93	0	1	1644	2596	4239	0.0	2521
uvig_242870	MGYG000000038_12	90.760	1645	150	2	1	1644	45692	44049	0.0	2194
uvig_267308	MGYG000000038_4	99.078	5965	54	1	123686	129650	9717	3754	0.0	10709
uvig_267308	MGYG000000038_4	97.498	2718	65	3	120275	122991	12704	9989	0.0	4639
uvig_267308	MGYG000000038_4	98.383	433	6	1	124804	125236	10577	10146	0.0	760
uvig_267308	MGYG000000038_4	98.152	433	8	0	122402	122834	8599	8167	0.0	756
uvig_267308	MGYG000002279_8	98.452	4845	72	3	124804	129646	76256	71413	0.0	8528
uvig_267308	MGYG000002279_8	95.858	2559	106	0	120276	122834	78382	75824	0.0	4139
uvig_267308	MGYG000002279_8	85.648	216	31	0	10	225	79123	78908	2.19e-57	228
uvig_267308	MGYG000002279_1	87.471	431	50	4	129691	130119	379054	379482	1.96e-137	494
uvig_267308	MGYG000000038_3	86.667	225	30	0	1	225	138317	138541	4.68e-64	250
uvig_267308	MGYG000000038_10	77.528	267	56	4	129855	130119	102345	102081	2.92e-36	158
uvig_267308	MGYG000002992_21	94.030	67	3	1	124746	124812	218	153	4.99e-19	100
uvig_267308	MGYG000002992_38	85.507	69	10	0	130051	130119	3	71	1.09e-10	73.1
uvig_74419	MGYG000002279_10	97.984	1091	22	0	53764	54854	24121	23031	0.0	1893
uvig_74419	MGYG000000038_2	93.633	958	60	1	53897	54854	316929	317885	0.0	1430
uvig_74419	MGYG000002992_23	92.261	982	76	0	53873	54854	27738	28719	0.0	1393
uvig_139607	MGYG000002279_1	98.231	2940	29	4	1	2917	230065	227126	0.0	5120
uvig_139607	MGYG000002279_1	98.182	550	8	2	2921	3470	223281	222734	0.0	959
uvig_139607	MGYG000000038_12	91.172	2900	234	5	19	2917	3569	6447	0.0	3917
uvig_139607	MGYG000000038_12	99.273	550	4	0	2921	3470	10286	10835	0.0	994
uvig_139607	MGYG000002992_11	93.110	1582	109	0	648	2229	3442	1861	0.0	2318
uvig_139607	MGYG000002992_11	93.011	1116	75	3	2357	3470	1692	578	0.0	1626
uvig_139607	MGYG000002992_11	89.233	613	66	0	34	646	4105	3493	0.0	767
uvig_66907	MGYG000000038_2	94.942	1720	85	2	9005	10724	184061	182344	0.0	2693
uvig_66907	MGYG000000038_7	95.789	1045	43	1	6742	7785	133273	134317	0.0	1685
uvig_66907	MGYG000002279_16	96.211	1003	36	2	1	1002	49932	48931	0.0	1640
uvig_66907	MGYG000000038_8	96.215	1004	34	4	1	1002	36047	37048	0.0	1640
ivig_4273	MGYG000002279_5	93.328	2608	174	0	5323	7930	164543	167150	0.0	3853
ivig_4273	MGYG000002279_5	93.496	123	8	0	5122	5244	164378	164500	1.82e-44	183
uvig_489281	MGYG000000038_8	100.000	3540	0	0	1	3540	107411	110950	0.0	6538
uvig_297218	MGYG000002279_10	99.779	3625	8	0	10736	14360	74808	71184	0.0	6650
uvig_297218	MGYG000002279_10	93.705	4305	228	31	79	4364	66131	61851	0.0	6408
uvig_297218	MGYG000002279_10	83.279	305	48	3	1	302	75324	75020	2.36e-73	278
uvig_297218	MGYG000002279_10	99.237	131	1	0	4358	4488	87078	86948	4.01e-61	237
uvig_297218	MGYG000002279_10	96.094	128	4	1	7285	7412	86902	86776	3.15e-52	207
uvig_297218	MGYG000002279_10	89.764	127	10	3	7287	7412	70882	70758	8.93e-38	159
uvig_297218	MGYG000002279_10	83.929	168	14	9	4198	4364	71247	71092	1.93e-34	148
uvig_297218	MGYG000002279_10	98.413	63	0	1	1	62	66248	66186	9.13e-23	110
uvig_297218	MGYG000002279_16	82.565	499	86	1	72	569	18275	18773	1.02e-121	438
ivig_2032	MGYG000002279_10	94.761	4142	168	21	7230	11353	73222	77332	0.0	6401
ivig_2032	MGYG000002279_10	95.735	1360	54	4	12187	13543	85720	87078	0.0	2187
ivig_2032	MGYG000002279_10	81.733	2239	360	43	9038	11245	65918	68138	0.0	1823
ivig_2032	MGYG000002279_10	95.283	636	29	1	11562	12196	78535	79170	0.0	1007
ivig_2032	MGYG000002279_10	89.344	366	28	8	13010	13365	70518	70882	1.90e-124	449
ivig_2032	MGYG000002279_4	82.857	350	52	8	13019	13363	101485	101139	1.21e-81	307
ivig_2032	MGYG000002992_5	80.102	196	30	9	13019	13208	62302	62494	1.68e-30	137
uvig_547777	MGYG000000038_2	99.367	12634	68	5	35903	48536	224360	236981	0.0	22877
uvig_547777	MGYG000002992_16	92.395	6364	443	20	42182	48536	56385	50054	0.0	9033
uvig_547777	MGYG000002992_16	85.448	1821	261	4	39739	41557	58889	57071	0.0	1892
uvig_547777	MGYG000002992_16	86.282	503	45	18	41644	42125	56904	56405	2.59e-147	525
uvig_547777	MGYG000002992_16	85.782	211	27	2	39038	39246	59681	59472	1.37e-55	220
uvig_547777	MGYG000002279_4	88.303	6369	710	34	42186	48536	179863	186214	0.0	7601
uvig_547777	MGYG000002279_4	83.778	1800	292	0	39758	41557	177377	179176	0.0	1707
uvig_547777	MGYG000002279_4	88.492	1373	129	18	38376	39739	175972	177324	0.0	1633
uvig_547777	MGYG000002279_4	80.452	1151	194	16	37038	38178	172719	173848	0.0	850
uvig_547777	MGYG000002279_4	87.635	647	79	1	36352	36997	172071	172717	0.0	750
uvig_547777	MGYG000002279_4	85.626	487	47	17	41644	42110	179342	179825	9.44e-137	490
uvig_547777	MGYG000002279_4	88.356	146	17	0	36060	36205	171935	172080	3.00e-42	176
uvig_547777	MGYG000002992_5	85.286	1903	258	14	36297	38178	4195	2294	0.0	1943
uvig_547777	MGYG000002992_5	91.837	196	16	0	36013	36208	4377	4182	1.04e-71	274
uvig_547777	MGYG000002992_5	100.000	90	0	0	38376	38465	157	68	1.81e-39	167
uvig_547777	MGYG000002992_5	100.000	28	0	0	38310	38337	88409	88382	5.28e-05	52.8
uvig_547777	MGYG000000038_12	95.152	165	4	3	38926	39090	65787	65627	1.04e-66	257
uvig_547777	MGYG000000038_12	100.000	73	0	0	38926	38998	59336	59408	5.10e-30	135
uvig_547777	MGYG000002279_20	94.611	167	5	3	38926	39092	45111	45273	3.75e-66	255
uvig_547777	MGYG000002992_9	92.216	167	0	3	38926	39092	70550	70703	1.06e-56	224
uvig_547777	MGYG000000038_1	96.591	88	2	1	1	87	237204	237117	8.47e-33	145
uvig_547777	MGYG000000038_1	100.000	28	0	0	38310	38337	171076	171049	5.28e-05	52.8
uvig_547777	MGYG000002279_13	96.512	86	3	0	1	86	64083	63998	3.05e-32	143
uvig_547777	MGYG000002992_4	98.701	77	1	0	38506	38582	113195	113271	1.42e-30	137
uvig_547777	MGYG000002279_31	100.000	73	0	0	38506	38578	744	672	5.10e-30	135
uvig_547777	MGYG000002279_22	100.000	73	0	0	38926	38998	32958	33030	5.10e-30	135
uvig_547777	MGYG000000038_16	98.684	76	1	0	38506	38581	746	671	5.10e-30	135
uvig_547777	MGYG000002992_45	100.000	49	0	0	38926	38974	11273	11321	1.12e-16	91.6
uvig_547777	MGYG000000038_3	94.545	55	3	0	35961	36015	76805	76751	5.21e-15	86.1
uvig_547777	MGYG000000038_3	92.683	41	1	2	38307	38345	258168	258208	1.13e-06	58.4
uvig_547777	MGYG000002992_3	78.400	125	26	1	9086	9210	92252	92375	2.42e-13	80.5
uvig_547777	MGYG000002992_3	92.453	53	4	0	14296	14348	97387	97439	3.13e-12	76.8
uvig_547777	MGYG000002992_3	100.000	38	0	0	82	119	83584	83621	1.46e-10	71.3
uvig_547777	MGYG000002992_30	92.683	41	3	0	38304	38344	31154	31194	3.15e-07	60.2
uvig_547777	MGYG000002992_14	97.059	34	1	0	38304	38337	48855	48888	1.13e-06	58.4
uvig_547777	MGYG000002279_1	100.000	29	0	0	38309	38337	294721	294693	1.47e-05	54.7
uvig_547777	MGYG000000038_4	100.000	29	0	0	38309	38337	123238	123266	1.47e-05	54.7
uvig_432057	MGYG000002992_16	80.786	2113	378	24	5623	7721	53688	55786	0.0	1628
uvig_432057	MGYG000000038_2	79.688	2112	408	21	5621	7722	233342	231242	0.0	1504
uvig_432057	MGYG000002279_4	79.216	2117	407	30	5621	7721	182576	180477	0.0	1441
uvig_432057	MGYG000002279_4	80.400	1000	179	15	4427	5421	183672	182685	0.0	745
uvig_499273	MGYG000000038_10	99.378	14480	88	1	36934	51413	87773	102250	0.0	26240
uvig_499273	MGYG000000038_10	99.668	1508	5	0	1	1508	86280	87787	0.0	2758
uvig_499273	MGYG000000038_10	88.636	88	10	0	1	88	82793	82880	1.18e-21	108
uvig_499273	MGYG000000038_10	97.561	41	1	0	13	53	79021	79061	1.54e-10	71.3
uvig_499273	MGYG000002279_1	83.950	12785	1948	82	38673	51411	392041	379315	0.0	12146
uvig_499273	MGYG000002279_1	85.768	267	38	0	38278	38544	392382	392116	1.82e-74	283
uvig_499273	MGYG000002992_38	88.496	5833	664	7	45486	51314	5830	1	0.0	7047
uvig_499273	MGYG000002992_38	81.630	6897	1200	55	38616	45477	12775	5911	0.0	5655
uvig_499273	MGYG000002992_38	88.930	271	29	1	38278	38548	13062	12793	1.78e-89	333
uvig_499273	MGYG000000038_4	92.053	151	12	0	51263	51413	39929	40079	2.42e-53	213
uvig_192543	MGYG000000038_3	90.099	101	10	0	12490	12590	302315	302215	8.47e-29	132
uvig_199461	MGYG000000038_3	99.606	10161	40	0	1	10161	224153	234313	0.0	18543
uvig_199461	MGYG000002279_21	93.448	4991	313	7	1	4986	22654	27635	0.0	7393
uvig_199461	MGYG000002279_21	91.652	5115	409	15	5043	10147	27652	32758	0.0	7064
uvig_199461	MGYG000002992_34	80.013	1521	291	13	8634	10147	10636	12150	0.0	1112
uvig_515573	MGYG000002279_16	94.701	6662	331	18	61483	68129	22730	16076	0.0	10327
uvig_515573	MGYG000002279_10	81.836	523	88	7	65409	65928	65618	66136	2.44e-119	433
uvig_515573	MGYG000002279_10	83.673	245	40	0	65684	65928	75004	75248	9.56e-59	231
uvig_489558	MGYG000000038_17	99.492	4131	18	2	18833	22961	30811	34940	0.0	7509
uvig_489558	MGYG000000038_17	99.268	4096	30	0	14699	18794	26717	30812	0.0	7398
uvig_489558	MGYG000002279_12	94.016	4094	239	6	14701	18791	26615	30705	0.0	6198
uvig_489558	MGYG000002279_12	90.095	2948	283	9	20016	22961	31904	34844	0.0	3818
uvig_489558	MGYG000002279_12	97.351	302	7	1	18832	19133	30706	31006	9.54e-144	512
uvig_489558	MGYG000002279_12	90.032	311	29	2	19389	19698	31257	31566	2.15e-110	401
uvig_489558	MGYG000002279_12	93.467	199	13	0	19157	19355	31061	31259	1.05e-78	296
uvig_489558	MGYG000002992_4	90.567	2947	274	4	20016	22961	48824	51767	0.0	3899
uvig_489558	MGYG000002992_4	96.367	1514	55	0	17278	18791	30662	32175	0.0	2492
uvig_489558	MGYG000002992_4	86.540	1367	177	7	15829	17193	28376	29737	0.0	1498
uvig_489558	MGYG000002992_4	82.396	1102	190	4	14699	15798	27134	28233	0.0	957
uvig_489558	MGYG000002992_4	91.529	543	44	2	19157	19698	47913	48454	0.0	747
uvig_489558	MGYG000002992_4	97.288	295	7	1	18832	19126	32176	32469	7.42e-140	499
uvig_489558	MGYG000002992_4	85.321	218	32	0	19788	20005	48565	48782	1.39e-57	226
uvig_74312	MGYG000000038_24	100.000	339	0	0	1	339	10817	11155	1.06e-177	627
uvig_74312	MGYG000002279_3	98.953	191	0	2	151	339	25612	25802	1.55e-91	340
uvig_74312	MGYG000002279_3	100.000	99	0	0	1	99	25522	25620	2.76e-44	183
uvig_74312	MGYG000000038_1	95.954	173	7	0	6244	6416	224200	224372	9.51e-74	281
uvig_401104	MGYG000002279_32	92.357	157	11	1	1	157	2894	3049	6.65e-56	222
uvig_401104	MGYG000000038_31	91.724	145	11	1	13	157	6119	5976	3.12e-49	200
uvig_401104	MGYG000000038_2	91.608	143	11	1	15	157	378707	378566	4.03e-48	196
uvig_401104	MGYG000000038_38	94.495	109	5	1	1	109	108	1	3.16e-39	167
uvig_174377	MGYG000002279_25	99.087	219	2	0	2640	2858	3294	3076	1.60e-108	394
uvig_174377	MGYG000002279_12	96.970	231	6	1	2640	2870	47343	47114	2.67e-106	387
uvig_174377	MGYG000002279_11	98.624	218	3	0	2640	2857	41860	41643	2.67e-106	387
uvig_174377	MGYG000002279_5	97.778	225	4	1	2640	2863	138024	138248	2.67e-106	387
uvig_174377	MGYG000002279_5	98.182	220	4	0	2640	2859	54106	54325	9.61e-106	385
uvig_174377	MGYG000002279_5	95.413	218	10	0	2640	2857	124196	124413	1.26e-94	348
uvig_174377	MGYG000002279_2	98.182	220	4	0	2640	2859	139136	139355	9.61e-106	385
uvig_174377	MGYG000002279_2	98.165	218	4	0	2640	2857	157545	157328	1.24e-104	381
uvig_174377	MGYG000002279_7	96.943	229	6	1	2640	2867	81468	81240	3.46e-105	383
uvig_174377	MGYG000002279_8	98.165	218	4	0	2640	2857	105699	105482	1.24e-104	381
uvig_174377	MGYG000002279_8	95.575	226	9	1	2640	2864	69550	69775	1.62e-98	361
uvig_174377	MGYG000002279_8	96.875	64	1	1	2801	2864	1	63	8.38e-22	106
uvig_174377	MGYG000002279_4	97.738	221	5	0	2640	2860	98740	98520	1.24e-104	381
uvig_174377	MGYG000002279_4	96.396	222	7	1	2640	2860	7462	7683	1.25e-99	364
uvig_174377	MGYG000002279_4	93.443	61	3	1	2801	2860	95703	95643	8.44e-17	89.8
uvig_174377	MGYG000002279_3	96.916	227	6	1	2640	2865	170257	170031	4.47e-104	379
uvig_174377	MGYG000002279_27	97.717	219	5	0	2640	2858	5493	5711	1.61e-103	377
uvig_174377	MGYG000002279_20	96.491	228	7	1	2640	2867	48903	48677	5.79e-103	375
uvig_174377	MGYG000002279_21	99.451	182	1	0	2805	2986	48455	48274	1.27e-89	331
uvig_174377	MGYG000002279_1	97.409	193	5	0	2671	2863	307077	306885	4.57e-89	329
uvig_174377	MGYG000002992_20	87.850	214	22	4	2640	2852	39142	39352	1.32e-64	248
uvig_174377	MGYG000002992_18	87.440	207	21	5	2647	2852	41278	41480	3.68e-60	233
uvig_174377	MGYG000000038_1	86.449	214	25	4	2647	2859	278701	278491	1.33e-59	231
uvig_174377	MGYG000000038_1	85.321	218	28	4	2647	2863	367560	367774	7.98e-57	222
uvig_174377	MGYG000002992_6	85.417	192	25	3	2640	2831	57520	57708	4.83e-49	196
uvig_174377	MGYG000002279_15	98.246	57	1	0	2801	2857	67833	67777	3.90e-20	100
uvig_174377	MGYG000000038_13	93.617	47	2	1	2812	2857	37002	37048	1.10e-10	69.4
uvig_121436	MGYG000000038_29	90.000	300	29	1	24058	24357	5251	4953	6.42e-106	387
uvig_121436	MGYG000000038_29	91.011	89	7	1	20790	20878	8336	8249	2.59e-25	119
uvig_121436	MGYG000000038_3	89.000	300	33	0	24058	24357	302315	302016	1.80e-101	372
uvig_121436	MGYG000002279_17	87.255	306	39	0	24052	24357	6644	6949	8.43e-95	350
uvig_121436	MGYG000002279_32	93.064	173	9	3	1	173	2880	3049	8.79e-65	250
uvig_121436	MGYG000000038_2	91.724	145	9	3	29	173	378707	378566	3.23e-49	198
uvig_121436	MGYG000000038_2	94.366	71	2	2	841	910	227039	226970	5.60e-22	108
uvig_121436	MGYG000000038_2	96.226	53	2	0	19506	19558	227022	226970	7.29e-16	87.9
uvig_121436	MGYG000000038_38	94.400	125	4	3	1	125	122	1	1.94e-46	189
uvig_121436	MGYG000000038_31	89.116	147	13	3	27	173	6119	5976	1.17e-43	180
uvig_121436	MGYG000002279_31	81.395	258	12	9	689	910	479	736	4.21e-43	178
uvig_121436	MGYG000002279_31	82.673	202	26	8	252	450	72	267	7.04e-41	171
uvig_121436	MGYG000002279_31	93.243	74	5	0	454	527	381	454	1.56e-22	110
uvig_121436	MGYG000002279_31	96.226	53	2	0	19506	19558	684	736	7.29e-16	87.9
uvig_121436	MGYG000000038_16	80.934	257	14	7	689	910	482	738	7.04e-41	171
uvig_121436	MGYG000000038_16	93.671	79	5	0	252	330	111	189	2.59e-25	119
uvig_121436	MGYG000000038_16	92.405	79	6	0	372	450	191	269	1.20e-23	113
uvig_121436	MGYG000000038_16	93.243	74	5	0	454	527	384	457	1.56e-22	110
uvig_121436	MGYG000000038_16	96.226	53	2	0	19506	19558	686	738	7.29e-16	87.9
uvig_121436	MGYG000002279_18	82.500	200	26	8	253	449	33233	33426	9.11e-40	167
uvig_121436	MGYG000002279_18	93.333	75	5	0	453	527	33055	33129	4.33e-23	111
uvig_121436	MGYG000000038_7	82.266	203	27	7	250	449	32894	33090	9.11e-40	167
uvig_121436	MGYG000000038_7	93.333	75	5	0	453	527	32720	32794	4.33e-23	111
uvig_121436	MGYG000002279_5	92.208	77	6	0	373	449	79790	79866	1.56e-22	110
uvig_121436	MGYG000000038_27	89.535	86	9	0	20718	20803	14366	14451	1.56e-22	110
uvig_121436	MGYG000000038_1	92.208	77	6	0	373	449	278926	279002	1.56e-22	110
uvig_121436	MGYG000002279_4	90.476	84	4	4	841	922	176183	176102	5.60e-22	108
uvig_121436	MGYG000002279_4	96.226	53	2	0	19506	19558	176166	176114	7.29e-16	87.9
uvig_121436	MGYG000002992_4	92.000	75	3	3	847	919	113267	113194	2.61e-20	102
uvig_121436	MGYG000002992_4	88.158	76	5	4	19506	19580	113255	113183	7.29e-16	87.9
uvig_121436	MGYG000002992_31	94.828	58	3	0	373	430	58	1	5.64e-17	91.6
uvig_548859	MGYG000002992_34	78.991	1804	341	36	12336	14121	24057	25840	0.0	1197
uvig_548859	MGYG000002992_34	83.402	729	115	6	15028	15753	26170	26895	0.0	671
uvig_548859	MGYG000002992_34	73.858	1729	366	69	10450	12131	22142	23831	1.05e-172	610
uvig_548859	MGYG000002992_34	82.336	702	113	11	15753	16449	26922	27617	2.26e-169	599
uvig_548859	MGYG000002992_34	86.246	349	40	8	1177	1522	15016	15359	5.37e-101	372
uvig_548859	MGYG000000038_3	78.456	1801	356	30	12336	14121	247118	248901	0.0	1147
uvig_548859	MGYG000000038_3	83.752	1034	151	15	15753	16778	249976	251000	0.0	963
uvig_548859	MGYG000000038_3	83.402	729	115	6	15028	15753	249224	249949	0.0	671
uvig_548859	MGYG000000038_3	86.494	348	41	5	1177	1522	236954	237297	1.15e-102	377
uvig_548859	MGYG000002279_21	78.401	1801	357	30	12336	14121	44430	46213	0.0	1142
uvig_548859	MGYG000002279_21	83.849	1034	150	15	15753	16778	47288	48312	0.0	968
uvig_548859	MGYG000002279_21	74.415	2306	498	66	5229	7505	38306	40548	0.0	905
uvig_548859	MGYG000002279_21	83.128	729	117	6	15028	15753	46536	47261	0.0	660
uvig_548859	MGYG000002279_21	86.571	350	37	10	1177	1522	35538	35881	1.15e-102	377
uvig_548859	MGYG000002992_15	88.846	260	29	0	16519	16778	66776	66517	1.97e-85	320
ivig_1295	MGYG000002279_10	96.779	4160	116	15	33226	37377	85730	81581	0.0	6924
uvig_429537	MGYG000002279_1	98.684	152	2	0	75613	75764	211601	211752	2.09e-70	270
uvig_429537	MGYG000002279_1	100.000	82	0	0	73856	73937	211524	211605	7.90e-35	152
uvig_429537	MGYG000002279_1	96.104	77	2	1	73856	73932	218155	218230	1.72e-26	124
ivig_1929	MGYG000002279_15	97.876	3201	68	0	4241	7441	26484	23284	0.0	5535
ivig_1929	MGYG000000038_1	93.865	163	9	1	1	163	225463	225302	1.45e-62	244
uvig_70434	MGYG000000038_1	94.595	37	0	2	25442	25477	377808	377843	6.58e-06	56.5
ivig_2065	MGYG000002279_32	89.133	3000	279	43	2224	5195	3070	90	0.0	3690
ivig_2065	MGYG000002279_17	92.243	1547	107	12	6095	7635	61064	59525	0.0	2180
ivig_2065	MGYG000000038_10	92.449	1470	104	7	6063	7528	29	1495	0.0	2093
ivig_2065	MGYG000000038_38	92.988	1312	74	16	2293	3595	2	1304	0.0	1897
ivig_2065	MGYG000000038_37	87.993	1216	131	14	3932	5137	1361	151	0.0	1423
ivig_2065	MGYG000000038_39	85.112	806	103	16	4354	5148	1	800	0.0	808
ivig_2065	MGYG000000038_40	83.099	355	38	13	5834	6182	339	1	1.19e-80	303
ivig_2065	MGYG000000038_31	89.820	167	13	3	2224	2388	5955	6119	7.41e-53	211
ivig_2065	MGYG000000038_2	88.485	165	15	3	2224	2386	378545	378707	2.08e-48	196
ivig_2065	MGYG000002279_1	86.538	156	17	4	7474	7627	468146	467993	4.52e-40	169
ivig_2065	MGYG000002279_54	80.162	247	29	13	5909	6153	229	1	1.63e-39	167
ivig_2065	MGYG000002279_9	97.778	90	2	0	7984	8073	324	413	3.52e-36	156
ivig_2065	MGYG000000038_15	97.778	90	2	0	7984	8073	406	495	3.52e-36	156
ivig_2065	MGYG000000038_7	79.167	216	22	18	1322	1534	33093	32898	7.68e-28	128
ivig_2065	MGYG000000038_7	94.937	79	3	1	1572	1650	32893	32816	3.57e-26	122
ivig_2065	MGYG000002279_18	94.937	79	3	1	1572	1650	33228	33151	3.57e-26	122
ivig_2065	MGYG000002279_18	78.704	216	23	18	1322	1534	33429	33234	3.57e-26	122
ivig_2065	MGYG000002279_31	78.404	213	23	18	1325	1534	266	74	1.66e-24	117
ivig_2065	MGYG000002279_5	92.105	76	6	0	1325	1400	79866	79791	1.00e-21	108
ivig_2065	MGYG000000038_16	92.105	76	6	0	1325	1400	268	193	1.00e-21	108
ivig_2065	MGYG000000038_16	87.179	78	10	0	1457	1534	190	113	3.62e-16	89.8
ivig_2065	MGYG000000038_1	92.105	76	6	0	1325	1400	279002	278927	1.00e-21	108
ivig_2065	MGYG000002992_4	96.825	63	0	1	7573	7635	1	61	1.29e-20	104
ivig_2065	MGYG000002279_55	82.645	121	18	3	5909	6028	222	104	1.29e-20	104
ivig_2065	MGYG000002279_4	86.022	93	11	2	7983	8073	347	439	6.02e-19	99.0
ivig_2065	MGYG000000038_6	86.022	93	11	2	7983	8073	173429	173337	6.02e-19	99.0
ivig_2065	MGYG000002992_33	98.077	52	1	0	8022	8073	1	52	1.01e-16	91.6
ivig_2065	MGYG000002992_31	94.737	57	3	0	1344	1400	1	57	3.62e-16	89.8
uvig_554459	MGYG000002279_1	90.164	61	4	2	75250	75309	178896	178955	1.35e-12	78.7
uvig_311200	MGYG000002279_20	100.000	29	0	0	63028	63056	30513	30541	2.08e-05	54.7
uvig_142179	MGYG000002279_17	82.186	1336	191	32	577	1902	61063	59765	0.0	1105
uvig_142179	MGYG000000038_10	82.063	1338	195	30	574	1902	59	1360	0.0	1099
uvig_142179	MGYG000000038_40	95.122	82	4	0	577	658	87	6	3.96e-28	130
uvig_142179	MGYG000002279_54	96.774	62	1	1	574	634	62	1	8.64e-20	102
uvig_417742	MGYG000000038_24	77.582	1762	337	48	99364	101090	17814	16076	0.0	1013
uvig_417742	MGYG000002992_18	74.168	2524	591	55	92355	94846	28789	26295	0.0	992
uvig_417742	MGYG000002279_25	74.103	2537	590	61	92355	94856	15815	18319	0.0	983
uvig_417742	MGYG000002279_3	76.784	1766	344	53	99364	101090	37655	35917	0.0	929
uvig_417742	MGYG000002279_3	75.389	386	89	6	98877	99259	38212	37830	1.34e-43	182
uvig_417742	MGYG000002279_3	78.218	202	38	3	100892	101090	26529	26331	2.30e-26	124
uvig_417742	MGYG000002992_2	77.537	1567	308	38	99364	100908	1598	54	0.0	904
uvig_417742	MGYG000002992_2	75.648	386	88	6	98877	99259	2147	1765	2.89e-45	187
uvig_417742	MGYG000002279_12	73.489	513	123	12	81558	82062	20513	20006	1.34e-43	182
uvig_440494	MGYG000002992_4	73.222	2700	651	65	51214	53880	51576	48916	0.0	915
uvig_440494	MGYG000002992_4	83.333	96	16	0	50844	50939	51902	51807	4.49e-16	89.8
uvig_440494	MGYG000002279_12	73.262	2704	642	75	51214	53880	34653	31994	0.0	913
uvig_440494	MGYG000000038_3	71.795	780	180	34	6561	7320	218682	219441	5.57e-45	185
uvig_333967	MGYG000002279_5	77.246	1358	257	37	26138	27481	78268	79587	0.0	749
uvig_333967	MGYG000000038_29	89.394	198	21	0	1	198	8270	8467	3.90e-64	250
uvig_333967	MGYG000000038_3	87.500	200	23	2	5	203	310215	310413	5.08e-58	230
uvig_46447	MGYG000002279_4	88.312	77	9	0	170	246	176414	176490	3.38e-17	93.5
uvig_46447	MGYG000000038_2	88.312	77	9	0	170	246	227270	227346	3.38e-17	93.5
uvig_254322	MGYG000002279_3	78.148	540	106	10	13716	14249	18545	18012	2.73e-89	333
uvig_221243	MGYG000000038_1	78.971	447	89	5	7983	8427	243011	242568	2.80e-79	300
uvig_221243	MGYG000000038_1	74.144	584	124	23	7371	7942	219559	218991	2.90e-54	217
uvig_221243	MGYG000002279_10	73.575	579	122	27	7371	7935	77900	77339	4.89e-47	193
uvig_221243	MGYG000002279_13	75.078	321	69	8	7608	7925	73038	72726	6.46e-31	139
uvig_221243	MGYG000002279_22	75.704	284	64	4	7608	7889	3529	3809	2.32e-30	137
uvig_289292	MGYG000002992_11	77.922	385	75	10	43625	44004	53951	54330	6.33e-59	231
uvig_289292	MGYG000000038_23	76.777	422	92	6	43586	44004	2110	2528	6.33e-59	231
uvig_289292	MGYG000002279_11	83.621	116	13	6	48507	48617	22765	22651	1.44e-20	104
uvig_289292	MGYG000002992_35	96.364	55	0	2	46955	47009	63	115	4.03e-16	89.8
uvig_397665	MGYG000002279_1	94.137	5441	303	13	23915	29345	178482	183916	0.0	8266
uvig_397665	MGYG000002279_1	89.638	3754	323	38	18265	21992	173249	176962	0.0	4717
uvig_397665	MGYG000002279_1	81.954	1474	250	14	22360	23826	176977	178441	0.0	1234
uvig_397665	MGYG000002279_1	89.431	246	20	4	29660	29902	184234	184476	2.26e-81	305
uvig_397665	MGYG000002992_41	89.231	455	35	4	18272	18713	454	1	5.65e-157	556
uvig_371332	MGYG000000038_24	99.297	4411	31	0	8683	13093	6488	10898	0.0	7974
uvig_371332	MGYG000000038_24	84.875	2043	270	31	16098	18122	15610	17631	0.0	2025
uvig_371332	MGYG000000038_24	97.396	192	5	0	14947	15138	14380	14571	1.49e-87	327
uvig_371332	MGYG000000038_24	81.641	256	39	8	8394	8648	15807	16055	7.29e-51	206
uvig_371332	MGYG000002279_3	98.889	4411	49	0	8683	13093	21193	25603	0.0	7875
uvig_371332	MGYG000002279_3	88.564	1198	135	2	1602	2798	18011	19207	0.0	1452
uvig_371332	MGYG000002279_3	75.659	2087	414	72	16298	18334	35642	37684	0.0	953
uvig_371332	MGYG000002279_3	87.912	182	22	0	8404	8585	35652	35833	1.21e-53	215
uvig_371332	MGYG000002992_2	78.756	1431	272	27	16708	18122	1	1415	0.0	929
uvig_371332	MGYG000002992_2	76.042	960	202	27	22367	23312	5795	6740	1.81e-131	473
uvig_65017	MGYG000002279_4	88.312	77	9	0	43694	43770	176414	176490	5.43e-17	93.5
uvig_65017	MGYG000000038_2	88.312	77	9	0	43694	43770	227270	227346	5.43e-17	93.5
uvig_12908	MGYG000002279_32	76.830	2978	525	121	109	3010	160	3048	0.0	1524
uvig_12908	MGYG000000038_38	81.235	1263	183	33	1714	2963	1222	1	0.0	970
uvig_12908	MGYG000002279_21	80.412	194	25	11	60707	60892	35578	35766	8.36e-30	135
uvig_12908	MGYG000002992_34	79.897	194	26	11	60707	60892	15056	15244	3.89e-28	130
uvig_12908	MGYG000000038_3	79.381	194	27	11	60707	60892	236994	237182	1.81e-26	124
uvig_1437	MGYG000002279_11	96.107	3442	132	2	43402	46842	3496	56	0.0	5613
uvig_1437	MGYG000002279_17	92.784	2328	159	6	46841	49163	51	2374	0.0	3360
uvig_1437	MGYG000002279_17	86.803	538	63	8	51216	51749	6630	7163	7.98e-168	593
uvig_1437	MGYG000000038_24	82.034	3117	522	37	43422	46521	3096	1	0.0	2619
uvig_1437	MGYG000000038_29	84.467	1352	192	17	45270	46613	12088	10747	0.0	1317
uvig_1437	MGYG000000038_29	79.198	1745	319	37	46702	48424	10706	8984	0.0	1171
uvig_1437	MGYG000000038_29	85.660	523	65	9	51221	51739	5266	4750	2.93e-152	542
uvig_1437	MGYG000000038_27	80.118	1700	310	25	43430	45115	14386	16071	0.0	1242
uvig_1437	MGYG000000038_3	79.277	1742	323	34	46702	48424	312647	310925	0.0	1182
uvig_1437	MGYG000000038_3	84.139	517	73	8	51227	51739	302324	301813	2.99e-137	492
uvig_1437	MGYG000002279_4	90.614	277	16	7	11203	11478	176678	176411	3.17e-97	359
uvig_1437	MGYG000002279_4	89.855	138	13	1	8103	8240	179828	179692	3.43e-42	176
uvig_1437	MGYG000002279_4	85.475	179	4	6	11604	11782	176262	176106	2.06e-39	167
uvig_1437	MGYG000002279_4	94.681	94	5	0	11478	11571	176351	176258	2.69e-33	147
uvig_1437	MGYG000002279_4	90.244	82	5	3	11922	12001	176053	175973	1.64e-20	104
uvig_1437	MGYG000000038_2	90.614	277	17	6	11203	11478	227535	227267	3.17e-97	359
uvig_1437	MGYG000000038_2	91.429	140	11	1	8102	8241	230559	230421	1.22e-46	191
uvig_1437	MGYG000000038_2	85.556	180	4	6	11603	11782	227119	226962	5.73e-40	169
uvig_1437	MGYG000000038_2	95.652	92	3	1	11478	11568	227207	227116	2.69e-33	147
uvig_1437	MGYG000000038_2	87.209	86	8	3	11918	12001	226917	226833	9.87e-18	95.3
uvig_1437	MGYG000002992_9	96.835	158	1	2	11203	11359	70701	70547	9.19e-68	261
uvig_1437	MGYG000002279_20	94.512	164	2	4	11203	11359	45271	45108	2.57e-63	246
uvig_1437	MGYG000000038_12	93.529	170	4	4	11197	11359	65621	65790	2.57e-63	246
uvig_1437	MGYG000000038_12	100.000	75	0	0	11285	11359	59407	59333	4.49e-31	139
uvig_1437	MGYG000002992_16	89.781	137	13	1	8103	8239	56417	56552	1.23e-41	174
uvig_1437	MGYG000002992_16	100.000	53	0	0	11203	11255	59629	59681	7.63e-19	99.0
uvig_1437	MGYG000002992_22	92.241	116	7	2	43401	43515	115	1	2.67e-38	163
uvig_1437	MGYG000002279_22	100.000	75	0	0	11285	11359	33029	32955	4.49e-31	139
uvig_1437	MGYG000002279_31	98.684	76	1	0	11707	11782	669	744	5.81e-30	135
uvig_1437	MGYG000002992_4	96.296	81	1	2	11709	11789	113268	113190	7.52e-29	132
uvig_1437	MGYG000000038_16	98.649	74	1	0	11709	11782	673	746	7.52e-29	132
uvig_1437	MGYG000002992_3	92.405	79	4	2	55165	55242	99672	99595	9.80e-23	111
uvig_1437	MGYG000002992_3	100.000	33	0	0	29913	29945	103896	103864	1.00e-07	62.1
uvig_1437	MGYG000002992_45	100.000	52	0	0	11308	11359	11321	11270	2.74e-18	97.1
uvig_1437	MGYG000002992_5	87.209	86	8	3	11918	12001	72	156	9.87e-18	95.3
uvig_1437	MGYG000002992_13	88.235	68	5	1	7904	7968	36541	36474	9.94e-13	78.7
uvig_1437	MGYG000000038_7	83.721	86	9	5	7880	7962	80326	80409	3.57e-12	76.8
uvig_1437	MGYG000002279_1	88.710	62	4	1	7904	7962	90657	90718	4.62e-11	73.1
uvig_143752	MGYG000002279_15	89.109	303	32	1	51159	51460	27120	26818	2.97e-102	375
uvig_143753	MGYG000002992_25	83.188	458	75	2	3050	3506	40791	40335	4.07e-115	418
uvig_255432	MGYG000002992_2	77.692	1170	229	27	961	2114	28166	27013	0.0	686
uvig_255432	MGYG000002279_3	77.521	1170	231	27	961	2114	48635	47482	0.0	675
uvig_255432	MGYG000000038_5	77.284	1171	232	29	961	2114	3572	2419	0.0	658
uvig_334996	MGYG000000038_1	94.869	2670	135	2	66189	68857	218953	221621	0.0	4170
uvig_334996	MGYG000000038_1	91.311	702	61	0	64151	64852	216916	217617	0.0	959
uvig_334996	MGYG000002279_10	89.608	587	60	1	66234	66819	77339	77925	0.0	745
uvig_334996	MGYG000002992_7	75.356	1124	253	23	1010	2121	2065	954	1.71e-145	520
uvig_334996	MGYG000002279_15	90.494	263	14	5	1594	1856	12471	12220	1.85e-90	337
uvig_334996	MGYG000002279_8	75.669	411	90	8	54504	54910	71864	71460	3.27e-48	196
uvig_334996	MGYG000002279_13	74.839	465	95	19	66232	66684	72710	73164	1.52e-46	191
uvig_334996	MGYG000000038_4	75.426	411	91	8	54504	54910	4207	3803	1.52e-46	191
uvig_334996	MGYG000002279_22	79.225	284	43	11	66231	66505	3858	3582	2.55e-44	183
uvig_419154	MGYG000000038_2	81.726	1576	278	10	7315	8885	339328	340898	0.0	1306
uvig_494327	MGYG000000038_4	95.985	1868	43	16	56304	58147	47853	45994	0.0	3005
uvig_494327	MGYG000002279_1	86.646	1932	217	21	56252	58147	18704	20630	0.0	2100
uvig_494327	MGYG000000038_14	77.670	103	21	2	53904	54005	11752	11853	1.05e-07	62.1
uvig_494327	MGYG000002279_6	84.127	63	8	2	53913	53974	103481	103542	3.78e-07	60.2
uvig_144832	MGYG000002279_7	79.364	1100	219	8	50007	51102	13074	11979	0.0	767
uvig_354682	MGYG000002279_1	82.143	1764	288	23	2407	4158	67946	66198	0.0	1487
uvig_354682	MGYG000000038_15	81.818	1760	298	18	2409	4158	36575	34828	0.0	1458
uvig_83128	MGYG000002279_21	80.412	194	25	11	45385	45570	35578	35766	4.81e-30	135
uvig_83128	MGYG000002992_34	79.897	194	26	11	45385	45570	15056	15244	2.24e-28	130
uvig_83128	MGYG000000038_3	79.381	194	27	11	45385	45570	236994	237182	1.04e-26	124
uvig_159024	MGYG000000038_1	99.181	11353	87	4	7374	18723	322113	333462	0.0	20445
uvig_159024	MGYG000000038_1	97.384	5964	124	19	236	6190	316174	322114	0.0	10120
uvig_159024	MGYG000000038_1	97.383	2866	70	5	30213	33076	333517	336379	0.0	4872
uvig_159024	MGYG000000038_1	93.860	114	7	0	1	114	316085	316198	2.68e-41	172
uvig_400017	MGYG000000038_4	84.149	1634	252	7	74600	76229	148657	150287	0.0	1576
uvig_400017	MGYG000002279_1	83.938	1625	253	8	74609	76229	270100	268480	0.0	1548
uvig_134183	MGYG000002279_2	97.390	11033	258	28	291	11308	25538	14521	0.0	18752
uvig_134183	MGYG000002279_2	77.072	724	154	11	4576	5293	35875	35158	5.20e-112	407
uvig_561074	MGYG000000038_3	77.651	2197	433	51	94131	96301	206544	208708	0.0	1284
uvig_561074	MGYG000000038_3	100.000	29	0	0	40960	40988	123519	123547	6.36e-05	54.7
uvig_561074	MGYG000002279_21	77.070	2198	449	50	94130	96301	5192	7360	0.0	1216
uvig_561074	MGYG000002279_26	73.408	1508	369	29	80920	82411	1984	493	1.86e-149	534
uvig_561074	MGYG000002992_10	78.523	731	127	17	35712	36436	47732	47026	5.36e-125	453
uvig_561074	MGYG000002992_19	100.000	29	0	0	40960	40988	37366	37394	6.36e-05	54.7
ivig_2008	MGYG000002279_2	91.337	1974	155	13	1	1966	29277	27312	0.0	2684
ivig_2008	MGYG000002279_1	84.000	125	20	0	404	528	61590	61466	1.77e-25	121
ivig_2008	MGYG000000038_15	83.200	125	21	0	404	528	30220	30096	8.22e-24	115
