ivig_2065	MGYG000002445_9	99.546	2643	12	0	2502	5144	1	2643	0.0	4830
ivig_2065	MGYG000002483_32	94.248	3060	141	30	2236	5279	5066	2026	0.0	4643
ivig_2065	MGYG000002483_32	95.133	1541	71	4	6094	7632	1539	1	0.0	2427
ivig_2065	MGYG000001367_18	93.927	3079	149	36	2211	5276	5941	2888	0.0	4615
ivig_2065	MGYG000001367_18	93.913	1988	89	18	5834	7793	1984	1	0.0	2972
ivig_2065	MGYG000001367_18	98.780	82	1	0	1662	1743	6141	6060	5.51e-33	147
ivig_2065	MGYG000001367_18	93.478	92	2	2	5834	5924	2442	2354	4.29e-29	134
ivig_2065	MGYG000002445_4	99.687	1917	6	0	1	1917	2458	542	0.0	3507
ivig_2065	MGYG000002445_4	95.798	476	13	3	2045	2514	475	1	0.0	761
ivig_2065	MGYG000002445_4	97.183	71	2	0	2045	2115	248204	248134	3.34e-25	121
ivig_2065	MGYG000002445_4	91.304	69	6	0	2047	2115	1480	1412	2.02e-17	95.3
ivig_2065	MGYG000002445_4	100.000	30	0	0	1000	1029	107229	107258	9.54e-06	56.5
ivig_2065	MGYG000002445_12	99.539	1520	7	0	5898	7417	1	1520	0.0	2769
ivig_2065	MGYG000002445_12	100.000	40	0	0	5647	5686	1	40	2.64e-11	75.0
ivig_2065	MGYG000002445_2	99.044	1046	10	0	7145	8190	884797	883752	0.0	1877
ivig_2065	MGYG000002445_2	96.094	640	16	8	7232	7867	1	635	0.0	1035
ivig_2065	MGYG000002445_2	92.366	131	10	0	782	912	293507	293637	3.24e-45	187
ivig_2065	MGYG000002445_2	92.366	131	10	0	782	912	331347	331477	3.24e-45	187
ivig_2065	MGYG000002445_2	86.260	131	17	1	782	912	644792	644921	2.56e-31	141
ivig_2065	MGYG000002445_2	84.733	131	17	3	920	1048	289734	289863	1.99e-27	128
ivig_2065	MGYG000002445_2	96.154	78	2	1	1323	1399	44844	44767	7.17e-27	126
ivig_2065	MGYG000002445_2	96.104	77	2	1	1323	1398	44671	44595	2.58e-26	124
ivig_2065	MGYG000002445_2	97.222	72	2	0	2042	2113	136248	136319	9.28e-26	122
ivig_2065	MGYG000002445_2	90.667	75	7	0	2042	2116	575078	575152	4.35e-19	100
ivig_2065	MGYG000002445_2	96.078	51	2	0	862	912	730767	730817	4.38e-14	84.2
ivig_2065	MGYG000002445_2	97.826	46	1	0	1000	1045	136319	136274	5.66e-13	80.5
ivig_2065	MGYG000002445_2	93.478	46	3	0	1000	1045	287995	287950	1.23e-09	69.4
ivig_2065	MGYG000002445_2	91.304	46	4	0	1000	1045	289860	289815	5.70e-08	63.9
ivig_2065	MGYG000002445_19	99.651	859	3	0	2441	3299	1	859	0.0	1570
ivig_2065	MGYG000002445_21	99.624	797	3	0	6091	6887	44	840	0.0	1458
ivig_2065	MGYG000002445_24	99.236	785	6	0	3192	3976	785	1	0.0	1417
ivig_2065	MGYG000002445_25	99.608	766	3	0	6941	7706	1	766	0.0	1399
ivig_2065	MGYG000002445_14	98.851	783	9	0	5896	6678	783	1	0.0	1397
ivig_2065	MGYG000002445_14	99.654	289	1	0	5045	5333	1258	970	4.68e-148	529
ivig_2065	MGYG000002445_14	98.253	229	3	1	5458	5686	969	742	3.83e-109	399
ivig_2065	MGYG000002445_8	96.855	763	18	6	7119	7876	5756	4995	0.0	1271
ivig_2065	MGYG000002445_8	97.755	579	7	2	2145	2717	579	1	0.0	998
ivig_2065	MGYG000002445_16	99.541	653	2	1	5034	5686	1	652	0.0	1188
ivig_2065	MGYG000002445_16	99.609	256	1	0	6091	6346	834	1089	1.03e-129	468
ivig_2065	MGYG000002445_16	97.581	124	3	0	5896	6019	611	734	5.35e-53	213
ivig_2065	MGYG000001367_5	94.758	763	32	6	7044	7799	1	762	0.0	1181
ivig_2065	MGYG000002445_7	98.916	646	7	0	7146	7791	158924	158279	0.0	1155
ivig_2065	MGYG000002445_7	96.599	294	4	2	2150	2437	296	3	3.69e-134	483
ivig_2065	MGYG000002445_7	100.000	80	0	0	1664	1743	384	305	1.53e-33	148
ivig_2065	MGYG000002445_7	94.286	70	4	0	2045	2114	30786	30717	2.60e-21	108
ivig_2065	MGYG000002445_7	97.674	43	1	0	2045	2087	16045	16003	2.64e-11	75.0
ivig_2065	MGYG000002445_11	99.570	465	2	0	7232	7696	1	465	0.0	848
ivig_2065	MGYG000002445_11	96.023	352	8	2	2092	2437	1331	1682	9.92e-160	568
ivig_2065	MGYG000002445_11	90.230	174	12	5	7698	7867	546	718	8.89e-56	222
ivig_2065	MGYG000001367_12	94.269	506	25	4	7179	7681	1	505	0.0	771
ivig_2065	MGYG000001367_12	80.505	436	42	22	7681	8078	545	975	1.86e-77	294
ivig_2065	MGYG000002445_28	99.294	425	3	0	5035	5459	725	301	0.0	769
ivig_2065	MGYG000002445_28	95.397	239	11	0	5878	6116	239	1	1.39e-103	381
ivig_2065	MGYG000002445_28	97.778	45	0	1	5642	5686	223	180	7.33e-12	76.8
ivig_2065	MGYG000002445_6	95.699	465	17	3	7408	7869	1	465	0.0	745
ivig_2065	MGYG000002445_6	97.964	393	7	1	2147	2538	163002	163394	0.0	680
ivig_2065	MGYG000002445_6	89.450	218	13	6	1324	1536	162786	162998	4.05e-69	267
ivig_2065	MGYG000002445_6	93.506	77	3	2	2042	2118	162011	162085	5.58e-23	113
ivig_2065	MGYG000002445_6	92.453	53	1	2	1000	1051	162082	162032	9.48e-11	73.1
ivig_2065	MGYG000001367_16	95.824	455	15	4	2236	2690	451	1	0.0	732
ivig_2065	MGYG000002445_20	95.633	458	10	7	7408	7857	841	386	0.0	726
ivig_2065	MGYG000002445_20	99.202	376	2	1	2145	2519	376	1	0.0	676
ivig_2065	MGYG000001367_7	95.415	458	17	4	2222	2679	250538	250991	0.0	726
ivig_2065	MGYG000001367_7	92.132	394	23	6	7413	7799	1	393	3.59e-154	549
ivig_2065	MGYG000001367_7	96.296	81	2	1	1322	1402	250310	250389	1.54e-28	132
ivig_2065	MGYG000001367_7	88.636	88	10	0	1452	1539	250394	250481	2.60e-21	108
ivig_2065	MGYG000002445_1	98.408	377	4	2	2145	2519	1086700	1087076	0.0	662
ivig_2065	MGYG000002445_1	94.656	131	7	0	782	912	621468	621598	3.22e-50	204
ivig_2065	MGYG000002445_1	93.893	131	8	0	782	912	708881	709011	1.50e-48	198
ivig_2065	MGYG000002445_1	92.537	134	10	0	782	915	71041	70908	6.97e-47	193
ivig_2065	MGYG000002445_1	93.023	129	9	0	782	910	66335	66207	9.02e-46	189
ivig_2065	MGYG000002445_1	86.667	135	18	0	782	916	564978	565112	4.26e-34	150
ivig_2065	MGYG000002445_1	91.089	101	9	0	799	899	610276	610376	3.31e-30	137
ivig_2065	MGYG000002445_1	84.733	131	20	0	782	912	257526	257656	1.54e-28	132
ivig_2065	MGYG000002445_1	93.827	81	5	0	2042	2122	762341	762421	9.28e-26	122
ivig_2065	MGYG000002445_1	83.594	128	21	0	782	909	1027746	1027873	3.34e-25	121
ivig_2065	MGYG000002445_1	95.890	73	3	0	2042	2114	396308	396380	1.20e-24	119
ivig_2065	MGYG000002445_1	95.890	73	3	0	2042	2114	530934	531006	1.20e-24	119
ivig_2065	MGYG000002445_1	95.833	72	3	0	2042	2113	391737	391808	4.32e-24	117
ivig_2065	MGYG000002445_1	92.424	66	5	0	2042	2107	658904	658969	2.02e-17	95.3
ivig_2065	MGYG000002445_1	95.652	46	2	0	1000	1045	391808	391763	2.64e-11	75.0
ivig_2065	MGYG000002445_1	95.652	46	2	0	1000	1045	396379	396334	2.64e-11	75.0
ivig_2065	MGYG000002445_1	95.652	46	2	0	1000	1045	762412	762367	2.64e-11	75.0
ivig_2065	MGYG000002445_1	93.617	47	2	1	1000	1045	410883	410837	1.23e-09	69.4
ivig_2065	MGYG000002445_27	99.714	350	1	0	4984	5333	757	408	0.0	643
ivig_2065	MGYG000002445_27	95.397	239	11	0	5878	6116	239	1	1.39e-103	381
ivig_2065	MGYG000002445_27	97.778	45	0	1	5642	5686	223	180	7.33e-12	76.8
ivig_2065	MGYG000002445_26	98.611	360	5	0	5834	6193	402	761	0.0	638
ivig_2065	MGYG000002445_26	100.000	299	0	0	5035	5333	1	299	2.78e-155	553
ivig_2065	MGYG000002445_26	100.000	42	0	0	5645	5686	464	505	2.04e-12	78.7
ivig_2065	MGYG000001367_13	91.787	414	26	6	7389	7795	1	413	2.76e-160	569
ivig_2065	MGYG000002445_30	99.667	300	0	1	5034	5333	687	389	1.29e-153	547
ivig_2065	MGYG000002445_30	95.000	220	11	0	5878	6097	220	1	5.06e-93	346
ivig_2065	MGYG000002445_30	97.778	45	0	1	5642	5686	204	161	7.33e-12	76.8
ivig_2065	MGYG000002445_18	99.654	289	1	0	5045	5333	959	671	4.68e-148	529
ivig_2065	MGYG000002445_18	99.609	256	1	0	6091	6346	256	1	1.03e-129	468
ivig_2065	MGYG000002445_18	98.113	265	5	0	5834	6098	567	303	4.81e-128	462
ivig_2065	MGYG000002445_18	100.000	42	0	0	5645	5686	505	464	2.04e-12	78.7
ivig_2065	MGYG000001367_14	93.103	203	10	4	2211	2413	199	1	5.17e-78	296
ivig_2065	MGYG000001367_14	93.939	99	3	3	1647	1743	416	319	5.51e-33	147
ivig_2065	MGYG000001367_36	82.997	347	27	22	1316	1650	815	489	1.12e-74	285
ivig_2065	MGYG000001367_36	98.780	82	1	0	1662	1743	218	137	5.51e-33	147
ivig_2065	MGYG000001367_53	92.105	190	12	1	5834	6023	237	51	1.46e-68	265
ivig_2065	MGYG000001617_40	78.780	377	36	27	7739	8078	1	370	5.35e-53	213
ivig_2065	MGYG000002483_27	84.729	203	15	8	1460	1646	456	254	9.02e-46	189
ivig_2065	MGYG000002483_27	98.684	76	1	0	1096	1171	1787	1712	1.19e-29	135
ivig_2065	MGYG000002483_27	94.048	84	3	2	1317	1399	566	484	7.17e-27	126
ivig_2065	MGYG000002445_5	92.366	131	10	0	782	912	141883	142013	3.24e-45	187
ivig_2065	MGYG000002445_5	87.903	124	14	1	923	1045	195390	195513	1.98e-32	145
ivig_2065	MGYG000002445_5	95.522	67	3	0	2047	2113	195447	195513	2.60e-21	108
ivig_2065	MGYG000002445_5	95.745	47	2	0	999	1045	8590	8544	7.33e-12	76.8
ivig_2065	MGYG000002445_3	92.366	131	10	0	782	912	134932	135062	3.24e-45	187
ivig_2065	MGYG000002445_3	84.416	77	3	3	845	912	107623	107547	4.41e-09	67.6
ivig_2065	MGYG000002483_15	98.925	93	1	0	7982	8074	22	114	4.23e-39	167
ivig_2065	MGYG000001367_8	98.780	82	0	1	1092	1172	3929	3848	1.98e-32	145
ivig_2065	MGYG000001617_81	100.000	76	0	0	1094	1169	17975	18050	2.56e-31	141
ivig_2065	MGYG000001617_81	95.181	83	2	2	1317	1398	21520	21601	5.54e-28	130
ivig_2065	MGYG000002483_16	97.531	81	2	0	1319	1399	325302	325382	9.21e-31	139
ivig_2065	MGYG000002483_16	93.902	82	5	0	1456	1537	325407	325488	2.58e-26	124
ivig_2065	MGYG000001617_1	97.436	78	2	0	1324	1401	36056	36133	4.29e-29	134
ivig_2065	MGYG000001367_4	97.436	78	2	0	1324	1401	597039	597116	4.29e-29	134
ivig_2065	MGYG000002483_35	98.667	75	0	1	7719	7792	1	75	1.54e-28	132
ivig_2065	MGYG000002483_12	97.403	77	2	0	1324	1400	210581	210505	1.54e-28	132
ivig_2065	MGYG000001617_7	96.296	81	2	1	1322	1402	110501	110580	1.54e-28	132
ivig_2065	MGYG000001617_7	89.286	84	9	0	1456	1539	110590	110673	9.34e-21	106
ivig_2065	MGYG000001617_7	95.000	60	1	2	2222	2281	110725	110782	7.27e-17	93.5
ivig_2065	MGYG000001617_118	98.000	50	1	0	7750	7799	5692	5643	3.38e-15	87.9
ivig_2065	MGYG000001617_33	98.000	50	1	0	7750	7799	4	53	3.38e-15	87.9
ivig_2065	MGYG000001617_28	94.545	55	1	2	7739	7791	67378	67324	4.38e-14	84.2
ivig_2065	MGYG000002170_166	100.000	44	0	0	8031	8074	1	44	1.57e-13	82.4
ivig_2065	MGYG000003074_27	100.000	40	0	0	1096	1135	40	1	2.64e-11	75.0
uvig_417742	MGYG000002445_3	98.728	18716	214	19	80724	99431	98564	79865	0.0	33222
uvig_417742	MGYG000002445_3	98.867	2559	26	3	75626	78183	105387	102831	0.0	4562
uvig_417742	MGYG000002445_3	99.358	2025	13	0	73576	75600	107402	105378	0.0	3668
uvig_417742	MGYG000002445_3	97.174	1557	43	1	72029	73584	109005	107449	0.0	2630
uvig_417742	MGYG000002445_3	97.691	996	23	0	78847	79842	102068	101073	0.0	1712
uvig_417742	MGYG000002445_3	97.119	590	17	0	78167	78756	102705	102116	0.0	996
uvig_417742	MGYG000002445_3	78.337	1491	272	37	99614	101074	79796	78327	0.0	917
uvig_417742	MGYG000002445_3	96.223	556	20	1	80081	80635	100764	100209	0.0	909
uvig_417742	MGYG000002445_3	97.487	199	5	0	100892	101090	22044	21846	5.44e-91	340
uvig_417742	MGYG000002445_3	97.423	194	1	3	79897	80090	101061	100872	4.24e-87	327
uvig_417742	MGYG000002445_3	95.200	125	6	0	85135	85259	100016	100140	3.47e-48	198
uvig_417742	MGYG000002445_3	96.875	64	2	0	86014	86077	128061	127998	6.01e-21	108
uvig_417742	MGYG000002445_3	96.721	61	2	0	86017	86077	102835	102775	2.80e-19	102
uvig_417742	MGYG000002445_3	96.667	60	2	0	86018	86077	166772	166831	1.01e-18	100
uvig_417742	MGYG000002445_3	92.424	66	5	0	86012	86077	123668	123603	4.68e-17	95.3
uvig_417742	MGYG000002445_3	95.238	42	2	0	80670	80711	99932	99891	1.02e-08	67.6
uvig_417742	MGYG000002445_3	92.857	42	3	0	86014	86055	156663	156704	4.75e-07	62.1
uvig_417742	MGYG000002445_3	97.143	35	1	0	86014	86048	151103	151137	1.71e-06	60.2
uvig_417742	MGYG000002445_3	100.000	30	0	0	75598	75627	126266	126295	2.21e-05	56.5
uvig_417742	MGYG000002445_3	100.000	29	0	0	75598	75626	168288	168260	7.94e-05	54.7
uvig_417742	MGYG000002445_3	96.875	32	0	1	75598	75629	173451	173421	2.86e-04	52.8
uvig_417742	MGYG000001617_82	78.439	3126	636	37	92349	95455	17876	20982	0.0	2004
uvig_417742	MGYG000001617_82	77.444	1862	400	17	86101	87952	11623	13474	0.0	1094
uvig_417742	MGYG000001367_4	77.385	3228	700	27	92349	95561	317489	320701	0.0	1890
uvig_417742	MGYG000001367_4	72.812	2479	604	53	89377	91804	314541	317000	0.0	780
uvig_417742	MGYG000003074_28	76.075	2884	610	68	86101	88932	6284	9139	0.0	1430
uvig_417742	MGYG000003074_28	72.078	1848	467	40	89994	91821	10224	12042	1.41e-141	508
uvig_417742	MGYG000003074_28	73.374	1322	310	40	99608	100908	19399	20699	6.70e-125	453
uvig_417742	MGYG000002483_12	78.465	938	187	14	88003	88932	433286	432356	8.13e-169	599
uvig_417742	MGYG000002483_12	79.684	507	88	12	98773	99272	422333	421835	2.51e-94	351
uvig_417742	MGYG000001617_50	72.935	1489	347	49	99620	101083	42385	40928	8.61e-129	466
uvig_417742	MGYG000002170_28	71.621	1857	460	51	89994	91821	6054	7872	3.12e-123	448
uvig_417742	MGYG000002170_28	73.167	1323	310	42	99608	100908	15169	16468	2.43e-119	435
uvig_417742	MGYG000002445_2	75.793	599	132	12	81519	82109	179014	178421	5.56e-76	291
uvig_417742	MGYG000002445_2	96.364	165	4	2	85131	85293	856015	856179	7.24e-70	270
uvig_417742	MGYG000002445_2	95.541	157	3	1	85137	85293	302018	301866	3.39e-63	248
uvig_417742	MGYG000002445_2	98.718	78	1	0	85135	85212	405929	405852	2.13e-30	139
uvig_417742	MGYG000002445_2	96.923	65	2	0	86013	86077	725297	725233	1.67e-21	110
uvig_417742	MGYG000002445_2	96.875	64	2	0	86014	86077	405986	406049	6.01e-21	108
uvig_417742	MGYG000002445_2	95.385	65	3	0	86013	86077	94320	94256	7.78e-20	104
uvig_417742	MGYG000002445_2	94.203	69	3	1	86009	86077	269893	269826	7.78e-20	104
uvig_417742	MGYG000002445_2	98.305	59	1	0	86020	86078	439434	439376	7.78e-20	104
uvig_417742	MGYG000002445_2	95.385	65	3	0	86013	86077	613972	614036	7.78e-20	104
uvig_417742	MGYG000002445_2	96.774	62	2	0	85281	85342	855907	855968	7.78e-20	104
uvig_417742	MGYG000002445_2	95.312	64	3	0	86014	86077	324938	325001	2.80e-19	102
uvig_417742	MGYG000002445_2	96.721	61	2	0	86017	86077	389407	389347	2.80e-19	102
uvig_417742	MGYG000002445_2	96.721	61	2	0	86017	86077	414225	414165	2.80e-19	102
uvig_417742	MGYG000002445_2	98.276	58	1	0	86017	86074	530766	530709	2.80e-19	102
uvig_417742	MGYG000002445_2	95.312	64	3	0	86014	86077	576298	576361	2.80e-19	102
uvig_417742	MGYG000002445_2	96.721	61	2	0	86017	86077	609103	609043	2.80e-19	102
uvig_417742	MGYG000002445_2	93.939	66	4	0	86012	86077	220609	220544	1.01e-18	100
uvig_417742	MGYG000002445_2	93.846	65	4	0	86013	86077	557036	556972	3.62e-18	99.0
uvig_417742	MGYG000002445_2	95.082	61	3	0	86017	86077	376158	376098	1.30e-17	97.1
uvig_417742	MGYG000002445_2	93.750	64	4	0	86014	86077	752824	752887	1.30e-17	97.1
uvig_417742	MGYG000002445_2	92.308	65	5	0	86013	86077	437246	437182	1.68e-16	93.5
uvig_417742	MGYG000002445_2	96.364	55	2	0	86023	86077	745787	745733	6.05e-16	91.6
uvig_417742	MGYG000002445_2	91.803	61	5	0	86017	86077	858967	858907	2.82e-14	86.1
uvig_417742	MGYG000002445_2	95.349	43	2	0	86029	86071	563358	563316	2.84e-09	69.4
uvig_417742	MGYG000002445_2	97.436	39	1	0	86009	86047	851336	851374	1.02e-08	67.6
uvig_417742	MGYG000002445_2	96.970	33	0	1	75598	75629	584935	584903	7.94e-05	54.7
uvig_417742	MGYG000002445_2	100.000	28	0	0	75598	75625	697304	697277	2.86e-04	52.8
uvig_417742	MGYG000002445_4	98.400	125	2	0	85135	85259	41846	41970	7.40e-55	220
uvig_417742	MGYG000002445_4	98.438	64	1	0	86014	86077	119147	119084	1.29e-22	113
uvig_417742	MGYG000002445_4	98.387	62	1	0	85281	85342	65734	65795	1.67e-21	110
uvig_417742	MGYG000002445_4	98.387	62	1	0	86016	86077	242599	242538	1.67e-21	110
uvig_417742	MGYG000002445_4	96.825	63	1	1	86015	86077	21572	21633	7.78e-20	104
uvig_417742	MGYG000002445_4	95.385	65	3	0	86013	86077	81467	81531	7.78e-20	104
uvig_417742	MGYG000002445_4	95.385	65	3	0	86013	86077	170249	170313	7.78e-20	104
uvig_417742	MGYG000002445_4	98.276	58	1	0	86020	86077	148480	148537	2.80e-19	102
uvig_417742	MGYG000002445_4	95.312	64	3	0	86014	86077	168011	168074	2.80e-19	102
uvig_417742	MGYG000002445_4	95.312	64	3	0	86014	86077	209955	210018	2.80e-19	102
uvig_417742	MGYG000002445_4	95.238	63	2	1	86015	86077	42046	42107	3.62e-18	99.0
uvig_417742	MGYG000002445_4	93.939	66	3	1	86013	86077	132642	132707	3.62e-18	99.0
uvig_417742	MGYG000002445_4	93.846	65	4	0	86013	86077	179544	179608	3.62e-18	99.0
uvig_417742	MGYG000002445_4	96.429	56	2	0	86013	86068	81326	81381	1.68e-16	93.5
uvig_417742	MGYG000002445_4	93.443	61	4	0	86017	86077	240196	240136	6.05e-16	91.6
uvig_417742	MGYG000002445_4	94.231	52	3	0	73411	73462	1614	1563	1.31e-12	80.5
uvig_417742	MGYG000002445_4	100.000	29	0	0	75598	75626	124694	124666	7.94e-05	54.7
uvig_417742	MGYG000002445_4	100.000	28	0	0	75598	75625	85141	85168	2.86e-04	52.8
uvig_417742	MGYG000002445_4	96.875	32	0	1	75598	75629	268525	268555	2.86e-04	52.8
uvig_417742	MGYG000002445_1	97.101	69	2	0	85280	85348	681118	681050	9.99e-24	117
uvig_417742	MGYG000002445_1	98.387	62	1	0	86017	86078	707931	707870	1.67e-21	110
uvig_417742	MGYG000002445_1	96.875	64	2	0	86014	86077	932474	932537	6.01e-21	108
uvig_417742	MGYG000002445_1	98.361	61	1	0	86017	86077	984694	984634	6.01e-21	108
uvig_417742	MGYG000002445_1	98.361	61	1	0	86017	86077	1026497	1026437	6.01e-21	108
uvig_417742	MGYG000002445_1	98.333	60	1	0	86018	86077	421096	421155	2.16e-20	106
uvig_417742	MGYG000002445_1	98.333	60	1	0	86018	86077	769829	769770	2.16e-20	106
uvig_417742	MGYG000002445_1	95.385	65	3	0	86013	86077	247036	247100	7.78e-20	104
uvig_417742	MGYG000002445_1	95.385	65	3	0	86013	86077	452619	452555	7.78e-20	104
uvig_417742	MGYG000002445_1	98.305	59	1	0	86019	86077	759674	759732	7.78e-20	104
uvig_417742	MGYG000002445_1	96.721	61	2	0	86017	86077	542422	542362	2.80e-19	102
uvig_417742	MGYG000002445_1	96.721	61	2	0	86017	86077	732641	732581	2.80e-19	102
uvig_417742	MGYG000002445_1	95.385	65	2	1	86013	86077	773884	773821	2.80e-19	102
uvig_417742	MGYG000002445_1	96.721	61	2	0	86017	86077	993360	993300	2.80e-19	102
uvig_417742	MGYG000002445_1	91.667	72	4	2	86011	86080	789503	789574	3.62e-18	99.0
uvig_417742	MGYG000002445_1	96.552	58	2	0	86020	86077	135734	135791	1.30e-17	97.1
uvig_417742	MGYG000002445_1	98.148	54	1	0	73408	73461	565038	565091	4.68e-17	95.3
uvig_417742	MGYG000002445_1	93.651	63	3	1	86015	86077	716565	716504	1.68e-16	93.5
uvig_417742	MGYG000002445_1	96.429	56	2	0	86013	86068	794078	794133	1.68e-16	93.5
uvig_417742	MGYG000002445_1	96.296	54	2	0	86014	86067	711974	712027	2.18e-15	89.8
uvig_417742	MGYG000002445_1	90.625	64	6	0	86014	86077	139471	139534	2.82e-14	86.1
uvig_417742	MGYG000002445_1	94.545	55	3	0	73408	73462	621528	621582	2.82e-14	86.1
uvig_417742	MGYG000002445_1	94.545	55	3	0	73408	73462	708941	708995	2.82e-14	86.1
uvig_417742	MGYG000002445_1	95.122	41	2	0	75598	75638	713171	713131	3.67e-08	65.8
uvig_417742	MGYG000002445_1	100.000	33	0	0	75598	75630	531896	531864	4.75e-07	62.1
uvig_417742	MGYG000002445_1	100.000	31	0	0	75598	75628	283279	283309	6.14e-06	58.4
uvig_417742	MGYG000002445_1	100.000	31	0	0	75598	75628	336418	336388	6.14e-06	58.4
uvig_417742	MGYG000002445_1	97.059	34	1	0	75598	75631	360390	360423	6.14e-06	58.4
uvig_417742	MGYG000002445_1	100.000	31	0	0	75598	75628	784550	784580	6.14e-06	58.4
uvig_417742	MGYG000002445_1	100.000	28	0	0	75598	75625	156578	156605	2.86e-04	52.8
uvig_417742	MGYG000002445_1	100.000	28	0	0	75598	75625	426396	426369	2.86e-04	52.8
uvig_417742	MGYG000002445_1	100.000	28	0	0	75598	75625	427885	427912	2.86e-04	52.8
uvig_417742	MGYG000002445_1	96.875	32	0	1	75598	75629	710468	710438	2.86e-04	52.8
uvig_417742	MGYG000002445_1	100.000	28	0	0	75598	75625	744836	744809	2.86e-04	52.8
uvig_417742	MGYG000002445_6	98.361	61	1	0	86017	86077	104355	104295	6.01e-21	108
uvig_417742	MGYG000002445_6	95.082	61	3	0	86017	86077	20042	19982	1.30e-17	97.1
uvig_417742	MGYG000002445_6	94.643	56	3	0	86022	86077	158320	158265	7.83e-15	87.9
uvig_417742	MGYG000002445_6	87.755	49	6	0	73414	73462	31733	31685	6.14e-06	58.4
uvig_417742	MGYG000002445_6	100.000	31	0	0	75598	75628	103521	103491	6.14e-06	58.4
uvig_417742	MGYG000002445_6	100.000	30	0	0	75598	75627	89098	89069	2.21e-05	56.5
uvig_417742	MGYG000002445_6	96.970	33	0	1	75598	75630	150895	150864	7.94e-05	54.7
uvig_417742	MGYG000002445_5	95.522	67	3	0	86011	86077	47999	47933	6.01e-21	108
uvig_417742	MGYG000002445_5	90.909	77	5	2	86002	86077	89858	89783	2.80e-19	102
uvig_417742	MGYG000002445_5	96.721	61	2	0	86017	86077	127757	127697	2.80e-19	102
uvig_417742	MGYG000002445_5	95.312	64	3	0	86014	86077	134857	134920	2.80e-19	102
uvig_417742	MGYG000002445_5	100.000	31	0	0	75598	75628	141588	141558	6.14e-06	58.4
uvig_417742	MGYG000002445_5	96.970	33	0	1	75598	75629	192727	192695	7.94e-05	54.7
uvig_417742	MGYG000002445_7	94.030	67	4	0	86011	86077	80650	80716	2.80e-19	102
uvig_417742	MGYG000002445_7	96.610	59	2	0	86019	86077	19140	19198	3.62e-18	99.0
uvig_417742	MGYG000002445_7	93.617	47	3	0	86029	86075	78261	78307	7.89e-10	71.3
uvig_417742	MGYG000002445_7	100.000	30	0	0	75598	75627	52867	52896	2.21e-05	56.5
uvig_311200	MGYG000002445_4	98.320	11785	193	5	57040	68822	30119	41900	0.0	20661
uvig_311200	MGYG000002445_4	97.682	7507	161	6	49556	57051	22524	30028	0.0	12887
uvig_311200	MGYG000002445_4	98.898	998	10	1	48475	49471	21569	22566	0.0	1781
uvig_311200	MGYG000002445_4	99.248	133	1	0	48476	48608	209955	210087	3.87e-61	241
uvig_311200	MGYG000002445_4	98.507	134	1	1	48476	48608	132643	132776	1.80e-59	235
uvig_311200	MGYG000002445_4	98.507	134	1	1	48476	48608	148473	148606	1.80e-59	235
uvig_311200	MGYG000002445_4	98.496	133	2	0	48476	48608	170250	170382	1.80e-59	235
uvig_311200	MGYG000002445_4	97.744	133	3	0	48476	48608	42044	42176	8.37e-58	230
uvig_311200	MGYG000002445_4	97.744	133	3	0	48476	48608	81468	81600	8.37e-58	230
uvig_311200	MGYG000002445_4	98.462	130	2	0	48479	48608	119144	119015	8.37e-58	230
uvig_311200	MGYG000002445_4	97.744	133	3	0	48476	48608	168011	168143	8.37e-58	230
uvig_311200	MGYG000002445_4	98.462	130	2	0	48476	48605	179545	179674	8.37e-58	230
uvig_311200	MGYG000002445_4	98.462	130	2	0	48479	48608	242598	242469	8.37e-58	230
uvig_311200	MGYG000002445_4	96.992	133	4	0	48476	48608	81327	81459	3.89e-56	224
uvig_311200	MGYG000002445_4	93.233	133	9	0	49433	49565	47164	47296	8.49e-48	196
uvig_311200	MGYG000002445_4	97.674	86	1	1	49484	49569	248199	248283	8.67e-33	147
uvig_311200	MGYG000002445_4	96.154	78	2	1	49484	49561	470	546	1.13e-26	126
uvig_311200	MGYG000002445_4	91.250	80	7	0	49486	49565	86926	87005	1.14e-21	110
uvig_311200	MGYG000002445_4	95.588	68	3	0	48476	48543	240199	240132	1.14e-21	110
uvig_311200	MGYG000002445_4	96.667	60	2	0	48549	48608	257037	257096	6.85e-19	100
uvig_311200	MGYG000002445_4	100.000	30	0	0	48579	48608	107995	108024	1.50e-05	56.5
uvig_311200	MGYG000001367_8	80.447	2015	374	16	61583	63586	82131	84136	0.0	1520
uvig_311200	MGYG000001367_8	73.151	622	143	22	65388	65998	89023	89631	1.82e-49	202
uvig_311200	MGYG000001367_8	83.117	77	9	3	61368	61443	81913	81986	6.94e-09	67.6
uvig_311200	MGYG000001617_113	79.821	2012	392	11	61583	63586	2549	4554	0.0	1454
uvig_311200	MGYG000001617_113	92.157	51	3	1	61376	61426	2408	2457	5.37e-10	71.3
uvig_311200	MGYG000003074_143	78.761	2001	388	30	61582	63565	2204	4184	0.0	1306
uvig_311200	MGYG000002445_1	99.457	368	2	0	48242	48609	1026734	1026367	0.0	669
uvig_311200	MGYG000002445_1	98.551	138	2	0	48475	48612	499191	499054	2.99e-62	244
uvig_311200	MGYG000002445_1	99.254	134	1	0	48475	48608	542426	542293	1.08e-61	243
uvig_311200	MGYG000002445_1	99.254	134	1	0	48475	48608	932473	932606	1.08e-61	243
uvig_311200	MGYG000002445_1	99.254	134	1	0	48475	48608	993364	993231	1.08e-61	243
uvig_311200	MGYG000002445_1	99.242	132	1	0	48476	48607	732644	732513	1.39e-60	239
uvig_311200	MGYG000002445_1	98.507	134	2	0	48476	48609	707934	707801	5.00e-60	237
uvig_311200	MGYG000002445_1	97.794	136	3	0	48473	48608	555276	555411	1.80e-59	235
uvig_311200	MGYG000002445_1	97.761	134	3	0	48476	48609	759669	759802	2.33e-58	231
uvig_311200	MGYG000002445_1	98.473	131	2	0	48478	48608	773882	773752	2.33e-58	231
uvig_311200	MGYG000002445_1	98.473	131	2	0	48478	48608	984695	984565	2.33e-58	231
uvig_311200	MGYG000002445_1	99.213	127	1	0	48482	48608	135734	135860	8.37e-58	230
uvig_311200	MGYG000002445_1	97.744	133	3	0	48476	48608	452618	452486	8.37e-58	230
uvig_311200	MGYG000002445_1	95.105	143	6	1	48466	48608	139462	139603	3.89e-56	224
uvig_311200	MGYG000002445_1	96.296	135	5	0	48475	48609	776382	776248	1.40e-55	222
uvig_311200	MGYG000002445_1	95.620	137	5	1	49431	49566	560975	560839	1.81e-54	219
uvig_311200	MGYG000002445_1	96.875	128	3	1	48481	48608	247042	247168	8.43e-53	213
uvig_311200	MGYG000002445_1	94.815	135	7	0	49431	49565	506200	506066	3.03e-52	211
uvig_311200	MGYG000002445_1	92.053	151	11	1	48457	48607	716585	716436	3.03e-52	211
uvig_311200	MGYG000002445_1	94.776	134	7	0	48474	48607	1036507	1036374	1.09e-51	209
uvig_311200	MGYG000002445_1	93.985	133	8	0	48476	48608	421092	421224	1.82e-49	202
uvig_311200	MGYG000002445_1	91.216	148	11	2	49431	49578	633161	633016	6.56e-49	200
uvig_311200	MGYG000002445_1	92.593	135	9	1	49427	49560	1018008	1017874	1.10e-46	193
uvig_311200	MGYG000002445_1	91.603	131	11	0	49432	49562	735127	734997	2.38e-43	182
uvig_311200	MGYG000002445_1	90.299	134	11	2	49431	49562	714603	714470	3.98e-41	174
uvig_311200	MGYG000002445_1	92.105	114	9	0	48493	48606	339555	339442	3.10e-37	161
uvig_311200	MGYG000002445_1	88.722	133	13	2	49432	49562	474461	474329	3.10e-37	161
uvig_311200	MGYG000002445_1	100.000	82	0	0	49484	49565	396316	396235	1.86e-34	152
uvig_311200	MGYG000002445_1	100.000	81	0	0	49484	49564	530942	530862	6.70e-34	150
uvig_311200	MGYG000002445_1	98.780	82	0	1	49484	49565	658912	658832	3.12e-32	145
uvig_311200	MGYG000002445_1	95.349	86	4	0	48507	48592	3066	3151	5.22e-30	137
uvig_311200	MGYG000002445_1	98.649	74	1	0	48476	48549	769833	769760	2.43e-28	132
uvig_311200	MGYG000002445_1	91.954	87	6	1	48471	48556	794074	794160	5.26e-25	121
uvig_311200	MGYG000002445_1	92.683	82	6	0	49484	49565	391745	391664	1.89e-24	119
uvig_311200	MGYG000002445_1	92.308	78	6	0	48475	48552	789506	789583	3.16e-22	111
uvig_311200	MGYG000002445_1	88.235	85	4	6	49479	49561	1083741	1083661	8.86e-18	97.1
uvig_311200	MGYG000002445_1	96.296	54	2	0	49509	49562	379524	379577	1.48e-15	89.8
uvig_311200	MGYG000002445_1	94.828	58	1	2	48474	48529	711970	712027	1.48e-15	89.8
uvig_311200	MGYG000002445_1	98.000	50	1	0	48539	48588	600616	600665	5.33e-15	87.9
uvig_311200	MGYG000002445_1	88.136	59	4	3	49558	49614	474461	474404	6.94e-09	67.6
uvig_311200	MGYG000002445_1	100.000	32	0	0	48577	48608	506598	506629	1.16e-06	60.2
uvig_311200	MGYG000001617_15	74.322	701	154	23	65405	66093	88382	87696	3.81e-71	274
uvig_311200	MGYG000002445_5	99.254	134	1	0	48476	48609	134857	134990	1.08e-61	243
uvig_311200	MGYG000002445_5	97.744	133	3	0	48476	48608	127760	127628	8.37e-58	230
uvig_311200	MGYG000002445_5	96.241	133	5	0	48476	48608	47996	47864	1.81e-54	219
uvig_311200	MGYG000002445_5	96.190	105	3	1	48509	48612	83974	84078	5.15e-40	171
uvig_311200	MGYG000002445_5	97.059	68	2	0	48476	48543	89846	89779	2.45e-23	115
uvig_311200	MGYG000002445_5	96.721	61	2	0	49484	49544	195450	195390	1.90e-19	102
uvig_311200	MGYG000002445_5	95.122	41	1	1	48568	48608	235905	235866	8.98e-08	63.9
uvig_311200	MGYG000002445_5	100.000	30	0	0	48579	48608	55870	55841	1.50e-05	56.5
uvig_311200	MGYG000002445_2	97.857	140	3	0	48470	48609	613967	614106	1.08e-61	243
uvig_311200	MGYG000002445_2	99.248	133	1	0	48476	48608	269889	269757	3.87e-61	241
uvig_311200	MGYG000002445_2	99.248	133	1	0	48476	48608	389410	389278	3.87e-61	241
uvig_311200	MGYG000002445_2	99.248	133	1	0	48476	48608	405986	406118	3.87e-61	241
uvig_311200	MGYG000002445_2	99.248	133	1	0	48476	48608	414228	414096	3.87e-61	241
uvig_311200	MGYG000002445_2	99.248	133	1	0	48476	48608	576298	576430	3.87e-61	241
uvig_311200	MGYG000002445_2	99.248	133	1	0	48476	48608	725296	725164	3.87e-61	241
uvig_311200	MGYG000002445_2	97.810	137	3	0	48472	48608	376165	376029	5.00e-60	237
uvig_311200	MGYG000002445_2	98.519	135	1	1	49433	49566	533863	533729	5.00e-60	237
uvig_311200	MGYG000002445_2	98.496	133	2	0	48476	48608	324938	325070	1.80e-59	235
uvig_311200	MGYG000002445_2	97.744	133	3	0	48476	48608	437245	437113	8.37e-58	230
uvig_311200	MGYG000002445_2	97.015	134	4	0	48475	48608	858971	858838	1.08e-56	226
uvig_311200	MGYG000002445_2	98.425	127	2	0	48482	48608	94313	94187	3.89e-56	224
uvig_311200	MGYG000002445_2	96.992	133	4	0	48476	48608	752824	752956	3.89e-56	224
uvig_311200	MGYG000002445_2	96.992	133	3	1	48476	48608	557035	556904	1.40e-55	222
uvig_311200	MGYG000002445_2	96.241	133	5	0	48475	48607	609107	608975	1.81e-54	219
uvig_311200	MGYG000002445_2	95.489	133	6	0	48476	48608	220607	220475	8.43e-53	213
uvig_311200	MGYG000002445_2	95.455	132	5	1	48476	48607	748968	748838	1.09e-51	209
uvig_311200	MGYG000002445_2	94.737	133	7	0	48476	48608	585836	585704	3.92e-51	207
uvig_311200	MGYG000002445_2	94.488	127	7	0	48480	48606	746741	746615	8.49e-48	196
uvig_311200	MGYG000002445_2	91.791	134	11	0	49432	49565	603482	603349	5.11e-45	187
uvig_311200	MGYG000002445_2	91.111	135	12	0	49431	49565	633798	633664	6.61e-44	183
uvig_311200	MGYG000002445_2	91.473	129	11	0	49436	49564	371046	370918	3.07e-42	178
uvig_311200	MGYG000002445_2	89.474	133	6	1	48475	48607	857472	857348	3.10e-37	161
uvig_311200	MGYG000002445_2	94.949	99	4	1	49484	49582	136256	136159	5.18e-35	154
uvig_311200	MGYG000002445_2	100.000	82	0	0	49484	49565	575086	575005	1.86e-34	152
uvig_311200	MGYG000002445_2	96.296	81	3	0	48476	48556	745796	745716	6.75e-29	134
uvig_311200	MGYG000002445_2	93.902	82	5	0	48482	48563	439434	439353	4.06e-26	124
uvig_311200	MGYG000002445_2	100.000	62	0	0	48475	48536	530770	530709	2.45e-23	115
uvig_311200	MGYG000002445_2	90.361	83	6	2	49486	49566	576229	576147	4.09e-21	108
uvig_311200	MGYG000002445_2	100.000	55	0	0	68768	68822	856020	856074	1.90e-19	102
uvig_311200	MGYG000002445_2	98.214	56	1	0	68767	68822	405930	405875	2.46e-18	99.0
uvig_311200	MGYG000002445_2	95.000	60	2	1	68763	68822	302024	301966	1.15e-16	93.5
uvig_311200	MGYG000002445_2	96.429	56	1	1	48553	48608	127947	127893	4.12e-16	91.6
uvig_311200	MGYG000002445_2	90.741	54	5	0	65287	65340	644844	644791	1.49e-10	73.1
uvig_311200	MGYG000002445_2	95.349	43	2	0	48491	48533	563358	563316	1.93e-09	69.4
uvig_311200	MGYG000002445_2	100.000	35	0	0	48575	48609	390775	390741	2.50e-08	65.8
uvig_311200	MGYG000002445_2	100.000	33	0	0	49533	49565	243261	243229	3.23e-07	62.1
uvig_311200	MGYG000002445_2	100.000	31	0	0	48578	48608	73093	73063	4.18e-06	58.4
uvig_311200	MGYG000002445_2	100.000	31	0	0	48578	48608	121823	121793	4.18e-06	58.4
uvig_311200	MGYG000002445_2	97.059	34	1	0	48476	48509	851341	851374	4.18e-06	58.4
uvig_311200	MGYG000002445_2	100.000	30	0	0	48579	48608	201252	201223	1.50e-05	56.5
uvig_311200	MGYG000002445_2	100.000	30	0	0	48579	48608	225322	225293	1.50e-05	56.5
uvig_311200	MGYG000002445_6	98.519	135	2	0	48474	48608	20047	19913	1.39e-60	239
uvig_311200	MGYG000002445_6	98.496	133	2	0	48476	48608	104358	104226	1.80e-59	235
uvig_311200	MGYG000002445_6	96.296	135	5	0	49431	49565	15653	15519	1.40e-55	222
uvig_311200	MGYG000002445_6	97.600	125	3	0	48484	48608	158320	158196	2.34e-53	215
uvig_311200	MGYG000002445_6	97.222	72	2	0	48537	48608	97050	96979	1.46e-25	122
uvig_311200	MGYG000002445_6	94.872	39	0	2	65302	65340	4881	4845	1.16e-06	60.2
uvig_311200	MGYG000002445_3	98.507	134	2	0	48476	48609	166768	166901	5.00e-60	237
uvig_311200	MGYG000002445_3	99.231	130	1	0	48479	48608	128058	127929	1.80e-59	235
uvig_311200	MGYG000002445_3	96.429	140	4	1	48476	48614	102838	102699	8.37e-58	230
uvig_311200	MGYG000002445_3	95.238	105	1	3	49457	49560	8504	8403	8.61e-38	163
uvig_311200	MGYG000002445_3	94.949	99	5	0	48476	48574	123666	123568	1.44e-35	156
uvig_311200	MGYG000002445_3	94.624	93	4	1	49431	49522	392178	392086	1.12e-31	143
uvig_311200	MGYG000002445_3	98.413	63	1	0	48548	48610	175900	175838	3.16e-22	111
uvig_311200	MGYG000002445_3	98.361	61	1	0	48479	48539	93270	93210	4.09e-21	108
uvig_311200	MGYG000002445_3	100.000	55	0	0	68768	68822	94152	94098	1.90e-19	102
uvig_311200	MGYG000002445_3	100.000	35	0	0	48476	48510	151103	151137	2.50e-08	65.8
uvig_311200	MGYG000002445_3	92.857	42	2	1	49557	49598	114343	114303	1.16e-06	60.2
uvig_311200	MGYG000002445_3	97.143	35	1	0	48483	48517	156670	156704	1.16e-06	60.2
uvig_311200	MGYG000002445_3	100.000	30	0	0	48579	48608	160866	160837	1.50e-05	56.5
uvig_311200	MGYG000002445_7	98.496	133	2	0	48476	48608	80653	80785	1.80e-59	235
uvig_311200	MGYG000002445_7	97.761	134	3	0	48476	48609	19135	19268	2.33e-58	231
uvig_311200	MGYG000002445_7	94.915	118	6	0	48491	48608	78261	78378	1.84e-44	185
uvig_311200	MGYG000002445_7	91.250	80	6	1	49484	49562	30781	30860	4.09e-21	108
uvig_311200	MGYG000002483_12	74.745	392	83	15	65405	65786	505781	505396	3.10e-37	161
uvig_311200	MGYG000001617_75	78.824	170	34	2	57623	57791	733	901	8.79e-23	113
uvig_311200	MGYG000001617_39	83.193	119	16	4	49421	49536	8721	8838	1.47e-20	106
uvig_311200	MGYG000001617_84	80.198	101	15	4	49431	49528	1962	2060	5.37e-10	71.3
uvig_255432	MGYG000002445_2	99.673	20193	59	3	36896	57082	605927	585736	0.0	36917
uvig_255432	MGYG000002445_2	99.645	2252	8	0	13	2264	608151	605900	0.0	4115
uvig_255432	MGYG000002445_2	94.488	127	7	0	39348	39474	633790	633664	7.04e-48	196
uvig_255432	MGYG000002445_2	93.548	124	8	0	39348	39471	371043	370920	1.52e-44	185
uvig_255432	MGYG000002445_2	91.111	135	10	2	39341	39474	533863	533730	1.97e-43	182
uvig_255432	MGYG000002445_2	91.228	114	10	0	56969	57082	725309	725196	1.19e-35	156
uvig_255432	MGYG000002445_2	92.308	104	8	0	56979	57082	405983	406086	2.00e-33	148
uvig_255432	MGYG000002445_2	92.157	102	8	0	56981	57082	324937	325038	2.59e-32	145
uvig_255432	MGYG000002445_2	91.509	106	8	1	56977	57082	389414	389310	2.59e-32	145
uvig_255432	MGYG000002445_2	92.157	102	8	0	56981	57082	414229	414128	2.59e-32	145
uvig_255432	MGYG000002445_2	92.079	101	8	0	56982	57082	220607	220507	9.30e-32	143
uvig_255432	MGYG000002445_2	92.079	101	8	0	56982	57082	269889	269789	9.30e-32	143
uvig_255432	MGYG000002445_2	92.079	101	8	0	56982	57082	576298	576398	9.30e-32	143
uvig_255432	MGYG000002445_2	91.346	104	9	0	56979	57082	613970	614073	9.30e-32	143
uvig_255432	MGYG000002445_2	90.566	106	10	0	56977	57082	557040	556935	3.35e-31	141
uvig_255432	MGYG000002445_2	92.632	95	7	0	56988	57082	94313	94219	4.33e-30	137
uvig_255432	MGYG000002445_2	91.089	101	9	0	56982	57082	376161	376061	4.33e-30	137
uvig_255432	MGYG000002445_2	91.089	101	9	0	56982	57082	609106	609006	4.33e-30	137
uvig_255432	MGYG000002445_2	91.089	101	9	0	56982	57082	752824	752924	4.33e-30	137
uvig_255432	MGYG000002445_2	90.099	101	10	0	56982	57082	437245	437145	2.01e-28	132
uvig_255432	MGYG000002445_2	92.771	83	6	0	39393	39475	575086	575004	4.36e-25	121
uvig_255432	MGYG000002445_2	93.671	79	5	0	39393	39471	136256	136178	1.57e-24	119
uvig_255432	MGYG000002445_2	90.805	87	8	0	56976	57062	745802	745716	5.64e-24	117
uvig_255432	MGYG000002445_2	92.208	77	6	0	39393	39469	378090	378014	9.43e-22	110
uvig_255432	MGYG000002445_2	90.789	76	7	0	56988	57063	439434	439359	1.58e-19	102
uvig_255432	MGYG000002445_2	93.443	61	4	0	56982	57042	530769	530709	3.42e-16	91.6
uvig_255432	MGYG000002445_2	85.714	77	11	0	39393	39469	289797	289721	2.06e-13	82.4
uvig_255432	MGYG000002445_2	96.000	50	2	0	39420	39469	725441	725392	2.06e-13	82.4
uvig_255432	MGYG000002445_2	92.308	52	4	0	39418	39469	139985	139934	3.44e-11	75.0
uvig_255432	MGYG000002445_2	86.538	52	5	2	38405	38455	83754	83704	1.25e-05	56.5
uvig_255432	MGYG000001367_1	77.732	2169	461	19	50425	52579	310513	312673	0.0	1310
uvig_255432	MGYG000001367_1	79.142	1189	228	18	934	2111	275611	276790	0.0	804
uvig_255432	MGYG000001367_1	79.808	1040	210	0	37460	38499	277639	278678	0.0	758
uvig_255432	MGYG000001367_1	75.862	1334	311	7	48019	49347	306135	307462	0.0	669
uvig_255432	MGYG000001367_1	81.895	707	127	1	38563	39268	278697	279403	5.94e-168	595
uvig_255432	MGYG000001367_1	84.252	254	24	12	671	912	275314	275563	5.37e-59	233
uvig_255432	MGYG000003074_7	77.271	2301	476	38	50410	52683	3359	5639	0.0	1308
uvig_255432	MGYG000002483_35	78.490	1311	268	12	45975	47278	165401	164098	0.0	846
uvig_255432	MGYG000002483_35	86.538	104	12	2	810	911	174169	174066	7.29e-23	113
uvig_255432	MGYG000002483_35	94.030	67	3	1	711	777	174239	174174	5.68e-19	100
uvig_255432	MGYG000002445_4	95.420	131	5	1	39341	39471	47164	47293	3.25e-51	207
uvig_255432	MGYG000002445_4	92.308	104	8	0	56979	57082	168008	168111	2.00e-33	148
uvig_255432	MGYG000002445_4	93.814	97	6	0	56986	57082	242597	242501	7.19e-33	147
uvig_255432	MGYG000002445_4	93.750	96	6	0	56987	57082	21575	21670	2.59e-32	145
uvig_255432	MGYG000002445_4	91.429	105	9	0	56978	57082	119151	119047	2.59e-32	145
uvig_255432	MGYG000002445_4	89.565	115	11	1	56968	57082	209942	210055	2.59e-32	145
uvig_255432	MGYG000002445_4	90.090	111	10	1	56973	57082	132634	132744	9.30e-32	143
uvig_255432	MGYG000002445_4	93.684	95	6	0	56988	57082	148480	148574	9.30e-32	143
uvig_255432	MGYG000002445_4	92.079	101	8	0	56982	57082	170250	170350	9.30e-32	143
uvig_255432	MGYG000002445_4	89.815	108	11	0	56975	57082	42037	42144	1.20e-30	139
uvig_255432	MGYG000002445_4	91.089	101	9	0	56982	57082	81468	81568	4.33e-30	137
uvig_255432	MGYG000002445_4	90.099	101	10	0	56982	57082	81327	81427	2.01e-28	132
uvig_255432	MGYG000002445_4	93.976	83	5	0	39393	39475	248199	248281	9.37e-27	126
uvig_255432	MGYG000002445_4	89.744	78	7	1	39393	39470	470	546	2.04e-18	99.0
uvig_255432	MGYG000002445_1	93.893	131	8	0	39341	39471	633160	633030	1.96e-48	198
uvig_255432	MGYG000002445_1	93.846	130	7	1	39341	39469	1018003	1017874	2.53e-47	195
uvig_255432	MGYG000002445_1	92.424	132	10	0	39340	39471	735128	734997	1.18e-45	189
uvig_255432	MGYG000002445_1	89.510	143	14	1	39332	39474	506207	506066	7.09e-43	180
uvig_255432	MGYG000002445_1	89.706	136	12	2	39341	39474	474460	474325	1.19e-40	172
uvig_255432	MGYG000002445_1	89.630	135	13	1	39341	39474	560974	560840	4.27e-40	171
uvig_255432	MGYG000002445_1	94.059	101	6	0	56982	57082	421092	421192	4.30e-35	154
uvig_255432	MGYG000002445_1	91.818	110	9	0	56973	57082	732653	732544	4.30e-35	154
uvig_255432	MGYG000002445_1	93.069	101	7	0	56982	57082	932474	932574	2.00e-33	148
uvig_255432	MGYG000002445_1	90.351	114	9	2	56971	57082	993376	993263	2.00e-33	148
uvig_255432	MGYG000002445_1	93.069	101	7	0	56982	57082	1026500	1026400	2.00e-33	148
uvig_255432	MGYG000002445_1	92.157	102	8	0	56981	57082	707935	707834	2.59e-32	145
uvig_255432	MGYG000002445_1	93.684	95	6	0	56988	57082	452612	452518	9.30e-32	143
uvig_255432	MGYG000002445_1	92.079	101	8	0	56982	57082	542425	542325	9.30e-32	143
uvig_255432	MGYG000002445_1	90.000	110	11	0	56973	57082	773893	773784	9.30e-32	143
uvig_255432	MGYG000002445_1	90.476	105	10	0	56978	57082	759665	759769	1.20e-30	139
uvig_255432	MGYG000002445_1	92.632	95	7	0	56988	57082	135734	135828	4.33e-30	137
uvig_255432	MGYG000002445_1	91.089	101	9	0	56982	57082	139471	139571	4.33e-30	137
uvig_255432	MGYG000002445_1	91.089	101	9	0	56982	57082	499190	499090	4.33e-30	137
uvig_255432	MGYG000002445_1	91.089	101	9	0	56982	57082	555279	555379	4.33e-30	137
uvig_255432	MGYG000002445_1	92.632	95	6	1	56987	57081	247042	247135	1.56e-29	135
uvig_255432	MGYG000002445_1	89.423	104	11	0	56979	57082	716570	716467	2.01e-28	132
uvig_255432	MGYG000002445_1	91.579	95	8	0	56988	57082	776375	776281	2.01e-28	132
uvig_255432	MGYG000002445_1	89.109	101	11	0	56982	57082	1036505	1036405	9.37e-27	126
uvig_255432	MGYG000002445_1	92.771	83	6	0	39393	39475	396316	396234	4.36e-25	121
uvig_255432	MGYG000002445_1	95.946	74	3	0	56982	57055	769833	769760	4.36e-25	121
uvig_255432	MGYG000002445_1	93.671	79	5	0	39393	39471	530942	530864	1.57e-24	119
uvig_255432	MGYG000002445_1	91.463	82	6	1	39393	39474	658912	658832	2.62e-22	111
uvig_255432	MGYG000002445_1	91.250	80	7	0	39393	39472	762349	762270	9.43e-22	110
uvig_255432	MGYG000002445_1	91.429	70	6	0	57013	57082	3066	3135	7.35e-18	97.1
uvig_255432	MGYG000001617_19	81.273	267	27	19	671	923	62606	62863	2.53e-47	195
uvig_255432	MGYG000002445_6	91.852	135	11	0	39341	39475	15652	15518	1.18e-45	189
uvig_255432	MGYG000002445_6	92.308	104	8	0	56979	57082	104361	104258	2.00e-33	148
uvig_255432	MGYG000002445_6	92.473	93	7	0	56990	57082	158320	158228	5.60e-29	134
uvig_255432	MGYG000002445_5	93.578	109	7	0	56974	57082	127768	127660	7.14e-38	163
uvig_255432	MGYG000002445_5	90.991	111	9	1	56973	57082	48006	47896	2.00e-33	148
uvig_255432	MGYG000002445_5	91.509	106	8	1	56977	57082	134853	134957	2.59e-32	145
uvig_255432	MGYG000002445_5	94.203	69	3	1	57015	57082	83974	84042	4.39e-20	104
uvig_255432	MGYG000002445_5	93.651	63	4	0	56987	57049	89841	89779	2.64e-17	95.3
uvig_255432	MGYG000002445_5	88.525	61	7	0	39393	39453	195450	195390	3.44e-11	75.0
uvig_255432	MGYG000002445_3	93.137	102	7	0	56981	57082	166767	166868	5.56e-34	150
uvig_255432	MGYG000002445_3	92.079	101	8	0	56982	57082	102838	102738	9.30e-32	143
uvig_255432	MGYG000002445_3	95.556	90	3	1	39342	39431	392174	392086	9.30e-32	143
uvig_255432	MGYG000002445_3	92.784	97	7	0	56986	57082	128057	127961	3.35e-31	141
uvig_255432	MGYG000002445_3	93.333	60	4	0	56986	57045	93269	93210	1.23e-15	89.8
uvig_255432	MGYG000002445_7	93.069	101	7	0	56982	57082	80653	80753	2.00e-33	148
uvig_255432	MGYG000002445_7	91.176	102	9	0	56981	57082	19134	19235	1.20e-30	139
uvig_255432	MGYG000002445_7	88.750	80	8	1	39393	39472	16040	16118	7.35e-18	97.1
uvig_255432	MGYG000003074_58	83.871	124	14	4	809	927	10309	10187	7.29e-23	113
uvig_255432	MGYG000003074_58	91.026	78	4	3	701	776	10390	10314	1.58e-19	102
uvig_255432	MGYG000002170_104	85.321	109	10	4	809	912	7232	7125	3.39e-21	108
uvig_255432	MGYG000002170_104	91.026	78	4	3	701	776	7313	7237	1.58e-19	102
uvig_255432	MGYG000001617_39	84.762	105	13	3	39334	39437	8728	8830	1.58e-19	102
uvig_299095	MGYG000001367_3	99.911	14536	3	1	48700	63235	93085	107610	0.0	26762
uvig_299095	MGYG000001367_3	99.603	4278	15	2	63703	67979	107611	111887	0.0	7805
uvig_299095	MGYG000001367_3	99.968	3084	0	1	1	3084	90029	93111	0.0	5688
uvig_299095	MGYG000001367_3	96.970	132	3	1	67849	67979	574759	574628	4.98e-55	220
uvig_299095	MGYG000001367_3	96.947	131	3	1	67850	67979	286190	286060	1.79e-54	219
uvig_299095	MGYG000001367_3	95.455	132	4	2	67849	67979	620799	620669	1.08e-51	209
uvig_299095	MGYG000001367_3	95.420	131	4	2	67850	67979	480444	480573	3.87e-51	207
uvig_299095	MGYG000001367_3	93.893	131	8	0	67849	67979	317770	317640	2.33e-48	198
uvig_299095	MGYG000001367_3	93.233	133	7	1	67849	67979	445075	444943	3.02e-47	195
uvig_299095	MGYG000001367_3	93.130	131	7	2	67850	67979	112905	112776	3.90e-46	191
uvig_299095	MGYG000001367_3	93.750	128	7	1	67849	67976	610858	610984	3.90e-46	191
uvig_299095	MGYG000001367_3	92.308	130	9	1	67850	67979	36291	36163	6.53e-44	183
uvig_299095	MGYG000001367_3	92.248	129	10	0	67850	67978	478450	478578	6.53e-44	183
uvig_299095	MGYG000001367_3	91.667	132	7	4	67849	67978	272049	271920	8.44e-43	180
uvig_299095	MGYG000001367_3	91.667	132	8	3	67849	67979	367499	367628	8.44e-43	180
uvig_299095	MGYG000001367_3	91.667	132	8	3	67849	67979	367917	368046	8.44e-43	180
uvig_299095	MGYG000001367_3	90.909	132	8	4	67850	67979	602189	602318	3.93e-41	174
uvig_299095	MGYG000001367_3	90.076	131	11	2	67850	67979	139690	139561	1.83e-39	169
uvig_299095	MGYG000001367_3	87.586	145	14	4	67838	67979	367067	367210	2.36e-38	165
uvig_299095	MGYG000001367_3	92.920	113	7	1	67850	67961	335171	335283	8.50e-38	163
uvig_299095	MGYG000001367_3	93.258	89	4	2	67877	67964	205755	205842	8.63e-28	130
uvig_299095	MGYG000001617_43	75.610	3485	780	63	60146	63597	8296	4849	0.0	1663
uvig_299095	MGYG000001617_43	80.497	2092	396	12	49743	51828	15810	13725	0.0	1592
uvig_299095	MGYG000001617_43	83.583	1334	217	2	57409	58741	12743	11411	0.0	1249
uvig_299095	MGYG000001617_43	85.894	1035	144	2	66409	67442	2180	1147	0.0	1101
uvig_299095	MGYG000001617_43	93.290	462	30	1	48644	49105	16789	16329	0.0	680
uvig_299095	MGYG000001617_43	92.529	348	21	5	52143	52486	13367	13021	2.66e-137	494
uvig_299095	MGYG000001617_43	86.984	315	33	7	67504	67816	867	559	2.19e-93	348
uvig_299095	MGYG000002483_7	74.582	2632	602	58	49257	51846	37887	40493	0.0	1092
uvig_299095	MGYG000002483_7	78.744	1035	210	9	66410	67439	44789	45818	0.0	684
uvig_299095	MGYG000002483_7	90.698	344	31	1	48700	49042	37326	37669	3.48e-126	457
uvig_299095	MGYG000002483_7	74.129	201	34	12	67567	67752	46031	46228	6.86e-09	67.6
uvig_299095	MGYG000002170_19	76.398	1377	285	33	66405	67752	10986	9621	0.0	706
uvig_299095	MGYG000002170_19	89.925	268	26	1	48776	49042	25929	25662	2.83e-92	344
uvig_299095	MGYG000002445_1	93.548	341	19	1	48702	49042	568100	567763	1.23e-140	505
uvig_299095	MGYG000003074_35	90.351	342	32	1	48702	49042	9660	10001	2.10e-123	448
uvig_299095	MGYG000002483_16	72.964	921	219	28	56205	57110	170044	170949	2.89e-77	294
uvig_299095	MGYG000001367_13	98.462	130	2	0	67850	67979	39486	39357	8.27e-58	230
uvig_299095	MGYG000001367_13	90.076	131	9	4	67851	67979	76204	76332	6.57e-39	167
uvig_299095	MGYG000001367_13	89.062	64	6	1	67850	67913	16070	16132	3.17e-12	78.7
uvig_299095	MGYG000001367_6	98.462	130	2	0	67850	67979	34261	34390	8.27e-58	230
uvig_299095	MGYG000001367_6	96.183	131	4	1	67849	67979	58574	58703	8.33e-53	213
uvig_299095	MGYG000001367_6	96.154	130	5	0	67850	67979	310127	310256	8.33e-53	213
uvig_299095	MGYG000001367_6	93.893	131	6	2	67850	67979	301516	301387	8.38e-48	196
uvig_299095	MGYG000001367_6	91.034	145	9	4	67838	67979	167537	167394	1.08e-46	193
uvig_299095	MGYG000001367_6	93.182	132	7	2	67849	67979	183265	183395	1.08e-46	193
uvig_299095	MGYG000001367_6	93.130	131	7	2	67850	67978	262261	262131	3.90e-46	191
uvig_299095	MGYG000001367_6	93.651	126	8	0	67853	67978	88449	88324	1.40e-45	189
uvig_299095	MGYG000001367_6	92.537	134	5	4	67849	67979	68405	68536	5.05e-45	187
uvig_299095	MGYG000001367_6	92.308	117	7	2	67864	67979	283561	283446	2.36e-38	165
uvig_299095	MGYG000001367_6	91.379	116	9	1	66281	66395	127861	127976	3.96e-36	158
uvig_299095	MGYG000001367_6	92.000	100	4	4	67849	67946	240006	239909	5.15e-30	137
uvig_299095	MGYG000001367_6	95.652	69	2	1	67849	67916	184217	184149	1.12e-21	110
uvig_299095	MGYG000001367_6	94.118	68	4	0	67849	67916	69142	69075	5.23e-20	104
uvig_299095	MGYG000001367_6	93.220	59	4	0	67850	67908	81118	81060	5.27e-15	87.9
uvig_299095	MGYG000001367_6	97.436	39	0	1	4859	4896	225145	225183	2.47e-08	65.8
uvig_299095	MGYG000001367_6	100.000	34	0	0	34482	34515	227984	227951	8.87e-08	63.9
uvig_299095	MGYG000001367_8	97.710	131	2	1	67849	67979	87847	87718	3.85e-56	224
uvig_299095	MGYG000001367_8	91.083	157	7	6	67826	67979	78371	78523	1.39e-50	206
uvig_299095	MGYG000001367_5	97.692	130	3	0	67850	67979	31030	30901	3.85e-56	224
uvig_299095	MGYG000001367_5	96.154	130	3	2	67850	67979	377602	377475	2.99e-52	211
uvig_299095	MGYG000001367_5	95.455	132	5	1	67849	67979	320860	320991	1.08e-51	209
uvig_299095	MGYG000001367_5	93.798	129	8	0	67850	67978	315570	315442	3.02e-47	195
uvig_299095	MGYG000001367_5	93.233	133	6	3	67849	67979	391967	392098	1.08e-46	193
uvig_299095	MGYG000001367_5	92.424	132	8	2	67849	67979	354881	354751	5.05e-45	187
uvig_299095	MGYG000001367_5	90.769	130	10	2	67850	67979	395784	395657	1.41e-40	172
uvig_299095	MGYG000001367_5	90.244	82	6	2	67899	67979	350873	350793	1.45e-20	106
uvig_299095	MGYG000001367_5	100.000	38	0	0	31995	32032	112032	111995	5.30e-10	71.3
uvig_299095	MGYG000001367_5	100.000	38	0	0	32581	32618	113851	113888	5.30e-10	71.3
uvig_299095	MGYG000001367_5	100.000	35	0	0	7521	7555	110346	110380	2.47e-08	65.8
uvig_299095	MGYG000001367_5	100.000	35	0	0	28829	28863	113786	113820	2.47e-08	65.8
uvig_299095	MGYG000001367_5	100.000	34	0	0	40323	40356	110316	110283	8.87e-08	63.9
uvig_299095	MGYG000001367_5	97.143	35	1	0	5750	5784	115827	115861	1.15e-06	60.2
uvig_299095	MGYG000001367_4	97.692	130	3	0	67850	67979	519085	518956	3.85e-56	224
uvig_299095	MGYG000001367_4	96.947	131	3	1	67849	67979	197893	198022	1.79e-54	219
uvig_299095	MGYG000001367_4	95.455	132	4	2	67849	67979	159390	159520	1.08e-51	209
uvig_299095	MGYG000001367_4	94.574	129	7	0	67850	67978	514783	514655	6.48e-49	200
uvig_299095	MGYG000001367_4	93.985	133	5	3	67849	67979	344783	344652	2.33e-48	198
uvig_299095	MGYG000001367_4	93.939	132	6	2	67849	67979	545232	545102	2.33e-48	198
uvig_299095	MGYG000001367_4	93.939	132	5	3	67850	67979	190349	190219	8.38e-48	196
uvig_299095	MGYG000001367_4	93.182	132	7	2	67849	67979	147189	147059	1.08e-46	193
uvig_299095	MGYG000001367_4	93.182	132	7	2	67849	67979	172052	171922	1.08e-46	193
uvig_299095	MGYG000001367_4	93.130	131	7	2	67850	67979	566902	566773	3.90e-46	191
uvig_299095	MGYG000001367_4	92.424	132	8	2	67849	67979	9719	9589	5.05e-45	187
uvig_299095	MGYG000001367_4	91.209	91	5	3	67849	67937	237846	237757	5.19e-25	121
uvig_299095	MGYG000001367_4	94.667	75	4	0	67905	67979	55374	55300	6.72e-24	117
uvig_299095	MGYG000001367_4	100.000	56	0	0	1	56	604885	604940	5.23e-20	104
uvig_299095	MGYG000001367_1	96.923	130	4	0	67850	67979	336550	336679	1.79e-54	219
uvig_299095	MGYG000001367_1	96.154	130	5	0	67850	67979	389717	389588	8.33e-53	213
uvig_299095	MGYG000001367_1	96.183	131	4	1	67849	67979	757038	756909	8.33e-53	213
uvig_299095	MGYG000001367_1	96.183	131	3	2	67850	67979	916147	916276	8.33e-53	213
uvig_299095	MGYG000001367_1	96.183	131	4	1	67850	67979	961917	961787	8.33e-53	213
uvig_299095	MGYG000001367_1	96.154	130	4	1	67850	67979	400246	400118	2.99e-52	211
uvig_299095	MGYG000001367_1	95.420	131	4	2	67850	67979	83559	83430	3.87e-51	207
uvig_299095	MGYG000001367_1	95.385	130	6	0	67850	67979	1030343	1030214	3.87e-51	207
uvig_299095	MGYG000001367_1	93.985	133	5	3	67849	67979	786490	786621	2.33e-48	198
uvig_299095	MGYG000001367_1	93.893	131	6	2	67850	67979	132076	132205	8.38e-48	196
uvig_299095	MGYG000001367_1	93.893	131	6	2	67850	67979	879918	879789	8.38e-48	196
uvig_299095	MGYG000001367_1	93.939	132	5	3	67849	67978	1011372	1011242	8.38e-48	196
uvig_299095	MGYG000001367_1	93.846	130	7	1	67850	67979	237244	237116	3.02e-47	195
uvig_299095	MGYG000001367_1	93.233	133	6	3	67849	67979	845726	845857	1.08e-46	193
uvig_299095	MGYG000001367_1	93.182	132	7	2	67849	67979	933483	933613	1.08e-46	193
uvig_299095	MGYG000001367_1	93.182	132	6	3	67850	67979	160046	160176	3.90e-46	191
uvig_299095	MGYG000001367_1	90.972	144	10	3	67838	67979	289236	289094	3.90e-46	191
uvig_299095	MGYG000001367_1	93.130	131	7	2	67849	67978	706840	706711	3.90e-46	191
uvig_299095	MGYG000001367_1	93.077	130	7	2	67850	67978	122555	122683	1.40e-45	189
uvig_299095	MGYG000001367_1	93.077	130	8	1	67850	67979	318886	319014	1.40e-45	189
uvig_299095	MGYG000001367_1	93.130	131	6	3	67850	67979	933070	933198	1.40e-45	189
uvig_299095	MGYG000001367_1	92.424	132	8	2	67849	67979	251081	251211	5.05e-45	187
uvig_299095	MGYG000001367_1	92.424	132	8	2	67849	67979	736179	736309	5.05e-45	187
uvig_299095	MGYG000001367_1	92.366	131	10	0	67849	67979	988416	988546	5.05e-45	187
uvig_299095	MGYG000001367_1	92.366	131	8	2	67849	67978	309506	309635	1.81e-44	185
uvig_299095	MGYG000001367_1	92.366	131	8	2	67850	67979	386014	385885	1.81e-44	185
uvig_299095	MGYG000001367_1	92.366	131	8	2	67850	67979	615978	615849	1.81e-44	185
uvig_299095	MGYG000001367_1	92.366	131	8	2	67850	67979	977450	977321	1.81e-44	185
uvig_299095	MGYG000001367_1	92.248	129	10	0	67850	67978	300555	300427	6.53e-44	183
uvig_299095	MGYG000001367_1	92.248	129	8	1	67850	67978	156622	156748	2.35e-43	182
uvig_299095	MGYG000001367_1	92.248	129	8	1	67850	67978	662916	663042	2.35e-43	182
uvig_299095	MGYG000001367_1	91.667	132	9	2	67849	67979	798288	798418	2.35e-43	182
uvig_299095	MGYG000001367_1	91.667	132	9	2	67849	67979	909032	908902	2.35e-43	182
uvig_299095	MGYG000001367_1	91.603	131	9	2	67850	67979	275260	275131	8.44e-43	180
uvig_299095	MGYG000001367_1	91.045	134	8	3	67850	67979	147358	147225	3.04e-42	178
uvig_299095	MGYG000001367_1	90.840	131	10	2	67850	67979	62064	62193	3.93e-41	174
uvig_299095	MGYG000001367_1	90.769	130	10	2	67851	67979	348433	348305	1.41e-40	172
uvig_299095	MGYG000001367_1	90.299	134	8	5	67850	67979	186861	186729	5.08e-40	171
uvig_299095	MGYG000001367_1	89.130	138	13	1	66262	66399	470941	470806	5.08e-40	171
uvig_299095	MGYG000001367_1	87.162	148	15	3	67834	67978	606933	607079	2.36e-38	165
uvig_299095	MGYG000001367_1	88.722	133	12	1	67841	67970	436732	436864	1.10e-36	159
uvig_299095	MGYG000001367_1	89.231	130	10	4	67853	67979	856410	856282	1.10e-36	159
uvig_299095	MGYG000001367_1	83.871	62	6	4	67857	67916	309845	309786	1.48e-05	56.5
uvig_299095	MGYG000001367_15	96.183	131	5	0	67849	67979	16711	16841	2.31e-53	215
uvig_299095	MGYG000001367_17	96.825	126	3	1	67854	67979	2273	2149	1.08e-51	209
uvig_299095	MGYG000001367_2	95.420	131	6	0	67849	67979	105238	105368	1.08e-51	209
uvig_299095	MGYG000001367_2	96.124	129	4	1	67850	67978	374352	374479	1.08e-51	209
uvig_299095	MGYG000001367_2	95.455	132	5	1	67849	67979	611786	611655	1.08e-51	209
uvig_299095	MGYG000001367_2	95.385	130	6	0	67849	67978	615930	615801	3.87e-51	207
uvig_299095	MGYG000001367_2	95.385	130	5	1	67850	67979	260263	260135	1.39e-50	206
uvig_299095	MGYG000001367_2	95.349	129	6	0	67851	67979	630464	630592	1.39e-50	206
uvig_299095	MGYG000001367_2	94.656	131	6	1	67850	67979	455538	455668	1.80e-49	202
uvig_299095	MGYG000001367_2	93.939	132	7	1	67849	67979	508878	508747	2.33e-48	198
uvig_299095	MGYG000001367_2	93.182	132	6	3	67849	67979	531061	531190	3.90e-46	191
uvig_299095	MGYG000001367_2	92.424	132	8	2	67849	67979	585342	585472	5.05e-45	187
uvig_299095	MGYG000001367_2	92.366	131	8	2	67850	67979	467696	467825	1.81e-44	185
uvig_299095	MGYG000001367_2	91.667	132	10	1	67849	67979	113175	113044	2.35e-43	182
uvig_299095	MGYG000001367_2	91.603	131	9	2	67850	67979	675173	675302	8.44e-43	180
uvig_299095	MGYG000001367_2	90.909	132	10	2	67849	67979	151091	151221	1.09e-41	176
uvig_299095	MGYG000001367_2	92.188	128	5	4	67853	67979	566218	566095	1.09e-41	176
uvig_299095	MGYG000001367_2	89.362	141	12	3	67833	67970	445153	445013	3.93e-41	174
uvig_299095	MGYG000001367_2	90.076	131	9	3	67849	67978	670013	670140	6.57e-39	167
uvig_299095	MGYG000001367_2	89.394	132	12	2	67849	67979	327489	327619	2.36e-38	165
uvig_299095	MGYG000001367_2	88.806	134	11	3	67849	67979	306097	306229	3.06e-37	161
uvig_299095	MGYG000001367_2	93.578	109	3	1	67875	67979	648022	648130	1.10e-36	159
uvig_299095	MGYG000001367_2	85.350	157	17	5	67827	67979	365694	365848	3.96e-36	158
uvig_299095	MGYG000001367_2	85.714	147	15	5	67837	67979	272969	272825	6.62e-34	150
uvig_299095	MGYG000001367_2	85.417	144	17	3	67837	67979	139338	139478	8.56e-33	147
uvig_299095	MGYG000001367_2	92.308	91	3	2	67891	67979	337959	337871	1.12e-26	126
uvig_299095	MGYG000001367_2	98.485	66	1	0	67850	67915	542215	542280	6.72e-24	117
uvig_299095	MGYG000001367_2	91.463	82	5	2	67899	67979	435013	434933	3.12e-22	111
uvig_299095	MGYG000001367_2	92.405	79	3	1	67850	67925	375686	375608	1.12e-21	110
uvig_299095	MGYG000001367_2	100.000	55	0	0	1	55	233414	233468	1.88e-19	102
uvig_299095	MGYG000001367_2	95.122	41	2	0	66356	66396	521378	521418	2.47e-08	65.8
uvig_299095	MGYG000001367_11	94.656	131	5	2	67850	67979	21172	21043	1.80e-49	202
uvig_299095	MGYG000001367_11	93.939	132	7	1	67849	67979	13048	12917	2.33e-48	198
uvig_299095	MGYG000001367_11	90.625	64	6	0	67850	67913	37744	37681	1.89e-14	86.1
uvig_299095	MGYG000001367_10	93.893	131	6	2	67850	67979	63584	63713	8.38e-48	196
uvig_299095	MGYG000001367_10	93.893	131	6	2	67850	67979	64046	64175	8.38e-48	196
uvig_299095	MGYG000001367_10	93.077	130	9	0	67850	67979	34820	34949	3.90e-46	191
uvig_299095	MGYG000001367_10	93.130	131	7	2	67850	67979	123675	123804	3.90e-46	191
uvig_299095	MGYG000001367_10	86.861	137	17	1	66260	66395	96293	96157	1.84e-34	152
uvig_299095	MGYG000001367_9	93.846	130	8	0	67850	67979	33476	33605	8.38e-48	196
uvig_299095	MGYG000001367_9	90.909	132	9	2	67850	67979	109136	109006	3.93e-41	174
uvig_299095	MGYG000001367_9	90.226	133	10	3	67849	67979	59431	59562	5.08e-40	171
uvig_299095	MGYG000001367_9	91.057	123	9	1	67856	67978	85790	85910	2.36e-38	165
uvig_299095	MGYG000001367_9	85.950	121	15	2	67849	67967	43064	42944	3.10e-27	128
uvig_299095	MGYG000001367_7	93.182	132	7	2	67849	67979	59280	59150	1.08e-46	193
uvig_299095	MGYG000001367_7	93.182	132	6	3	67850	67979	96216	96346	3.90e-46	191
uvig_299095	MGYG000001367_7	93.023	129	9	0	67850	67978	151106	150978	1.40e-45	189
uvig_299095	MGYG000001367_7	92.424	132	8	2	67849	67979	46557	46427	5.05e-45	187
uvig_299095	MGYG000001367_7	87.413	143	13	4	67839	67979	35298	35159	1.10e-36	159
uvig_299095	MGYG000001367_7	90.816	98	7	2	66303	66399	66745	66649	8.63e-28	130
uvig_299095	MGYG000001367_7	97.674	43	1	0	67936	67978	216117	216159	4.10e-11	75.0
uvig_299095	MGYG000001367_12	92.481	133	6	4	67849	67979	27311	27441	5.05e-45	187
uvig_299095	MGYG000001367_12	100.000	28	0	0	67857	67884	27610	27583	1.92e-04	52.8
uvig_299095	MGYG000001617_75	93.388	121	8	0	67850	67970	23994	24114	8.44e-43	180
uvig_299095	MGYG000001617_23	90.977	133	12	0	66263	66395	49029	48897	8.44e-43	180
uvig_299095	MGYG000003074_122	77.323	269	38	18	67493	67746	387	127	5.15e-30	137
uvig_299095	MGYG000001617_1	94.444	72	4	0	67850	67921	193805	193876	3.12e-22	111
uvig_299095	MGYG000001617_32	93.056	72	5	0	67850	67921	61947	62018	1.45e-20	106
uvig_299095	MGYG000001367_34	100.000	54	0	0	1	54	54	1	6.76e-19	100
uvig_299095	MGYG000001367_40	100.000	40	0	0	67940	67979	1	40	4.10e-11	75.0
uvig_299095	MGYG000001367_22	92.453	53	3	1	67850	67901	2037	1985	4.10e-11	75.0
uvig_299095	MGYG000002170_15	97.222	36	0	1	47233	47267	3938	3903	1.15e-06	60.2
uvig_299095	MGYG000002483_4	100.000	30	0	0	3091	3120	205590	205561	1.48e-05	56.5
uvig_159024	MGYG000002483_16	99.035	15132	133	11	3059	18184	30393	15269	0.0	27122
uvig_159024	MGYG000002483_16	97.947	13832	274	10	19248	33074	13827	1	0.0	23961
uvig_159024	MGYG000002483_16	94.118	1156	63	4	236	1390	33174	32023	0.0	1753
uvig_159024	MGYG000002483_16	97.944	827	15	1	1636	2460	31827	31001	0.0	1432
uvig_159024	MGYG000002483_16	83.654	416	52	16	18711	19118	14352	13945	1.38e-102	377
uvig_159024	MGYG000002483_16	93.860	114	7	0	1	114	33263	33150	6.97e-41	172
uvig_159024	MGYG000002483_16	90.826	109	10	0	26251	26359	6561	6453	4.23e-33	147
uvig_159024	MGYG000002445_3	97.912	479	7	3	33076	33552	102557	102080	0.0	826
uvig_431173	MGYG000002445_5	99.322	13579	91	1	63254	76832	162925	149348	0.0	24565
uvig_431173	MGYG000002445_5	99.235	915	6	1	529	1443	163832	162919	0.0	1650
uvig_431173	MGYG000002445_5	92.992	528	37	0	1	528	164409	163882	0.0	771
uvig_431173	MGYG000001367_3	80.848	3608	631	48	70668	74247	194816	191241	0.0	2780
uvig_431173	MGYG000001367_3	76.107	1603	363	17	64793	66385	201272	199680	0.0	821
uvig_431173	MGYG000001367_3	81.013	79	14	1	63317	63395	209222	209145	3.61e-07	62.1
uvig_431173	MGYG000001617_117	81.017	2597	459	29	71674	74248	1576	4160	0.0	2034
uvig_431173	MGYG000001617_117	83.949	947	146	5	70678	71621	615	1558	0.0	902
uvig_431173	MGYG000001617_62	77.024	1606	347	16	64792	66386	5701	4107	0.0	902
uvig_431173	MGYG000001617_62	83.750	80	11	2	63317	63395	13735	13657	4.63e-11	75.0
uvig_431173	MGYG000002170_162	83.333	78	11	2	63318	63395	2046	1971	5.99e-10	71.3
uvig_431173	MGYG000002170_6	100.000	30	0	0	63317	63346	13581	13552	1.68e-05	56.5
uvig_431173	MGYG000001367_14	100.000	30	0	0	63318	63347	24066	24095	1.68e-05	56.5
uvig_431173	MGYG000001367_4	100.000	29	0	0	63318	63346	62598	62626	6.04e-05	54.7
uvig_293316	MGYG000002445_6	98.761	8151	100	1	61062	69211	77971	86121	0.0	14491
uvig_293316	MGYG000002445_6	96.457	5983	184	10	77030	82984	86145	92127	0.0	9849
uvig_293316	MGYG000002445_6	100.000	49	0	0	79956	80004	150868	150916	4.97e-16	91.6
uvig_293316	MGYG000002445_6	100.000	34	0	0	79954	79987	103492	103525	1.08e-07	63.9
uvig_293316	MGYG000001617_31	73.267	2727	649	55	70030	72713	56115	58804	0.0	924
uvig_293316	MGYG000002445_3	100.000	52	0	0	79953	80004	126296	126245	1.07e-17	97.1
uvig_293316	MGYG000002445_3	100.000	49	0	0	79956	80004	173424	173472	4.97e-16	91.6
uvig_293316	MGYG000002445_3	91.667	48	3	1	79941	79987	168245	168292	3.01e-08	65.8
uvig_293316	MGYG000002445_5	92.537	67	4	1	79936	80001	141540	141606	3.84e-17	95.3
uvig_293316	MGYG000002445_5	96.226	53	2	0	79952	80004	164657	164709	6.43e-15	87.9
uvig_293316	MGYG000002445_5	87.838	74	6	3	79933	80004	192675	192747	8.31e-14	84.2
uvig_293316	MGYG000002445_4	98.182	55	0	1	79951	80004	124661	124715	3.84e-17	95.3
uvig_293316	MGYG000002445_4	100.000	49	0	0	79956	80004	85168	85120	4.97e-16	91.6
uvig_293316	MGYG000002445_4	97.959	49	1	0	79956	80004	268552	268504	2.31e-14	86.1
uvig_293316	MGYG000002445_1	100.000	50	0	0	79954	80003	283308	283259	1.38e-16	93.5
uvig_293316	MGYG000002445_1	100.000	50	0	0	79955	80004	360418	360369	1.38e-16	93.5
uvig_293316	MGYG000002445_1	100.000	49	0	0	79956	80004	426369	426417	4.97e-16	91.6
uvig_293316	MGYG000002445_1	100.000	49	0	0	79956	80004	427912	427864	4.97e-16	91.6
uvig_293316	MGYG000002445_1	98.077	52	1	0	79953	80004	447030	447081	4.97e-16	91.6
uvig_293316	MGYG000002445_1	100.000	49	0	0	79956	80004	744809	744857	4.97e-16	91.6
uvig_293316	MGYG000002445_1	98.039	51	1	0	79954	80004	531867	531917	1.79e-15	89.8
uvig_293316	MGYG000002445_1	98.039	51	1	0	79954	80004	713142	713192	1.79e-15	89.8
uvig_293316	MGYG000002445_1	98.039	51	1	0	79954	80004	784579	784529	1.79e-15	89.8
uvig_293316	MGYG000002445_1	96.226	53	2	0	79952	80004	586099	586151	6.43e-15	87.9
uvig_293316	MGYG000002445_1	97.959	49	1	0	79956	80004	156605	156557	2.31e-14	86.1
uvig_293316	MGYG000002445_1	100.000	34	0	0	79954	79987	336389	336422	1.08e-07	63.9
uvig_293316	MGYG000002445_1	100.000	29	0	0	79956	79984	710441	710469	6.52e-05	54.7
uvig_293316	MGYG000002445_2	100.000	49	0	0	79956	80004	584908	584956	4.97e-16	91.6
uvig_293316	MGYG000002445_2	97.368	38	1	0	79956	79993	697277	697314	3.01e-08	65.8
uvig_293316	MGYG000002445_7	100.000	35	0	0	79953	79987	52897	52863	3.01e-08	65.8
uvig_254322	MGYG000002445_1	97.891	9864	180	16	1	9860	1079540	1069701	0.0	17038
uvig_254322	MGYG000002445_1	98.747	7739	77	3	9930	17667	1069697	1061978	0.0	13736
uvig_254322	MGYG000002445_1	96.532	173	5	1	17727	17898	1059927	1059755	2.02e-74	285
uvig_254322	MGYG000002445_1	100.000	77	0	0	17659	17735	1060541	1060465	1.28e-31	143
uvig_254322	MGYG000002445_1	100.000	48	0	0	2804	2851	283309	283262	1.70e-15	89.8
uvig_254322	MGYG000002445_1	98.039	51	1	0	2801	2851	360423	360373	1.70e-15	89.8
uvig_254322	MGYG000002445_1	98.039	51	1	0	2801	2851	713138	713188	1.70e-15	89.8
uvig_254322	MGYG000002445_1	98.000	50	1	0	2802	2851	531864	531913	6.10e-15	87.9
uvig_254322	MGYG000002445_1	100.000	45	0	0	2807	2851	426369	426413	7.89e-14	84.2
uvig_254322	MGYG000002445_1	100.000	45	0	0	2807	2851	427912	427868	7.89e-14	84.2
uvig_254322	MGYG000002445_1	100.000	45	0	0	2807	2851	744809	744853	7.89e-14	84.2
uvig_254322	MGYG000002445_1	97.959	49	0	1	2804	2851	784580	784532	7.89e-14	84.2
uvig_254322	MGYG000002445_1	97.872	47	1	0	2805	2851	447031	447077	2.84e-13	82.4
uvig_254322	MGYG000002445_1	97.778	45	1	0	2807	2851	156605	156561	3.67e-12	78.7
uvig_254322	MGYG000002445_1	97.778	45	1	0	2807	2851	586103	586147	3.67e-12	78.7
uvig_254322	MGYG000002445_1	100.000	35	0	0	2804	2838	336388	336422	2.86e-08	65.8
uvig_254322	MGYG000002445_1	96.970	33	0	1	2803	2835	710438	710469	6.19e-05	54.7
uvig_254322	MGYG000003074_26	76.626	2199	462	39	10048	12209	13134	10951	0.0	1166
uvig_254322	MGYG000002170_109	75.893	2211	487	32	10048	12224	1324	3522	0.0	1088
uvig_254322	MGYG000001367_2	74.126	1631	399	23	10601	12219	659080	657461	0.0	652
uvig_254322	MGYG000001367_2	85.057	87	13	0	9951	10037	659845	659759	1.70e-15	89.8
uvig_254322	MGYG000002483_25	81.953	471	84	1	10047	10516	55002	54532	2.48e-108	398
uvig_254322	MGYG000001617_32	87.500	88	9	2	9951	10037	30644	30558	7.84e-19	100
uvig_254322	MGYG000002445_5	100.000	48	0	0	2804	2851	141558	141605	1.70e-15	89.8
uvig_254322	MGYG000002445_5	96.000	50	0	2	2803	2851	192695	192743	1.02e-12	80.5
uvig_254322	MGYG000002445_5	95.745	47	2	0	2805	2851	164659	164705	1.32e-11	76.8
uvig_254322	MGYG000002445_3	100.000	47	0	0	2805	2851	126295	126249	6.10e-15	87.9
uvig_254322	MGYG000002445_3	93.220	59	2	2	2795	2851	173410	173468	2.19e-14	86.1
uvig_254322	MGYG000002445_3	100.000	33	0	0	2806	2838	168260	168292	3.70e-07	62.1
uvig_254322	MGYG000002445_6	98.000	50	0	1	2802	2851	150864	150912	2.19e-14	86.1
uvig_254322	MGYG000002445_6	95.349	43	1	1	2796	2838	103484	103525	7.95e-09	67.6
uvig_254322	MGYG000002445_6	100.000	34	0	0	2805	2838	89069	89102	1.03e-07	63.9
uvig_254322	MGYG000002445_4	100.000	46	0	0	2806	2851	124666	124711	2.19e-14	86.1
uvig_254322	MGYG000002445_4	100.000	45	0	0	2807	2851	85168	85124	7.89e-14	84.2
uvig_254322	MGYG000002445_4	95.918	49	1	1	2803	2851	268555	268508	3.67e-12	78.7
uvig_254322	MGYG000002445_2	98.000	50	0	1	2803	2851	584903	584952	2.19e-14	86.1
uvig_254322	MGYG000002445_2	97.368	38	1	0	2807	2844	697277	697314	2.86e-08	65.8
uvig_254322	MGYG000002445_7	100.000	34	0	0	2805	2838	52896	52863	1.03e-07	63.9
uvig_289292	MGYG000002483_30	86.131	137	16	3	48481	48616	64718	64584	2.20e-32	145
uvig_289292	MGYG000002483_30	84.672	137	17	3	48483	48617	71310	71176	4.77e-29	134
uvig_289292	MGYG000002483_30	82.734	139	20	3	48482	48618	102811	102675	3.71e-25	121
uvig_289292	MGYG000002483_4	85.714	140	16	3	48482	48619	166437	166300	2.20e-32	145
uvig_289292	MGYG000002483_16	88.034	117	11	3	48516	48630	135464	135349	1.33e-29	135
uvig_289292	MGYG000002483_16	81.818	121	16	4	48488	48603	143671	143552	6.26e-18	97.1
uvig_289292	MGYG000002483_16	82.524	103	14	4	48481	48581	62858	62758	3.77e-15	87.9
uvig_289292	MGYG000002483_12	84.173	139	18	3	48482	48618	247793	247657	1.72e-28	132
uvig_289292	MGYG000002483_12	88.750	80	8	1	40094	40173	465431	465353	6.26e-18	97.1
uvig_289292	MGYG000002483_12	91.429	70	5	1	40094	40163	489481	489549	2.25e-17	95.3
uvig_289292	MGYG000002483_11	89.423	104	11	0	48516	48619	81923	82026	1.72e-28	132
uvig_289292	MGYG000002483_34	81.879	149	23	3	48482	48628	72944	72798	1.03e-25	122
uvig_289292	MGYG000002483_24	83.582	134	19	3	48516	48647	150974	150842	1.03e-25	122
uvig_289292	MGYG000002445_4	93.671	79	5	0	40094	40172	261626	261548	1.34e-24	119
uvig_289292	MGYG000002445_3	92.771	83	4	2	40086	40168	381937	381857	1.34e-24	119
uvig_289292	MGYG000001617_51	84.545	110	15	2	48481	48589	19158	19266	2.89e-21	108
uvig_289292	MGYG000001367_4	90.244	82	6	2	40086	40167	271216	271295	1.04e-20	106
uvig_289292	MGYG000001617_74	91.892	74	6	0	40094	40167	4826	4899	3.74e-20	104
uvig_289292	MGYG000001617_30	92.857	70	5	0	40094	40163	8887	8818	1.35e-19	102
uvig_289292	MGYG000001367_1	90.541	74	6	1	40094	40167	1015252	1015180	6.26e-18	97.1
uvig_289292	MGYG000003074_112	91.429	70	5	1	40094	40163	3008	2940	2.25e-17	95.3
uvig_289292	MGYG000003074_34	91.429	70	5	1	40094	40163	4215	4283	2.25e-17	95.3
uvig_289292	MGYG000002170_118	91.429	70	5	1	40094	40163	4158	4226	2.25e-17	95.3
uvig_289292	MGYG000002483_7	84.058	69	8	2	48477	48543	74	7	6.35e-08	63.9
uvig_311881	MGYG000002445_2	98.888	13581	146	2	70217	83793	629443	615864	0.0	24238
uvig_311881	MGYG000002445_2	98.758	644	7	1	69499	70141	630080	629437	0.0	1144
uvig_311881	MGYG000001367_1	77.300	4696	967	75	78538	83174	207877	212532	0.0	2675
uvig_311881	MGYG000002483_35	78.019	4140	821	68	79096	83179	199385	195279	0.0	2521
uvig_311881	MGYG000003074_39	79.950	3182	614	20	80010	83179	16603	13434	0.0	2320
uvig_311881	MGYG000002170_7	78.894	3184	644	25	80010	83179	25156	21987	0.0	2132
uvig_311881	MGYG000002445_1	88.636	44	3	2	70303	70344	303699	303656	2.37e-04	52.8
uvig_236088	MGYG000002445_8	98.664	4567	60	1	1	4566	5294	728	0.0	8094
uvig_236088	MGYG000002445_8	90.086	232	13	8	51447	51674	857	632	7.90e-77	292
uvig_236088	MGYG000002445_8	100.000	32	0	0	43102	43133	782	751	8.72e-07	60.2
uvig_236088	MGYG000002445_1	92.127	851	59	6	4862	5708	46582	45736	0.0	1194
uvig_236088	MGYG000002445_1	98.675	151	1	1	51525	51674	1086497	1086647	4.79e-69	267
uvig_236088	MGYG000002445_1	85.926	135	14	3	42999	43133	1086399	1086528	1.09e-30	139
uvig_236088	MGYG000002445_1	100.000	55	0	0	4512	4566	1086497	1086551	1.43e-19	102
uvig_236088	MGYG000002445_11	98.198	333	6	0	118	450	546	878	4.19e-164	582
uvig_236088	MGYG000002445_11	100.000	116	0	0	1	116	350	465	1.76e-53	215
uvig_236088	MGYG000002445_6	96.552	290	10	0	1	290	174	463	1.57e-133	481
uvig_236088	MGYG000002445_20	94.774	287	12	2	1	284	668	382	2.06e-122	444
uvig_236088	MGYG000002445_2	84.375	480	42	23	1	452	350	824	2.67e-121	440
uvig_236088	MGYG000002445_2	93.355	301	15	3	1	300	884361	884065	2.67e-121	440
uvig_236088	MGYG000002445_2	87.500	144	11	5	51484	51622	632482	632341	8.36e-37	159
uvig_236088	MGYG000002445_2	88.889	99	6	4	4473	4566	632482	632384	5.10e-24	117
uvig_236088	MGYG000002445_2	96.970	33	0	1	43101	43133	632438	632407	4.06e-05	54.7
uvig_236088	MGYG000002445_7	100.000	211	0	0	1	211	158489	158279	2.72e-106	390
uvig_236088	MGYG000001367_7	86.774	310	26	11	1	300	169	473	1.67e-88	331
uvig_236088	MGYG000001367_5	92.544	228	9	5	1	221	538	764	3.62e-85	320
uvig_236088	MGYG000001367_18	92.694	219	9	5	1	213	218	1	7.85e-82	309
uvig_236088	MGYG000001367_13	92.342	222	9	5	1	215	193	413	7.85e-82	309
uvig_236088	MGYG000002445_25	100.000	126	0	0	1	126	641	766	4.86e-59	233
uvig_236088	MGYG000001617_41	92.763	152	4	7	51525	51674	53276	53422	6.33e-53	213
uvig_236088	MGYG000001367_16	92.763	152	4	7	51525	51674	826	680	6.33e-53	213
uvig_236088	MGYG000001367_12	92.800	125	5	2	101	221	545	669	2.31e-42	178
uvig_236088	MGYG000001367_12	92.308	104	4	4	1	101	403	505	2.34e-32	145
uvig_236088	MGYG000002483_35	98.667	75	0	1	139	212	1	75	1.82e-28	132
uvig_236088	MGYG000002170_25	80.000	170	32	2	1550	1718	5672	5840	3.05e-26	124
uvig_236088	MGYG000001617_27	100.000	57	0	0	51618	51674	14678	14734	1.10e-20	106
uvig_236088	MGYG000001367_4	96.875	64	1	1	51611	51674	204929	204867	1.10e-20	106
uvig_236088	MGYG000003074_3	100.000	55	0	0	51620	51674	81	135	1.43e-19	102
uvig_236088	MGYG000001617_40	95.385	65	1	2	159	221	1	65	1.43e-19	102
uvig_236088	MGYG000002483_36	98.214	56	1	0	51619	51674	44364	44419	1.85e-18	99.0
uvig_236088	MGYG000002483_32	98.077	52	1	0	1	52	52	1	3.09e-16	91.6
uvig_236088	MGYG000001617_118	98.077	52	1	0	170	221	5692	5641	3.09e-16	91.6
uvig_236088	MGYG000001617_33	98.077	52	1	0	170	221	4	55	3.09e-16	91.6
uvig_236088	MGYG000001617_28	94.545	55	1	2	159	211	67378	67324	5.18e-14	84.2
uvig_236088	MGYG000002170_15	96.970	33	0	1	41627	41658	3935	3903	4.06e-05	54.7
ivig_1973	MGYG000002445_1	98.132	13757	229	11	1535	15274	659393	645648	0.0	23955
ivig_1973	MGYG000002445_1	86.311	1388	182	6	15285	16668	645681	644298	0.0	1504
ivig_1973	MGYG000002445_1	100.000	401	0	0	1138	1538	679622	679222	0.0	741
ivig_1973	MGYG000002445_1	95.425	153	4	3	1945	2096	396385	396235	4.37e-61	241
ivig_1973	MGYG000002445_1	93.919	148	7	2	1949	2095	531008	530862	1.58e-55	222
ivig_1973	MGYG000002445_1	92.086	139	10	1	1959	2096	391802	391664	3.45e-47	195
ivig_1973	MGYG000002445_1	86.301	146	18	2	1949	2093	762415	762271	4.52e-36	158
ivig_1973	MGYG000002445_1	97.561	82	1	1	2016	2096	506147	506066	1.64e-30	139
ivig_1973	MGYG000002445_1	97.561	82	1	1	2016	2096	560921	560840	1.64e-30	139
ivig_1973	MGYG000002445_1	97.333	75	2	0	34609	34683	956685	956611	3.55e-27	128
ivig_1973	MGYG000002445_1	93.671	79	4	1	2016	2093	714548	714470	7.68e-24	117
ivig_1973	MGYG000002445_1	91.139	79	6	1	2016	2093	633108	633030	1.66e-20	106
ivig_1973	MGYG000002445_1	98.276	58	1	0	15361	15418	636546	636489	2.15e-19	102
ivig_1973	MGYG000002445_1	88.750	80	7	2	2016	2093	474408	474329	1.00e-17	97.1
ivig_1973	MGYG000002445_1	87.342	79	9	1	2016	2093	735075	734997	1.67e-15	89.8
ivig_1973	MGYG000002445_1	78.767	146	21	10	1951	2092	1083800	1083661	1.67e-15	89.8
ivig_1973	MGYG000002445_1	96.296	54	1	1	2041	2093	379524	379577	6.02e-15	87.9
ivig_1973	MGYG000002445_1	85.000	60	6	1	6276	6332	654516	654457	4.72e-06	58.4
ivig_1973	MGYG000002445_1	94.286	35	2	0	6424	6458	654617	654583	6.11e-05	54.7
ivig_1973	MGYG000002445_2	96.309	1138	42	0	1	1138	273132	271995	0.0	1869
ivig_1973	MGYG000002445_2	97.101	138	3	1	1959	2095	136313	136176	2.63e-58	231
ivig_1973	MGYG000002445_2	94.964	139	6	1	1959	2096	575143	575005	7.36e-54	217
ivig_1973	MGYG000002445_2	98.780	82	0	1	2016	2096	533811	533730	3.52e-32	145
ivig_1973	MGYG000002445_2	92.771	83	5	1	2016	2097	603430	603348	2.14e-24	119
ivig_1973	MGYG000002445_2	91.566	83	4	3	2014	2094	576232	576151	3.57e-22	111
ivig_1973	MGYG000002445_2	88.889	81	8	1	2016	2095	370998	370918	2.78e-18	99.0
ivig_1973	MGYG000002445_2	85.882	85	11	1	2008	2091	378098	378014	1.67e-15	89.8
ivig_1973	MGYG000002445_7	95.606	1138	50	0	1	1138	36644	37781	0.0	1825
ivig_1973	MGYG000002445_7	89.796	147	12	3	1949	2093	30715	30860	2.08e-44	185
ivig_1973	MGYG000002445_7	87.069	116	14	1	1979	2093	16003	16118	9.86e-28	130
ivig_1973	MGYG000002445_7	92.308	52	4	0	1952	2003	114699	114750	4.69e-11	75.0
ivig_1973	MGYG000002445_5	95.606	1138	50	0	1	1138	7614	6477	0.0	1825
ivig_1973	MGYG000002445_5	94.958	119	6	0	1958	2076	195508	195390	5.77e-45	187
ivig_1973	MGYG000001617_46	73.651	2038	474	53	12105	14111	1100	3105	0.0	730
ivig_1973	MGYG000001367_10	86.232	276	25	12	15005	15274	39467	39735	5.53e-75	287
ivig_1973	MGYG000001367_10	85.470	117	8	6	15293	15406	39708	39818	9.93e-23	113
ivig_1973	MGYG000002483_4	75.786	541	121	10	4373	4908	212407	211872	2.59e-68	265
ivig_1973	MGYG000002483_4	92.216	167	0	1	15075	15241	205283	205436	4.40e-56	224
ivig_1973	MGYG000002483_4	91.515	165	0	1	15076	15240	204757	204907	2.65e-53	215
ivig_1973	MGYG000002445_3	94.253	174	9	1	15075	15247	174027	174200	2.59e-68	265
ivig_1973	MGYG000002445_3	97.403	77	1	1	2016	2091	8479	8403	9.86e-28	130
ivig_1973	MGYG000002445_3	97.436	39	1	0	2016	2054	392124	392086	7.84e-09	67.6
ivig_1973	MGYG000001617_37	93.064	173	5	6	15075	15247	28914	29079	9.39e-63	246
ivig_1973	MGYG000001367_9	93.413	167	5	2	15075	15241	125198	125038	1.21e-61	243
ivig_1973	MGYG000003074_149	92.771	166	0	4	15075	15240	2565	2412	9.45e-58	230
ivig_1973	MGYG000003074_149	100.000	53	0	0	15075	15127	53	1	2.78e-18	99.0
ivig_1973	MGYG000002445_4	94.483	145	7	1	1950	2093	248133	248277	1.58e-55	222
ivig_1973	MGYG000002445_4	94.074	135	6	2	1959	2092	413	546	5.73e-50	204
ivig_1973	MGYG000002445_4	85.156	128	18	1	1949	2076	1410	1536	9.86e-28	130
ivig_1973	MGYG000002445_4	92.683	82	5	1	2016	2096	47215	47296	7.68e-24	117
ivig_1973	MGYG000002445_4	94.595	37	2	0	2009	2045	124882	124918	4.72e-06	58.4
ivig_1973	MGYG000002170_57	74.497	447	108	6	15668	16111	4727	5170	1.60e-45	189
ivig_1973	MGYG000002170_58	91.111	135	0	4	15075	15209	123	1	1.62e-40	172
ivig_1973	MGYG000002483_29	98.701	77	1	0	15165	15241	23538	23614	5.89e-30	137
ivig_1973	MGYG000002483_29	97.531	81	1	1	15165	15244	24770	24690	5.89e-30	137
ivig_1973	MGYG000003074_131	100.000	73	0	0	15169	15241	2	74	2.12e-29	135
ivig_1973	MGYG000002170_260	100.000	73	0	0	15169	15241	875	803	2.12e-29	135
ivig_1973	MGYG000002170_260	100.000	33	0	0	15209	15241	1	33	3.65e-07	62.1
ivig_1973	MGYG000003074_140	100.000	72	0	0	15169	15240	811	740	7.63e-29	134
ivig_1973	MGYG000003074_140	100.000	48	0	0	15194	15241	1	48	1.67e-15	89.8
ivig_1973	MGYG000002445_6	96.341	82	2	1	2016	2096	15600	15519	7.63e-29	134
ivig_1973	MGYG000002445_6	93.902	82	5	0	1959	2040	162076	161995	4.59e-26	124
ivig_1973	MGYG000001617_60	98.667	75	1	0	34609	34683	31239	31313	7.63e-29	134
ivig_1973	MGYG000001367_4	97.333	75	2	0	34609	34683	234729	234803	3.55e-27	128
ivig_1973	MGYG000002483_36	96.053	76	2	1	34610	34684	43972	43897	1.65e-25	122
ivig_1973	MGYG000003074_129	100.000	29	0	0	15411	15439	806	778	6.11e-05	54.7
uvig_217328	MGYG000002445_2	99.120	7837	69	0	1	7837	632434	624598	0.0	14091
uvig_217328	MGYG000002445_8	95.789	95	3	1	1	94	778	684	4.27e-35	152
uvig_217328	MGYG000002445_1	95.789	95	3	1	1	94	1086501	1086595	4.27e-35	152
uvig_217328	MGYG000002445_1	82.353	68	8	4	3058	3122	303719	303653	3.44e-06	56.5
uvig_460329	MGYG000002445_3	97.754	6902	139	4	6863	13752	402294	395397	0.0	11873
uvig_460329	MGYG000002445_3	97.178	4110	113	3	51	4158	407856	403748	0.0	6944
uvig_460329	MGYG000002445_3	98.752	3125	38	1	13748	16872	395292	392169	0.0	5553
uvig_460329	MGYG000002445_3	97.172	1379	37	2	5319	6695	403674	402296	0.0	2329
uvig_460329	MGYG000002445_3	95.918	49	2	0	4466	4514	403728	403680	6.81e-13	80.5
uvig_460329	MGYG000002483_12	76.482	1552	315	40	13782	15305	474078	472549	0.0	798
uvig_460329	MGYG000002483_12	94.624	93	5	0	16738	16830	470921	470829	2.38e-32	145
uvig_460329	MGYG000003074_129	75.410	1525	350	21	13782	15291	4055	2541	0.0	715
uvig_460329	MGYG000003074_129	94.737	95	5	0	16736	16830	903	809	1.84e-33	148
uvig_460329	MGYG000001617_1	75.720	729	164	13	5935	6657	173658	174379	3.63e-95	353
uvig_460329	MGYG000002170_57	93.878	98	6	0	16733	16830	4372	4469	1.84e-33	148
uvig_460329	MGYG000002445_2	100.000	55	0	0	1	55	337344	337290	1.45e-19	102
uvig_460329	MGYG000002445_1	100.000	55	0	0	1	55	193492	193438	1.45e-19	102
uvig_460329	MGYG000002170_159	98.276	58	1	0	16773	16830	1939	1996	1.45e-19	102
uvig_460329	MGYG000001367_5	98.182	55	1	0	1	55	226696	226750	6.76e-18	97.1
uvig_434195	MGYG000002445_7	98.735	7116	85	4	13860	20972	25103	32216	0.0	12637
uvig_434195	MGYG000002445_7	100.000	129	0	0	20963	21091	32430	32558	4.27e-61	239
uvig_434195	MGYG000002445_7	90.517	116	10	1	19501	19616	16004	16118	5.72e-35	152
uvig_434195	MGYG000002445_7	100.000	75	0	0	21083	21157	33491	33565	4.46e-31	139
uvig_434195	MGYG000002445_1	97.902	143	2	1	19474	19616	391808	391667	2.55e-63	246
uvig_434195	MGYG000002445_1	93.793	145	8	1	19472	19616	396381	396238	2.00e-54	217
uvig_434195	MGYG000002445_1	91.837	147	11	1	19470	19616	531009	530864	1.56e-50	204
uvig_434195	MGYG000002445_1	91.781	146	12	0	19471	19616	762415	762270	1.56e-50	204
uvig_434195	MGYG000002445_1	89.796	147	12	3	19471	19616	658979	658835	5.64e-45	185
uvig_434195	MGYG000002445_1	89.157	83	9	0	19537	19619	506147	506065	1.63e-20	104
uvig_434195	MGYG000002445_1	90.000	80	7	1	19537	19616	560921	560843	5.85e-20	102
uvig_434195	MGYG000002445_1	89.157	83	8	1	19537	19619	714548	714467	5.85e-20	102
uvig_434195	MGYG000002445_1	94.737	57	3	0	19564	19620	379526	379582	4.55e-16	89.8
uvig_434195	MGYG000002445_4	92.466	146	11	0	19473	19618	248135	248280	3.35e-52	209
uvig_434195	MGYG000002445_4	91.241	137	12	0	19473	19609	406	542	1.57e-45	187
uvig_434195	MGYG000002445_4	88.321	137	14	2	19470	19605	1409	1544	2.64e-38	163
uvig_434195	MGYG000002445_4	88.043	92	10	1	19534	19625	86922	87012	1.26e-21	108
uvig_434195	MGYG000002445_2	93.007	143	9	1	19474	19616	136319	136178	1.20e-51	207
uvig_434195	MGYG000002445_2	91.241	137	11	1	19480	19616	575143	575008	5.64e-45	185
uvig_434195	MGYG000002445_2	91.250	80	6	1	19537	19616	533811	533733	1.26e-21	108
uvig_434195	MGYG000002445_2	88.462	78	8	1	19535	19612	576232	576156	3.52e-17	93.5
uvig_434195	MGYG000002445_2	100.000	30	0	0	17548	17577	119340	119369	4.62e-06	56.5
uvig_434195	MGYG000002445_5	92.742	124	9	0	19474	19597	195513	195390	2.63e-43	180
uvig_434195	MGYG000002170_98	78.007	291	57	5	14389	14675	5724	5437	3.40e-42	176
uvig_434195	MGYG000003074_56	78.067	269	57	2	14408	14675	13595	13328	5.68e-40	169
uvig_434195	MGYG000003074_56	92.308	39	3	0	17652	17690	16965	17003	4.62e-06	56.5
uvig_434195	MGYG000002445_6	95.238	84	3	1	19473	19556	162082	162000	7.46e-29	132
uvig_434195	MGYG000002445_6	90.244	82	8	0	19537	19618	15600	15519	1.26e-21	108
uvig_434195	MGYG000002445_3	92.500	80	5	1	19537	19615	8479	8400	2.70e-23	113
uvig_434195	MGYG000003074_47	100.000	44	0	0	1	44	19592	19549	7.62e-14	82.4
uvig_434195	MGYG000003074_111	100.000	43	0	0	1	43	9	51	2.74e-13	80.5
uvig_434195	MGYG000003074_9	100.000	32	0	0	11	42	3259	3228	3.57e-07	60.2
uvig_434195	MGYG000003074_103	100.000	30	0	0	13	42	1	30	4.62e-06	56.5
uvig_246527	MGYG000002445_2	98.891	4330	46	2	33642	37971	77214	81541	0.0	7729
uvig_246527	MGYG000002445_2	98.689	4272	33	6	38100	42349	81529	85799	0.0	7557
uvig_246527	MGYG000002445_2	98.473	131	2	0	37968	38098	325068	324938	1.43e-58	231
uvig_246527	MGYG000002445_2	97.037	135	4	0	37965	38099	389277	389411	1.85e-57	228
uvig_246527	MGYG000002445_2	97.727	132	3	0	37968	38099	406116	405985	1.85e-57	228
uvig_246527	MGYG000002445_2	96.403	139	4	1	37960	38098	437108	437245	1.85e-57	228
uvig_246527	MGYG000002445_2	97.727	132	3	0	37968	38099	576428	576297	1.85e-57	228
uvig_246527	MGYG000002445_2	97.015	134	4	0	37965	38098	269756	269889	6.66e-57	226
uvig_246527	MGYG000002445_2	97.015	134	4	0	37965	38098	414095	414228	6.66e-57	226
uvig_246527	MGYG000002445_2	97.710	131	3	0	37968	38098	614103	613973	6.66e-57	226
uvig_246527	MGYG000002445_2	97.710	131	3	0	37968	38098	725166	725296	6.66e-57	226
uvig_246527	MGYG000002445_2	96.296	135	5	0	37965	38099	376028	376162	8.62e-56	222
uvig_246527	MGYG000002445_2	96.970	132	4	0	37968	38099	752954	752823	8.62e-56	222
uvig_246527	MGYG000002445_2	94.483	145	6	2	37959	38102	858831	858974	8.62e-56	222
uvig_246527	MGYG000002445_2	97.600	125	3	0	37965	38089	94186	94310	1.44e-53	215
uvig_246527	MGYG000002445_2	94.776	134	7	0	37965	38098	220474	220607	6.71e-52	209
uvig_246527	MGYG000002445_2	95.420	131	5	1	37968	38098	556906	557035	2.41e-51	207
uvig_246527	MGYG000002445_2	94.656	131	7	0	37968	38098	608976	609106	3.12e-50	204
uvig_246527	MGYG000002445_2	93.939	132	7	1	37968	38099	748839	748969	1.45e-48	198
uvig_246527	MGYG000002445_2	93.798	129	8	0	37965	38093	585703	585831	1.88e-47	195
uvig_246527	MGYG000002445_2	95.798	119	5	0	37968	38086	746615	746733	6.76e-47	193
uvig_246527	MGYG000002445_2	90.083	121	4	1	37968	38088	857349	857461	4.12e-34	150
uvig_246527	MGYG000002445_2	98.611	72	1	0	38018	38089	745716	745787	1.93e-27	128
uvig_246527	MGYG000002445_2	93.671	79	5	0	38011	38089	439353	439431	1.16e-24	119
uvig_246527	MGYG000002445_2	96.721	61	2	0	38038	38098	530709	530769	1.17e-19	102
uvig_246527	MGYG000002445_2	96.296	54	1	1	37968	38021	127895	127947	3.28e-15	87.9
uvig_246527	MGYG000002445_2	95.349	43	2	0	38041	38083	563316	563358	1.19e-09	69.4
uvig_246527	MGYG000002445_2	100.000	32	0	0	37968	37999	390744	390775	7.15e-07	60.2
uvig_246527	MGYG000002445_2	86.538	52	5	2	40266	40316	604368	604418	9.25e-06	56.5
uvig_246527	MGYG000002445_2	100.000	29	0	0	37968	37996	73065	73093	3.33e-05	54.7
uvig_246527	MGYG000002445_2	96.875	32	1	0	37965	37996	121792	121823	3.33e-05	54.7
uvig_246527	MGYG000002445_2	96.774	31	1	0	37965	37995	201222	201252	1.20e-04	52.8
uvig_246527	MGYG000002445_2	100.000	28	0	0	37968	37995	225295	225322	1.20e-04	52.8
uvig_246527	MGYG000002445_1	98.473	131	2	0	37968	38098	1026370	1026500	1.43e-58	231
uvig_246527	MGYG000002445_1	97.727	132	3	0	37968	38099	759799	759668	1.85e-57	228
uvig_246527	MGYG000002445_1	99.206	126	1	0	37968	38093	984567	984692	1.85e-57	228
uvig_246527	MGYG000002445_1	97.710	131	3	0	37968	38098	542295	542425	6.66e-57	226
uvig_246527	MGYG000002445_1	97.710	131	3	0	37968	38098	732514	732644	6.66e-57	226
uvig_246527	MGYG000002445_1	97.710	131	3	0	37968	38098	932604	932474	6.66e-57	226
uvig_246527	MGYG000002445_1	97.015	134	4	0	37965	38098	993230	993363	6.66e-57	226
uvig_246527	MGYG000002445_1	96.970	132	4	0	37968	38099	555409	555278	8.62e-56	222
uvig_246527	MGYG000002445_1	97.674	129	2	1	37968	38095	135858	135730	3.10e-55	220
uvig_246527	MGYG000002445_1	96.947	131	4	0	37968	38098	499060	499190	3.10e-55	220
uvig_246527	MGYG000002445_1	96.947	131	4	0	37968	38098	707804	707934	3.10e-55	220
uvig_246527	MGYG000002445_1	95.620	137	6	0	37965	38101	773751	773887	3.10e-55	220
uvig_246527	MGYG000002445_1	98.361	122	2	0	37968	38089	452488	452609	1.44e-53	215
uvig_246527	MGYG000002445_1	96.183	131	5	0	37968	38098	716437	716567	1.44e-53	215
uvig_246527	MGYG000002445_1	95.455	132	6	0	37968	38099	139601	139470	1.87e-52	211
uvig_246527	MGYG000002445_1	95.420	131	5	1	37968	38098	247166	247037	2.41e-51	207
uvig_246527	MGYG000002445_1	97.500	120	3	0	37968	38087	776251	776370	8.68e-51	206
uvig_246527	MGYG000002445_1	93.130	131	9	0	37968	38098	1036375	1036505	6.76e-47	193
uvig_246527	MGYG000002445_1	92.424	132	10	0	37968	38099	421222	421091	8.74e-46	189
uvig_246527	MGYG000002445_1	91.453	117	10	0	37965	38081	339439	339555	1.91e-37	161
uvig_246527	MGYG000002445_1	95.349	86	4	0	37982	38067	3151	3066	3.21e-30	137
uvig_246527	MGYG000002445_1	98.551	69	1	0	38025	38093	769760	769828	8.99e-26	122
uvig_246527	MGYG000002445_1	92.208	77	6	0	38022	38098	789583	789507	7.00e-22	110
uvig_246527	MGYG000002445_1	90.244	82	7	1	38018	38098	794160	794079	9.06e-21	106
uvig_246527	MGYG000002445_1	98.000	50	1	0	37986	38035	600665	600616	3.28e-15	87.9
uvig_246527	MGYG000002445_1	92.982	57	4	0	38045	38101	712027	711971	4.24e-14	84.2
uvig_246527	MGYG000002445_1	100.000	30	0	0	37968	37997	506627	506598	9.25e-06	56.5
uvig_246527	MGYG000002445_4	97.727	132	3	0	37968	38099	210085	209954	1.85e-57	228
uvig_246527	MGYG000002445_4	97.710	131	3	0	37968	38098	21700	21570	6.66e-57	226
uvig_246527	MGYG000002445_4	99.200	125	1	0	37968	38092	148604	148480	6.66e-57	226
uvig_246527	MGYG000002445_4	95.714	140	5	1	37964	38103	170384	170246	2.40e-56	224
uvig_246527	MGYG000002445_4	96.970	132	4	0	37968	38099	42174	42043	8.62e-56	222
uvig_246527	MGYG000002445_4	96.970	132	3	1	37968	38098	132774	132643	3.10e-55	220
uvig_246527	MGYG000002445_4	96.923	130	4	0	37969	38098	179674	179545	1.11e-54	219
uvig_246527	MGYG000002445_4	97.619	126	3	0	37968	38093	119017	119142	4.01e-54	217
uvig_246527	MGYG000002445_4	97.619	126	3	0	37968	38093	242471	242596	4.01e-54	217
uvig_246527	MGYG000002445_4	95.556	135	5	1	37968	38102	81598	81465	1.44e-53	215
uvig_246527	MGYG000002445_4	96.875	128	4	0	37971	38098	168138	168011	1.44e-53	215
uvig_246527	MGYG000002445_4	94.815	135	6	1	37968	38102	81457	81324	6.71e-52	209
uvig_246527	MGYG000002445_4	91.667	72	6	0	38031	38102	240132	240203	4.21e-19	100
uvig_246527	MGYG000002445_4	98.182	55	1	0	37971	38025	257091	257037	5.45e-18	97.1
uvig_246527	MGYG000002445_4	100.000	28	0	0	37968	37995	108022	107995	1.20e-04	52.8
uvig_246527	MGYG000002445_7	97.710	131	3	0	37968	38098	19265	19135	6.66e-57	226
uvig_246527	MGYG000002445_7	96.947	131	4	0	37968	38098	80783	80653	3.10e-55	220
uvig_246527	MGYG000002445_7	94.828	116	6	0	37968	38083	78376	78261	1.46e-43	182
uvig_246527	MGYG000002445_5	97.710	131	3	0	37968	38098	134987	134857	6.66e-57	226
uvig_246527	MGYG000002445_5	95.522	134	6	0	37965	38098	47863	47996	1.44e-53	215
uvig_246527	MGYG000002445_5	95.522	134	6	0	37965	38098	127627	127760	1.44e-53	215
uvig_246527	MGYG000002445_5	96.970	99	2	1	37968	38065	84072	83974	1.47e-38	165
uvig_246527	MGYG000002445_5	100.000	68	0	0	38031	38098	89779	89846	6.95e-27	126
uvig_246527	MGYG000002445_5	93.182	44	2	1	37963	38006	235863	235905	5.53e-08	63.9
uvig_246527	MGYG000002445_5	100.000	28	0	0	37968	37995	55843	55870	1.20e-04	52.8
uvig_246527	MGYG000002445_3	96.970	132	4	0	37968	38099	102708	102839	8.62e-56	222
uvig_246527	MGYG000002445_3	97.674	129	3	0	37965	38093	127928	128056	8.62e-56	222
uvig_246527	MGYG000002445_3	98.413	126	2	0	37968	38093	166898	166773	8.62e-56	222
uvig_246527	MGYG000002445_3	94.949	99	5	0	38000	38098	123568	123666	8.87e-36	156
uvig_246527	MGYG000002445_3	98.305	59	1	0	37968	38026	175842	175900	3.26e-20	104
uvig_246527	MGYG000002445_3	96.610	59	2	0	38035	38093	93210	93268	1.52e-18	99.0
uvig_246527	MGYG000002445_3	100.000	28	0	0	37968	37995	160839	160866	1.20e-04	52.8
uvig_246527	MGYG000002445_6	95.620	137	6	0	37962	38098	19909	20045	3.10e-55	220
uvig_246527	MGYG000002445_6	96.947	131	4	0	37968	38098	104228	104358	3.10e-55	220
uvig_246527	MGYG000002445_6	96.800	125	4	0	37965	38089	158195	158319	6.71e-52	209
uvig_246527	MGYG000002445_6	97.143	70	2	0	37968	38037	96981	97050	1.16e-24	119
uvig_244007	MGYG000002445_1	98.398	4932	77	2	28870	33799	725089	730020	0.0	8669
uvig_244007	MGYG000002445_1	98.475	2819	43	0	35753	38571	732129	734947	0.0	4968
uvig_244007	MGYG000002445_1	98.422	1965	19	1	33800	35752	730083	732047	0.0	3446
uvig_244007	MGYG000002445_1	95.946	148	5	1	36130	36276	993225	993372	7.79e-61	239
uvig_244007	MGYG000002445_1	97.794	136	2	1	36134	36268	1026365	1026500	3.62e-59	233
uvig_244007	MGYG000002445_1	98.462	130	2	0	36137	36266	984566	984695	4.69e-58	230
uvig_244007	MGYG000002445_1	97.727	132	3	0	36137	36268	542294	542425	1.69e-57	228
uvig_244007	MGYG000002445_1	97.727	132	3	0	36137	36268	932605	932474	1.69e-57	228
uvig_244007	MGYG000002445_1	96.992	133	4	0	36137	36269	707803	707935	2.18e-56	224
uvig_244007	MGYG000002445_1	96.970	132	4	0	36137	36268	139602	139471	7.85e-56	222
uvig_244007	MGYG000002445_1	96.970	132	4	0	36137	36268	499059	499190	7.85e-56	222
uvig_244007	MGYG000002445_1	96.970	132	4	0	36137	36268	555410	555279	7.85e-56	222
uvig_244007	MGYG000002445_1	96.296	135	5	0	36132	36266	773748	773882	7.85e-56	222
uvig_244007	MGYG000002445_1	97.619	126	3	0	36137	36262	135859	135734	3.65e-54	217
uvig_244007	MGYG000002445_1	96.212	132	5	0	36137	36268	452487	452618	3.65e-54	217
uvig_244007	MGYG000002445_1	95.556	135	6	0	36137	36271	759800	759666	3.65e-54	217
uvig_244007	MGYG000002445_1	93.056	144	10	0	36130	36273	716429	716572	1.70e-52	211
uvig_244007	MGYG000002445_1	94.697	132	7	0	36137	36268	776250	776381	7.90e-51	206
uvig_244007	MGYG000002445_1	95.276	127	5	1	36137	36263	247167	247042	3.68e-49	200
uvig_244007	MGYG000002445_1	93.182	132	9	0	36137	36268	1036374	1036505	1.71e-47	195
uvig_244007	MGYG000002445_1	92.424	132	10	0	36137	36268	421223	421092	7.96e-46	189
uvig_244007	MGYG000002445_1	91.379	116	10	0	36137	36252	1024077	1024192	6.24e-37	159
uvig_244007	MGYG000002445_1	91.228	114	10	0	36138	36251	339442	339555	8.07e-36	156
uvig_244007	MGYG000002445_1	94.186	86	5	0	36152	36237	3151	3066	1.36e-28	132
uvig_244007	MGYG000002445_1	95.946	74	3	0	36195	36268	769760	769833	2.94e-25	121
uvig_244007	MGYG000002445_1	90.244	82	7	1	36188	36268	794160	794079	8.24e-21	106
uvig_244007	MGYG000002445_1	91.667	72	6	0	36192	36263	789583	789512	3.84e-19	100
uvig_244007	MGYG000002445_1	90.909	66	6	0	38458	38523	84631	84696	8.30e-16	89.8
uvig_244007	MGYG000002445_1	90.909	66	6	0	38458	38523	689028	688963	8.30e-16	89.8
uvig_244007	MGYG000002445_1	98.000	50	1	0	36156	36205	600665	600616	2.99e-15	87.9
uvig_244007	MGYG000002445_1	100.000	31	0	0	36137	36167	506628	506598	2.34e-06	58.4
uvig_244007	MGYG000002445_4	95.890	146	4	2	36132	36275	132780	132635	1.01e-59	235
uvig_244007	MGYG000002445_4	95.205	146	4	3	36137	36280	148605	148461	1.69e-57	228
uvig_244007	MGYG000002445_4	97.727	132	3	0	36137	36268	210086	209955	1.69e-57	228
uvig_244007	MGYG000002445_4	96.350	137	5	0	36137	36273	168142	168006	6.07e-57	226
uvig_244007	MGYG000002445_4	94.521	146	7	1	36133	36277	81462	81317	2.18e-56	224
uvig_244007	MGYG000002445_4	96.970	132	4	0	36137	36268	21701	21570	7.85e-56	222
uvig_244007	MGYG000002445_4	96.296	135	5	0	36137	36271	119016	119150	7.85e-56	222
uvig_244007	MGYG000002445_4	96.970	132	4	0	36137	36268	170381	170250	7.85e-56	222
uvig_244007	MGYG000002445_4	93.377	151	6	4	36133	36281	42179	42031	2.82e-55	220
uvig_244007	MGYG000002445_4	95.588	136	6	0	36133	36268	81603	81468	1.02e-54	219
uvig_244007	MGYG000002445_4	96.923	130	4	0	36139	36268	179674	179545	1.02e-54	219
uvig_244007	MGYG000002445_4	96.899	129	4	0	36137	36265	242470	242598	3.65e-54	217
uvig_244007	MGYG000002445_4	92.754	69	5	0	36201	36269	240132	240200	3.84e-19	100
uvig_244007	MGYG000002445_4	96.610	59	2	0	36137	36195	257095	257037	1.38e-18	99.0
uvig_244007	MGYG000002445_4	89.394	66	7	0	38458	38523	17741	17676	3.86e-14	84.2
uvig_244007	MGYG000002445_4	100.000	29	0	0	36137	36165	108023	107995	3.03e-05	54.7
uvig_244007	MGYG000002445_6	98.485	132	2	0	36137	36268	19914	20045	3.62e-59	233
uvig_244007	MGYG000002445_6	97.037	135	4	0	36137	36271	104227	104361	1.69e-57	228
uvig_244007	MGYG000002445_6	96.032	126	5	0	36133	36258	158193	158318	7.90e-51	206
uvig_244007	MGYG000002445_6	97.183	71	2	0	36137	36207	96980	97050	2.94e-25	121
uvig_244007	MGYG000002445_2	97.080	137	4	0	36133	36269	414093	414229	1.30e-58	231
uvig_244007	MGYG000002445_2	97.059	136	4	0	36137	36272	406117	405982	4.69e-58	230
uvig_244007	MGYG000002445_2	95.804	143	5	1	36137	36279	725165	725306	4.69e-58	230
uvig_244007	MGYG000002445_2	97.727	132	3	0	36137	36268	269758	269889	1.69e-57	228
uvig_244007	MGYG000002445_2	97.037	135	4	0	36134	36268	389276	389410	1.69e-57	228
uvig_244007	MGYG000002445_2	97.727	132	3	0	36137	36268	437114	437245	1.69e-57	228
uvig_244007	MGYG000002445_2	97.727	132	3	0	36137	36268	576429	576298	1.69e-57	228
uvig_244007	MGYG000002445_2	97.037	135	4	0	36137	36271	614104	613970	1.69e-57	228
uvig_244007	MGYG000002445_2	93.960	149	8	1	36130	36278	94181	94328	2.18e-56	224
uvig_244007	MGYG000002445_2	96.992	133	4	0	36137	36269	325069	324937	2.18e-56	224
uvig_244007	MGYG000002445_2	96.324	136	5	0	36133	36268	376026	376161	2.18e-56	224
uvig_244007	MGYG000002445_2	95.588	136	5	1	36133	36268	748834	748968	3.65e-54	217
uvig_244007	MGYG000002445_2	94.853	136	7	0	36133	36268	220472	220607	4.72e-53	213
uvig_244007	MGYG000002445_2	94.853	136	7	0	36133	36268	608971	609106	4.72e-53	213
uvig_244007	MGYG000002445_2	95.455	132	6	0	36137	36268	752955	752824	1.70e-52	211
uvig_244007	MGYG000002445_2	95.455	132	6	0	36137	36268	858839	858970	1.70e-52	211
uvig_244007	MGYG000002445_2	95.455	132	5	1	36137	36268	556905	557035	6.11e-52	209
uvig_244007	MGYG000002445_2	95.276	127	6	0	36138	36264	746615	746741	1.02e-49	202
uvig_244007	MGYG000002445_2	89.394	132	6	1	36134	36265	857345	857468	6.24e-37	159
uvig_244007	MGYG000002445_2	92.391	92	5	2	36188	36279	745716	745805	4.89e-28	130
uvig_244007	MGYG000002445_2	91.463	82	7	0	36181	36262	439353	439434	4.93e-23	113
uvig_244007	MGYG000002445_2	92.500	80	5	1	36200	36278	756017	756096	4.93e-23	113
uvig_244007	MGYG000002445_2	96.721	61	2	0	36208	36268	530709	530769	1.07e-19	102
uvig_244007	MGYG000002445_2	96.364	55	1	1	36137	36191	127894	127947	8.30e-16	89.8
uvig_244007	MGYG000002445_2	90.909	66	6	0	38458	38523	741600	741665	8.30e-16	89.8
uvig_244007	MGYG000002445_2	91.803	61	4	1	38458	38517	449237	449297	3.86e-14	84.2
uvig_244007	MGYG000002445_2	95.349	43	2	0	36211	36253	563316	563358	1.08e-09	69.4
uvig_244007	MGYG000002445_2	95.122	41	0	2	36131	36169	390735	390775	5.03e-08	63.9
uvig_244007	MGYG000002445_2	97.143	35	1	0	36132	36166	121789	121823	6.51e-07	60.2
uvig_244007	MGYG000002445_2	100.000	30	0	0	36137	36166	73064	73093	8.42e-06	56.5
uvig_244007	MGYG000002445_2	96.875	32	1	0	36134	36165	201221	201252	3.03e-05	54.7
uvig_244007	MGYG000002445_2	100.000	29	0	0	36137	36165	225294	225322	3.03e-05	54.7
uvig_244007	MGYG000002445_5	97.744	133	3	0	36137	36269	134988	134856	4.69e-58	230
uvig_244007	MGYG000002445_5	95.105	143	6	1	36134	36275	127626	127768	2.18e-56	224
uvig_244007	MGYG000002445_5	94.203	138	8	0	36131	36268	47859	47996	1.70e-52	211
uvig_244007	MGYG000002445_5	96.000	100	3	1	36137	36235	84073	83974	1.73e-37	161
uvig_244007	MGYG000002445_5	94.118	68	4	0	36201	36268	89779	89846	2.97e-20	104
uvig_244007	MGYG000002445_5	95.000	40	1	1	36137	36176	235867	235905	1.81e-07	62.1
uvig_244007	MGYG000002445_5	100.000	29	0	0	36137	36165	55842	55870	3.03e-05	54.7
uvig_244007	MGYG000002445_3	94.040	151	6	1	36132	36279	127925	128075	6.07e-57	226
uvig_244007	MGYG000002445_3	96.992	133	4	0	36137	36269	166899	166767	2.18e-56	224
uvig_244007	MGYG000002445_3	95.455	132	6	0	36137	36268	102707	102838	1.70e-52	211
uvig_244007	MGYG000002445_3	92.929	99	7	0	36170	36268	123568	123666	1.75e-32	145
uvig_244007	MGYG000002445_3	98.333	60	1	0	36137	36196	175841	175900	8.24e-21	106
uvig_244007	MGYG000002445_3	100.000	29	0	0	36137	36165	160838	160866	3.03e-05	54.7
uvig_244007	MGYG000002445_7	96.970	132	4	0	36137	36268	80784	80653	7.85e-56	222
uvig_244007	MGYG000002445_7	96.241	133	5	0	36137	36269	19266	19134	1.02e-54	219
uvig_244007	MGYG000002445_7	94.017	117	7	0	36137	36253	78377	78261	1.72e-42	178
uvig_453885	MGYG000002445_6	99.077	4007	36	1	45380	49385	139492	135486	0.0	7193
uvig_453885	MGYG000002445_6	96.494	3851	127	5	4	3850	145987	142141	0.0	6357
uvig_453885	MGYG000002445_6	98.677	2495	33	0	42768	45262	142142	139648	0.0	4425
uvig_453885	MGYG000001617_7	73.446	708	168	17	3111	3808	76379	75682	1.66e-63	248
uvig_135466	MGYG000001617_5	78.576	1503	280	36	7917	9395	86204	87688	0.0	953
uvig_135466	MGYG000001617_5	75.510	343	76	8	4114	4452	82568	82906	8.78e-38	161
uvig_135466	MGYG000001617_5	86.957	69	4	5	10086	10151	87953	88019	4.23e-11	73.1
uvig_135466	MGYG000001367_4	73.628	747	177	16	3834	4570	439098	438362	1.40e-70	270
