uvig_159360	MGYG000000251_18	96.574	30185	952	57	1	30135	30205	53	0.0	49938
uvig_159360	MGYG000003676_165	95.760	9669	371	25	5438	15080	22965	13310	0.0	15548
uvig_159360	MGYG000003676_165	94.433	952	51	2	15206	16157	13233	12284	0.0	1463
uvig_159360	MGYG000000251_12	98.993	8041	81	0	32795	40835	71614	63574	0.0	14401
uvig_159360	MGYG000000251_12	88.896	6304	679	15	53194	59490	25375	19086	0.0	7744
uvig_159360	MGYG000000251_12	96.522	3623	126	0	61290	64912	3940	318	0.0	5993
uvig_159360	MGYG000000251_12	98.323	2803	41	2	41422	44218	50641	47839	0.0	4911
uvig_159360	MGYG000000251_12	99.304	2441	17	0	30357	32797	76076	73636	0.0	4414
uvig_159360	MGYG000000251_12	96.002	2351	87	6	45692	48037	41084	38736	0.0	3814
uvig_159360	MGYG000000251_12	97.696	1432	33	0	44264	45695	47165	45734	0.0	2462
uvig_159360	MGYG000000251_12	89.960	1006	98	3	59561	60564	18952	17948	0.0	1295
uvig_159360	MGYG000000251_12	84.895	1046	153	5	48111	49154	35137	34095	0.0	1051
uvig_159360	MGYG000000251_12	89.234	483	52	0	40941	41423	51185	50703	1.09e-170	604
uvig_159360	MGYG000000251_12	84.153	549	74	9	60600	61142	4683	4142	4.07e-145	520
uvig_159360	MGYG000000251_12	85.873	361	30	5	50926	51266	25728	25369	2.02e-98	364
uvig_159360	MGYG000000251_12	87.671	146	12	6	30181	30322	47811	47668	2.20e-38	165
uvig_159360	MGYG000000251_12	89.474	114	10	2	49293	49405	30258	30146	1.03e-31	143
uvig_159360	MGYG000003676_142	89.106	5177	539	21	35698	40859	17724	12558	0.0	6412
uvig_159360	MGYG000003676_142	96.466	2207	71	6	45692	47893	2205	1	0.0	3637
uvig_159360	MGYG000003676_142	93.161	1433	97	1	44264	45695	8441	7009	0.0	2102
uvig_159360	MGYG000003676_142	91.250	1360	109	4	42866	44218	10292	8936	0.0	1844
uvig_159360	MGYG000003676_142	88.107	1421	169	0	41422	42842	11874	10454	0.0	1688
uvig_159360	MGYG000003676_142	88.419	544	57	5	40883	41423	12476	11936	0.0	651
uvig_159360	MGYG000003676_208	92.053	2894	226	3	61290	64180	1493	4385	0.0	4067
uvig_159360	MGYG000003676_208	94.685	715	38	0	64186	64900	4438	5152	0.0	1110
uvig_159360	MGYG000003676_208	85.064	549	69	10	60600	61142	54	595	1.87e-153	547
uvig_159360	MGYG000003676_48	81.924	4542	732	69	31090	35590	4494	1	0.0	3757
uvig_159360	MGYG000003676_48	87.847	2197	257	10	26236	28429	9435	7246	0.0	2569
uvig_159360	MGYG000003676_48	83.934	1637	246	12	28485	30108	7248	5616	0.0	1550
uvig_159360	MGYG000003676_227	88.362	3102	352	9	55399	58495	99	3196	0.0	3720
uvig_159360	MGYG000004233_183	99.333	1948	13	0	1579	3526	1	1948	0.0	3526
uvig_159360	MGYG000000251_1	98.891	1804	20	0	51383	53186	835427	833624	0.0	3221
uvig_159360	MGYG000000251_1	98.907	183	2	0	30180	30362	699965	699783	2.65e-87	327
uvig_159360	MGYG000000251_1	93.370	181	11	1	30183	30362	194515	194335	5.86e-69	267
uvig_159360	MGYG000000251_1	93.452	168	9	2	30181	30346	873157	872990	2.12e-63	248
uvig_159360	MGYG000003676_206	88.212	2053	240	2	53197	55248	2052	1	0.0	2449
uvig_159360	MGYG000003676_206	84.258	1118	167	8	48111	49223	3517	2404	0.0	1081
uvig_159360	MGYG000003676_206	92.593	243	18	0	47795	48037	7357	7115	5.65e-94	350
uvig_159360	MGYG000003676_11	86.221	1662	225	4	22481	24139	4263	5923	0.0	1797
uvig_159360	MGYG000003676_11	85.755	1060	148	3	18783	19842	662	1718	0.0	1118
uvig_159360	MGYG000003676_11	90.175	743	73	0	21027	21769	2982	3724	0.0	968
uvig_159360	MGYG000003676_11	81.478	1150	163	36	19913	21028	1808	2941	0.0	898
uvig_159360	MGYG000003676_11	88.985	463	43	7	21892	22354	3797	4251	5.16e-159	566
uvig_159360	MGYG000003676_11	88.612	281	25	5	24394	24671	6050	6326	1.58e-89	335
uvig_159360	MGYG000000251_4	89.493	809	82	2	52381	53186	1	809	0.0	1020
uvig_159360	MGYG000000251_4	94.536	183	9	1	30181	30362	186913	187095	2.09e-73	281
uvig_159360	MGYG000000251_44	86.239	654	85	4	51436	52087	3	653	0.0	704
uvig_159360	MGYG000000251_7	91.076	381	33	1	52807	53186	137653	137273	1.89e-143	514
uvig_159360	MGYG000002835_45	76.526	950	199	20	26312	27249	16738	17675	1.91e-138	497
uvig_159360	MGYG000002835_45	76.429	700	149	15	1481	2173	1862	2552	2.02e-98	364
uvig_159360	MGYG000002835_45	88.961	154	16	1	3	155	303	456	1.30e-45	189
uvig_159360	MGYG000004233_3	76.110	946	210	13	26312	27249	33637	32700	1.92e-133	481
uvig_159360	MGYG000004233_3	88.820	161	15	3	3	161	56817	56658	2.80e-47	195
uvig_159360	MGYG000000251_5	94.536	183	9	1	30180	30361	24094	24276	2.09e-73	281
uvig_159360	MGYG000000251_5	86.986	146	13	6	30181	30322	87409	87552	1.02e-36	159
uvig_159360	MGYG000000251_3	94.505	182	9	1	30181	30361	157420	157239	7.52e-73	279
uvig_159360	MGYG000004233_119	78.457	311	57	7	10974	11276	3913	4221	2.80e-47	195
uvig_159360	MGYG000004233_5	79.297	256	53	0	15827	16082	51040	50785	7.85e-43	180
uvig_159360	MGYG000002835_9	78.516	256	55	0	15827	16082	64391	64646	1.70e-39	169
uvig_159360	MGYG000002835_5	76.797	306	61	10	60078	60378	27179	26879	7.90e-38	163
uvig_159360	MGYG000000251_31	93.333	105	7	0	51387	51491	106	2	1.32e-35	156
uvig_159360	MGYG000004233_13	75.828	302	65	8	60078	60375	29123	29420	7.96e-33	147
uvig_159360	MGYG000003676_28	100.000	38	0	0	53152	53189	1626	1663	4.93e-10	71.3
uvig_261210	MGYG000003676_275	96.230	7507	234	13	72628	80088	7504	1	0.0	12249
uvig_261210	MGYG000003676_275	93.077	1820	113	6	70792	72602	9389	7574	0.0	2651
uvig_261210	MGYG000003676_275	94.238	538	28	1	70298	70832	9919	9382	0.0	819
uvig_261210	MGYG000000251_4	97.856	6110	122	5	70792	76892	123191	117082	0.0	10549
uvig_261210	MGYG000000251_4	98.136	4774	89	0	87577	92350	95461	90688	0.0	8323
uvig_261210	MGYG000000251_4	98.099	4208	79	1	80169	84376	113889	109683	0.0	7326
uvig_261210	MGYG000000251_4	97.403	3196	51	3	76925	80089	117085	113891	0.0	5413
uvig_261210	MGYG000000251_4	97.593	2327	53	2	85259	87583	97819	95494	0.0	3984
uvig_261210	MGYG000000251_4	94.313	633	35	1	84602	85234	107190	106559	0.0	968
uvig_261210	MGYG000000251_4	98.879	535	6	0	70298	70832	123718	123184	0.0	955
uvig_261210	MGYG000000251_4	89.655	174	14	4	85226	85397	97931	97760	1.24e-54	219
uvig_261210	MGYG000003676_288	96.927	5011	140	3	80237	85234	1	5010	0.0	8388
uvig_261210	MGYG000004233_129	96.953	2691	70	6	87577	90264	2736	55	0.0	4505
uvig_261210	MGYG000004233_129	97.223	2305	62	1	85281	87583	5073	2769	0.0	3901
uvig_261210	MGYG000003676_99	95.905	2564	103	2	87577	90139	2489	5051	0.0	4152
uvig_261210	MGYG000003676_99	97.722	2327	48	4	85259	87583	133	2456	0.0	3999
uvig_261210	MGYG000003676_99	91.411	2154	158	16	90193	92327	5135	7280	0.0	2928
uvig_261210	MGYG000003676_99	91.429	140	9	3	85259	85397	54	191	9.69e-46	189
uvig_261210	MGYG000003676_99	91.150	113	8	1	85287	85397	1	113	1.27e-34	152
uvig_261210	MGYG000004233_181	96.302	1947	51	11	90257	92185	56	1999	0.0	3177
uvig_261210	MGYG000002835_34	76.483	3202	691	58	73330	76500	26657	29827	0.0	1685
uvig_261210	MGYG000002835_34	76.979	821	185	4	71466	72284	24930	25748	4.00e-129	466
uvig_261210	MGYG000002835_34	76.562	128	16	9	70864	70981	24327	24450	2.85e-06	58.4
uvig_261210	MGYG000000251_7	80.077	783	144	10	69520	70296	29001	29777	8.24e-161	571
uvig_261210	MGYG000004233_3	73.009	904	215	27	79108	79997	182	1070	2.58e-76	291
uvig_261210	MGYG000000251_1	95.455	66	3	0	92346	92411	699784	699849	1.00e-20	106
uvig_261210	MGYG000003676_94	86.486	74	8	2	80083	80155	255	183	6.09e-13	80.5
uvig_261210	MGYG000000251_26	86.486	74	9	1	80082	80155	9167	9239	6.09e-13	80.5
uvig_261210	MGYG000003676_116	85.135	74	10	1	80082	80155	1710	1782	2.83e-11	75.0
uvig_261210	MGYG000003676_173	93.478	46	3	0	71389	71434	2	47	1.32e-09	69.4
uvig_261210	MGYG000003676_19	93.478	46	3	0	71389	71434	12714	12759	1.32e-09	69.4
uvig_261210	MGYG000003676_221	83.562	73	10	2	80084	80155	185	256	4.74e-09	67.6
uvig_261210	MGYG000003676_221	97.143	35	1	0	71400	71434	13278	13244	7.93e-07	60.2
uvig_261210	MGYG000000251_17	100.000	30	0	0	80127	80156	12882	12911	1.03e-05	56.5
uvig_494327	MGYG000000251_20	98.974	6140	60	2	52011	58147	38675	44814	0.0	10986
uvig_494327	MGYG000000251_20	98.759	403	5	0	4650	5052	1013	1415	0.0	717
uvig_494327	MGYG000000251_20	100.000	68	0	0	5051	5118	38614	38681	4.85e-27	126
uvig_494327	MGYG000003676_61	96.290	2183	59	4	53250	55412	19979	17799	0.0	3563
uvig_494327	MGYG000003676_61	98.993	993	10	0	52014	53006	20964	19972	0.0	1779
uvig_494327	MGYG000003676_61	97.650	468	11	0	4651	5118	21428	20961	0.0	804
uvig_494327	MGYG000000251_1	99.458	1291	7	0	1	1291	834133	835423	0.0	2346
uvig_494327	MGYG000000251_44	86.391	654	84	4	591	1242	653	3	0.0	710
uvig_494327	MGYG000000251_4	87.879	297	36	0	1	297	297	1	2.64e-94	350
uvig_494327	MGYG000002835_14	76.149	457	94	12	3038	3485	56454	56904	4.65e-57	226
uvig_494327	MGYG000000251_31	93.333	105	7	0	1187	1291	2	106	6.19e-36	156
uvig_528707	MGYG000000251_22	99.699	4988	15	0	4	4991	23119	28106	0.0	9129
uvig_528707	MGYG000000251_22	95.748	4116	143	21	46162	50260	30497	34597	0.0	6602
uvig_528707	MGYG000000251_22	88.410	3736	415	11	50968	54699	41598	45319	0.0	4484
uvig_528707	MGYG000000251_22	99.337	2413	15	1	43605	46017	28092	30503	0.0	4366
uvig_528707	MGYG000000251_22	97.626	2190	50	2	54875	57063	45318	47506	0.0	3755
uvig_528707	MGYG000003676_112	88.549	4768	510	32	247	4991	7638	2884	0.0	5747
uvig_528707	MGYG000003676_112	85.187	2410	327	15	43607	45994	2895	494	0.0	2446
uvig_528707	MGYG000003676_112	90.526	475	38	5	46124	46592	474	1	4.98e-176	621
uvig_528707	MGYG000003676_285	98.097	2470	47	0	47485	49954	5580	3111	0.0	4301
uvig_528707	MGYG000003676_285	86.138	2698	357	11	50968	53662	2684	1	0.0	2894
uvig_528707	MGYG000003676_285	88.060	201	16	8	50044	50242	2971	2777	9.81e-59	231
uvig_528707	MGYG000002835_4	79.168	3845	745	51	239	4055	34661	38477	0.0	2612
uvig_528707	MGYG000002835_4	77.695	1076	225	13	43689	44756	39316	40384	0.0	643
uvig_528707	MGYG000002835_4	75.964	1011	231	11	53683	54687	77450	78454	1.12e-142	510
uvig_528707	MGYG000004233_71	79.106	3848	742	54	239	4055	11283	7467	0.0	2595
uvig_528707	MGYG000004233_71	76.966	1081	236	11	43689	44762	6635	5561	5.02e-171	604
uvig_528707	MGYG000003676_126	85.714	1946	264	12	54888	56826	1040	2978	0.0	2041
uvig_528707	MGYG000003676_126	84.787	1032	155	2	53669	54699	1	1031	0.0	1035
uvig_528707	MGYG000000251_1	95.135	185	9	0	54694	54878	126639	126823	4.43e-77	292
uvig_528707	MGYG000000251_1	93.989	183	10	1	54694	54876	699783	699964	4.47e-72	276
uvig_528707	MGYG000000251_1	92.818	181	13	0	54694	54874	194335	194515	3.48e-68	263
uvig_528707	MGYG000000251_1	94.012	167	9	1	54711	54876	872991	873157	7.53e-65	252
uvig_528707	MGYG000000251_1	93.243	148	10	0	56916	57063	110495	110642	7.63e-55	219
uvig_528707	MGYG000000251_1	94.495	109	6	0	46046	46154	344923	345031	7.80e-40	169
uvig_528707	MGYG000000251_1	91.000	100	9	0	46050	46149	644552	644453	7.91e-30	135
uvig_528707	MGYG000000251_4	94.536	183	10	0	54694	54876	187095	186913	2.67e-74	283
uvig_528707	MGYG000000251_5	93.989	183	9	2	54695	54876	24276	24095	4.47e-72	276
uvig_528707	MGYG000000251_5	88.889	135	15	0	46020	46154	64186	64052	2.80e-39	167
uvig_528707	MGYG000000251_5	85.517	145	16	5	54739	54880	87547	87405	3.65e-33	147
uvig_528707	MGYG000000251_3	93.443	183	12	0	54695	54877	157239	157421	5.78e-71	272
uvig_528707	MGYG000000251_3	92.254	142	11	0	46020	46161	69842	69701	7.69e-50	202
uvig_528707	MGYG000000251_14	98.333	120	2	0	56922	57041	430	311	1.28e-52	211
uvig_528707	MGYG000000251_2	91.156	147	11	1	46008	46154	246756	246900	9.95e-49	198
uvig_528707	MGYG000000251_2	92.029	138	11	0	46017	46154	194830	194967	1.29e-47	195
uvig_528707	MGYG000000251_2	90.265	113	11	0	46042	46154	461085	460973	1.02e-33	148
uvig_528707	MGYG000004233_178	92.593	135	10	0	46020	46154	1639	1505	1.29e-47	195
uvig_528707	MGYG000000251_10	89.796	147	15	0	46015	46161	16562	16416	5.99e-46	189
uvig_528707	MGYG000000251_10	88.571	140	16	0	56924	57063	708	569	2.17e-40	171
uvig_528707	MGYG000004233_156	88.667	150	15	2	46020	46167	1770	1919	1.00e-43	182
uvig_528707	MGYG000003676_202	90.370	135	13	0	46020	46154	2271	2137	1.30e-42	178
uvig_528707	MGYG000000251_13	88.000	150	16	2	46020	46167	28211	28062	4.66e-42	176
uvig_528707	MGYG000003676_209	88.276	145	17	0	46017	46161	103	247	1.68e-41	174
uvig_528707	MGYG000003676_271	90.152	132	13	0	46020	46151	10694	10563	6.03e-41	172
uvig_528707	MGYG000003676_90	88.028	142	17	0	46020	46161	2778	2919	7.80e-40	169
uvig_528707	MGYG000003676_169	95.283	106	4	1	46053	46157	10230	10125	2.80e-39	167
uvig_528707	MGYG000003676_69	90.179	112	9	2	117	226	133	22	1.31e-32	145
uvig_528707	MGYG000000251_12	85.417	144	16	5	54736	54876	47670	47811	1.31e-32	145
uvig_528707	MGYG000004233_130	95.000	60	3	0	46102	46161	5056	4997	1.34e-17	95.3
uvig_528707	MGYG000003676_217	88.406	69	8	0	46093	46161	4240	4308	2.91e-14	84.2
uvig_528707	MGYG000000251_9	96.000	50	2	0	54827	54876	37842	37891	1.05e-13	82.4
uvig_500543	MGYG000000251_2	98.643	11642	141	6	3	11642	421	12047	0.0	20607
uvig_500543	MGYG000003676_117	88.404	2863	326	6	6929	9789	2180	5038	0.0	3443
uvig_500543	MGYG000003676_117	89.094	596	63	2	5731	6325	1	595	0.0	739
uvig_500543	MGYG000003676_117	90.295	237	23	0	6634	6870	1713	1949	8.61e-83	311
uvig_500543	MGYG000003676_306	81.680	3477	596	35	949	4404	1344	4800	0.0	2854
uvig_500543	MGYG000003676_306	88.390	646	73	2	306	951	671	1314	0.0	776
uvig_500543	MGYG000003676_306	91.928	223	6	6	3	221	285	499	5.18e-80	302
uvig_500543	MGYG000003676_128	86.255	1215	166	1	10422	11636	849	2062	0.0	1317
uvig_500543	MGYG000003676_128	87.694	707	87	0	9693	10399	3	709	0.0	824
uvig_500543	MGYG000000251_23	100.000	59	0	0	133	191	1	59	3.37e-22	110
uvig_500543	MGYG000000251_3	96.774	31	1	0	8685	8715	72061	72031	5.76e-05	52.8
uvig_17336	MGYG000000251_5	98.669	4883	65	0	1	4883	146894	142012	0.0	8658
uvig_17336	MGYG000000251_5	94.316	4205	230	6	4840	9036	160082	164285	0.0	6433
uvig_17336	MGYG000003676_165	97.724	4877	111	0	7	4883	10871	5995	0.0	8392
uvig_17336	MGYG000003676_35	98.113	3657	64	2	4840	8492	8985	12640	0.0	6366
uvig_17336	MGYG000004233_86	96.444	3656	125	2	4829	8480	2044	5698	0.0	6026
uvig_17336	MGYG000004233_86	98.195	554	10	0	8483	9036	5757	6310	0.0	968
uvig_17336	MGYG000003676_192	96.751	554	18	0	8483	9036	6025	5472	0.0	924
uvig_325016	MGYG000000251_12	96.514	22865	762	26	60065	82911	4142	26989	0.0	37776
uvig_325016	MGYG000000251_12	99.757	9892	22	2	83593	93483	33864	43754	0.0	18133
uvig_325016	MGYG000000251_12	96.522	3623	126	0	56295	59917	318	3940	0.0	5993
uvig_325016	MGYG000000251_12	97.627	295	7	0	83196	83490	32892	33186	2.38e-141	507
uvig_325016	MGYG000000251_12	92.661	218	16	0	82976	83193	32506	32723	1.55e-83	315
uvig_325016	MGYG000000251_12	94.667	75	3	1	82912	82985	32277	32351	1.69e-23	115
uvig_325016	MGYG000003676_206	96.555	4993	162	10	83719	88707	2371	7357	0.0	8259
uvig_325016	MGYG000003676_206	88.204	2043	241	0	79243	81285	1	2043	0.0	2438
uvig_325016	MGYG000003676_142	98.523	4535	65	2	88609	93142	1	4534	0.0	8002
uvig_325016	MGYG000003676_142	99.148	352	2	1	93133	93483	4678	5029	3.77e-179	632
uvig_325016	MGYG000003676_227	90.771	3099	284	2	76004	79101	3196	99	0.0	4137
uvig_325016	MGYG000003676_208	92.053	2894	226	3	57027	59917	4385	1493	0.0	4067
uvig_325016	MGYG000003676_208	94.685	715	38	0	56307	57021	5152	4438	0.0	1110
uvig_325016	MGYG000003676_208	87.793	598	63	7	60065	60655	595	1	0.0	691
uvig_325016	MGYG000003676_3	100.000	31	0	0	60630	60660	149	179	2.89e-06	58.4
uvig_206522	MGYG000000251_7	98.597	14750	205	2	73759	88508	28897	14150	0.0	26090
uvig_206522	MGYG000000251_7	98.971	5832	58	2	4545	10375	34788	28958	0.0	10436
uvig_206522	MGYG000000251_7	97.864	4447	93	2	1	4446	52706	48261	0.0	7685
uvig_206522	MGYG000000251_7	96.429	140	3	2	73578	73717	29035	28898	5.47e-58	230
uvig_206522	MGYG000000251_7	100.000	55	0	0	88454	88508	13956	13902	1.24e-19	102
uvig_206522	MGYG000000251_7	91.892	74	3	3	88435	88508	14096	14026	4.48e-19	100
uvig_206522	MGYG000000251_7	100.000	52	0	0	88457	88508	13828	13777	5.79e-18	97.1
uvig_206522	MGYG000003676_250	84.614	6363	917	38	82167	88508	6349	28	0.0	6270
uvig_206522	MGYG000000251_9	82.542	4170	688	34	23	4172	71205	67056	0.0	3631
uvig_206522	MGYG000003676_153	91.266	2576	225	0	73838	76413	85	2660	0.0	3511
uvig_206522	MGYG000003676_153	85.660	265	38	0	76422	76686	2720	2984	5.36e-73	279
uvig_206522	MGYG000003676_312	81.334	2909	503	25	77550	80426	3743	843	0.0	2327
uvig_206522	MGYG000003676_312	80.830	819	146	11	76724	77539	4645	3835	3.57e-179	632
uvig_206522	MGYG000003676_312	81.303	706	124	7	80426	81127	759	58	3.67e-159	566
uvig_206522	MGYG000002835_23	76.409	4222	927	56	83268	87462	8573	12752	0.0	2215
uvig_206522	MGYG000004233_59	88.664	1782	191	9	8554	10332	2650	4423	0.0	2161
uvig_206522	MGYG000002835_2	88.440	1782	195	9	8554	10332	109986	111759	0.0	2139
uvig_206522	MGYG000002835_2	80.296	406	74	6	7105	7507	116324	115922	1.14e-79	302
uvig_206522	MGYG000004233_135	76.717	3612	780	50	83874	87462	28	3601	0.0	1954
uvig_206522	MGYG000002835_57	79.669	2597	500	19	73839	76409	5209	7803	0.0	1845
uvig_206522	MGYG000002835_57	74.461	603	142	12	80517	81113	8459	7863	4.20e-64	250
uvig_206522	MGYG000002835_57	82.645	121	15	6	81315	81434	16281	16166	1.24e-19	102
uvig_206522	MGYG000000251_2	88.684	1140	126	3	7	1146	228828	227692	0.0	1387
uvig_206522	MGYG000000251_2	83.071	254	33	8	4199	4446	226880	226631	9.15e-56	222
uvig_206522	MGYG000004233_83	73.632	603	147	12	80517	81113	2950	2354	9.15e-56	222
ivig_1905	MGYG000000251_2	99.243	6210	39	4	17603	23805	234809	241017	0.0	11201
ivig_1905	MGYG000000251_2	99.851	5380	6	2	5914	11291	220501	225880	0.0	9889
ivig_1905	MGYG000000251_2	99.172	2900	16	1	1	2900	217631	220522	0.0	5216
ivig_1905	MGYG000000251_2	99.369	1742	11	0	15871	17612	232994	234735	0.0	3157
ivig_1905	MGYG000000251_3	97.425	233	5	1	8049	8280	30974	31206	1.37e-108	396
ivig_1905	MGYG000000251_3	97.368	76	2	0	8471	8546	31195	31270	1.53e-28	130
ivig_1905	MGYG000000251_28	94.059	202	11	1	12420	12620	3095	3296	2.37e-81	305
ivig_1905	MGYG000000251_15	95.455	44	1	1	1387	1430	16664	16706	3.39e-10	69.4
uvig_145092	MGYG000003676_222	90.221	317	30	1	9145	9460	1036	1352	3.00e-113	412
uvig_145092	MGYG000000251_13	88.162	321	34	2	9145	9461	20662	20982	3.04e-103	379
uvig_145092	MGYG000000251_34	100.000	54	0	0	52367	52420	4363	4416	2.65e-19	100
uvig_145092	MGYG000000251_33	100.000	54	0	0	52367	52420	59	6	2.65e-19	100
uvig_145092	MGYG000004233_129	100.000	53	0	0	52368	52420	56	4	9.53e-19	99.0
uvig_145092	MGYG000002835_65	100.000	53	0	0	52368	52420	13403	13455	9.53e-19	99.0
uvig_145092	MGYG000000251_27	100.000	53	0	0	52368	52420	27335	27387	9.53e-19	99.0
uvig_145092	MGYG000000251_39	100.000	52	0	0	52369	52420	1	52	3.43e-18	97.1
uvig_145092	MGYG000000251_12	100.000	52	0	0	52369	52420	76131	76182	3.43e-18	97.1
uvig_145092	MGYG000002835_83	93.750	64	3	1	52358	52420	6453	6516	1.23e-17	95.3
uvig_145092	MGYG000002835_19	100.000	51	0	0	52370	52420	55	5	1.23e-17	95.3
uvig_145092	MGYG000002835_34	96.296	54	2	0	52367	52420	7714	7767	5.74e-16	89.8
uvig_145092	MGYG000000251_3	97.143	35	1	0	10293	10327	59305	59271	4.50e-07	60.2
uvig_146982	MGYG000000251_1	98.404	6142	93	4	25713	31851	832536	826397	0.0	10794
uvig_146982	MGYG000000251_1	85.358	1202	159	14	24665	25858	833619	832427	0.0	1229
uvig_146982	MGYG000000251_1	98.784	329	4	0	29420	29748	836127	835799	1.01e-165	586
uvig_146982	MGYG000000251_1	99.213	127	1	0	24553	24679	835799	835673	1.97e-58	230
uvig_146982	MGYG000000251_1	88.073	109	13	0	25750	25858	832571	832463	2.05e-28	130
uvig_146982	MGYG000000251_1	91.011	89	8	0	25768	25856	832571	832483	1.24e-25	121
uvig_146982	MGYG000000251_1	94.444	54	2	1	29239	29291	836181	836128	5.83e-14	82.4
uvig_146982	MGYG000000251_1	87.719	57	7	0	26590	26646	831908	831852	1.63e-09	67.6
uvig_146982	MGYG000000251_3	92.161	893	63	5	939	1825	17469	16578	0.0	1254
uvig_146982	MGYG000000251_3	100.000	36	0	0	7862	7897	59592	59627	1.63e-09	67.6
uvig_146982	MGYG000000251_13	90.654	321	29	1	10047	10366	20982	20662	2.34e-117	425
uvig_146982	MGYG000003676_222	87.188	320	37	2	10048	10366	1352	1036	6.69e-98	361
uvig_453227	MGYG000000251_5	92.733	8325	551	44	52799	61096	99805	91508	0.0	11972
uvig_453227	MGYG000000251_5	97.314	6142	163	2	100	6240	105942	99802	0.0	10427
uvig_453227	MGYG000003676_106	88.873	5527	557	45	55600	61096	1	5499	0.0	6746
uvig_453227	MGYG000003676_209	98.337	3488	58	0	100	3587	1513	5000	0.0	6120
uvig_453227	MGYG000003676_188	96.759	2900	93	1	52799	55698	2899	1	0.0	4833
uvig_453227	MGYG000003676_188	95.983	2639	104	2	3548	6186	7666	5030	0.0	4285
uvig_453227	MGYG000003676_188	95.890	73	2	1	6169	6240	2968	2896	3.15e-24	117
uvig_453227	MGYG000004233_19	80.494	5547	993	73	57301	62804	26696	21196	0.0	4167
uvig_453227	MGYG000002835_8	80.426	5538	991	78	57312	62804	45614	40125	0.0	4135
uvig_453227	MGYG000004233_175	97.637	2243	49	4	275	2514	120	2361	0.0	3845
uvig_453227	MGYG000004233_172	75.684	621	143	8	55565	56181	1064	1680	2.25e-80	303
uvig_453227	MGYG000000251_11	98.990	99	1	0	1	99	84721	84623	1.43e-42	178
uvig_453227	MGYG000000251_26	97.980	99	2	0	1	99	905	1003	6.63e-41	172
uvig_453227	MGYG000000251_24	98.765	81	1	0	19	99	1	81	1.45e-32	145
uvig_159365	MGYG000000251_10	99.443	10410	52	5	41956	52361	78025	67618	0.0	18897
uvig_159365	MGYG000000251_10	94.349	814	46	0	39818	40631	78870	78057	0.0	1249
uvig_159365	MGYG000004233_171	98.478	2496	16	8	42043	44536	2476	1	0.0	4379
uvig_159365	MGYG000002835_18	79.805	1436	280	8	45764	47194	44742	43312	0.0	1037
uvig_159365	MGYG000004233_44	81.557	835	150	4	49325	50157	3441	4273	0.0	686
uvig_159365	MGYG000004233_18	78.571	140	20	9	45104	45238	37791	37925	2.67e-14	84.2
uvig_159365	MGYG000000251_22	100.000	30	0	0	12596	12625	41025	40996	5.81e-06	56.5
uvig_159365	MGYG000000251_3	96.970	33	1	0	13482	13514	59627	59595	5.81e-06	56.5
uvig_46195	MGYG000000251_3	99.188	5171	42	0	36538	41708	165913	160743	0.0	9317
uvig_46195	MGYG000000251_3	98.852	3398	39	0	41796	45193	160751	157354	0.0	6059
uvig_46195	MGYG000003676_89	86.605	2919	381	10	41982	44895	8490	11403	0.0	3216
uvig_46195	MGYG000003676_89	86.734	1975	253	6	36554	38523	637	2607	0.0	2187
uvig_46195	MGYG000003676_89	85.714	1960	278	2	38613	40571	2741	4699	0.0	2067
uvig_46195	MGYG000003676_89	88.302	265	29	2	41591	41854	8008	8271	2.08e-84	316
uvig_46195	MGYG000003676_89	87.008	254	32	1	41164	41417	5527	5779	5.88e-75	285
uvig_46195	MGYG000004233_10	81.333	450	77	4	36574	37018	18559	19006	3.41e-97	359
uvig_46195	MGYG000002835_21	81.027	448	82	2	36574	37018	5128	5575	1.59e-95	353
uvig_46195	MGYG000000251_5	98.507	67	1	0	45127	45193	24095	24161	6.31e-25	119
uvig_46195	MGYG000000251_4	91.111	90	4	4	45104	45192	186892	186978	6.31e-25	119
uvig_46195	MGYG000000251_1	94.737	76	4	0	45117	45192	126831	126756	6.31e-25	119
uvig_46195	MGYG000000251_1	98.438	64	1	0	45129	45192	194515	194452	2.93e-23	113
uvig_46195	MGYG000000251_1	95.775	71	1	2	45124	45193	699968	699899	2.93e-23	113
uvig_46195	MGYG000000251_1	96.923	65	2	0	45127	45191	873157	873093	3.80e-22	110
uvig_289420	MGYG000000251_1	99.494	11466	58	0	25428	36893	726784	715319	0.0	20853
uvig_289420	MGYG000003676_307	82.361	5930	973	47	29945	35830	7755	1855	0.0	5088
uvig_289420	MGYG000003676_307	88.034	702	84	0	36192	36893	1420	719	0.0	832
uvig_289420	MGYG000003676_307	94.872	39	2	0	35262	35300	2300	2262	8.80e-08	62.1
uvig_289420	MGYG000002835_35	72.587	777	184	23	30494	31261	20723	19967	8.20e-58	228
uvig_181753	MGYG000000251_17	98.522	5276	77	1	105	5380	21308	26582	0.0	9310
uvig_181753	MGYG000000251_17	100.000	184	0	0	5530	5713	26573	26756	2.31e-91	340
uvig_181753	MGYG000000251_17	98.361	61	1	0	4043	4103	21137	21197	2.55e-21	108
uvig_181753	MGYG000003676_132	98.788	165	2	0	3838	4002	889	725	1.82e-77	294
uvig_181753	MGYG000000251_8	98.788	165	2	0	3838	4002	40177	40341	1.82e-77	294
uvig_181753	MGYG000000251_1	97.297	111	3	0	1	111	1781	1891	8.85e-46	189
uvig_181753	MGYG000000251_21	90.476	105	8	2	1	104	25033	24930	3.25e-30	137
uvig_202477	MGYG000000251_1	98.262	5638	95	3	1	5637	600945	595310	0.0	9865
uvig_202477	MGYG000000251_1	99.201	626	5	0	5715	6340	594290	593665	0.0	1129
uvig_202477	MGYG000000251_1	93.519	108	7	0	6324	6431	586026	585919	1.30e-37	161
uvig_202477	MGYG000003676_167	96.862	1466	46	0	4114	5579	1	1466	0.0	2453
uvig_202477	MGYG000003676_167	80.851	141	18	7	6291	6431	1496	1627	8.00e-20	102
uvig_202477	MGYG000003676_101	97.577	1403	34	0	2796	4198	1403	1	0.0	2403
uvig_391702	MGYG000000251_15	97.351	7701	185	5	22538	30238	27375	35056	0.0	13073
uvig_391702	MGYG000000251_15	93.976	83	4	1	22432	22514	27212	27293	9.13e-27	124
uvig_402991	MGYG000000251_13	98.500	2866	28	1	13339	16189	15352	18217	0.0	5040
uvig_402991	MGYG000003676_149	95.389	2863	117	1	13342	16189	4313	1451	0.0	4542
uvig_402991	MGYG000004233_10	76.220	984	226	8	15143	16122	54241	53262	2.47e-144	514
uvig_401104	MGYG000000251_7	99.664	13382	45	0	71491	84872	423	13804	0.0	24463
uvig_401104	MGYG000000251_7	98.824	425	4	1	121	544	1	425	0.0	756
uvig_401104	MGYG000000251_7	100.000	50	0	0	84823	84872	14004	14053	7.18e-17	93.5
uvig_401104	MGYG000000251_7	100.000	50	0	0	84823	84872	14128	14177	7.18e-17	93.5
uvig_401104	MGYG000000251_7	100.000	48	0	0	84825	84872	13882	13929	9.29e-16	89.8
uvig_401104	MGYG000003676_154	74.895	3346	737	84	78369	81664	3	3295	0.0	1430
uvig_401104	MGYG000003676_249	97.255	255	7	0	1	255	1	255	3.73e-119	433
uvig_401104	MGYG000003676_208	98.198	222	3	1	1	222	5669	5449	2.94e-105	387
uvig_401104	MGYG000000251_1	99.379	161	1	0	1	161	115926	116086	6.60e-77	292
uvig_401104	MGYG000004233_49	94.904	157	8	0	1	157	173	329	5.21e-63	246
uvig_401104	MGYG000002835_23	82.482	274	46	2	83195	83467	15723	15451	8.72e-61	239
uvig_401104	MGYG000002835_23	95.833	48	2	0	84825	84872	13818	13771	2.01e-12	78.7
uvig_401104	MGYG000000251_2	98.039	102	2	0	121	222	1	102	1.93e-42	178
uvig_401104	MGYG000000251_13	92.500	120	9	0	136	255	1	120	8.97e-41	172
uvig_401104	MGYG000000251_12	97.701	87	2	0	136	222	1	87	4.20e-34	150
uvig_401104	MGYG000002835_29	92.308	104	8	0	54	157	1	104	1.51e-33	148
uvig_401104	MGYG000003676_250	100.000	50	0	0	84823	84872	6	55	7.18e-17	93.5
uvig_401104	MGYG000004233_135	95.833	48	2	0	84825	84872	4666	4619	2.01e-12	78.7
uvig_401104	MGYG000004233_103	95.833	48	2	0	84825	84872	55	8	2.01e-12	78.7
uvig_149445	MGYG000000251_16	98.692	2828	36	1	39362	42189	68544	65718	0.0	5016
uvig_149445	MGYG000000251_16	97.020	537	12	4	1	535	69063	68529	0.0	900
uvig_149445	MGYG000002835_52	78.759	1869	383	14	40328	42189	21297	19436	0.0	1240
uvig_149445	MGYG000002835_52	84.536	194	23	7	335	524	22685	22495	5.72e-45	185
uvig_149445	MGYG000000251_14	90.514	253	15	8	1	249	5	252	3.23e-87	326
uvig_149445	MGYG000000251_10	90.079	252	18	6	1	249	285	532	1.50e-85	320
uvig_149445	MGYG000000251_10	100.000	28	0	0	1	28	243	270	6.06e-05	52.8
uvig_149445	MGYG000000251_22	92.237	219	13	3	1	216	47833	47616	1.17e-81	307
uvig_149445	MGYG000000251_1	86.154	260	14	13	1	240	110943	110686	9.24e-68	261
uvig_149445	MGYG000002835_46	87.234	94	10	2	335	426	297	390	4.58e-21	106
uvig_149445	MGYG000000251_8	86.813	91	10	2	338	426	128493	128403	2.13e-19	100
uvig_149445	MGYG000000251_8	91.667	72	6	0	145	216	128585	128514	2.13e-19	100
uvig_149445	MGYG000000251_8	82.400	125	8	10	1	118	128632	128515	2.76e-18	97.1
uvig_149445	MGYG000002835_4	88.136	59	5	2	5	62	81176	81119	6.01e-10	69.4
uvig_452937	MGYG000000251_7	99.411	7473	41	2	1	7473	21597	14128	0.0	13553
uvig_452937	MGYG000000251_7	93.750	96	3	3	7378	7473	14096	14004	9.47e-32	141
uvig_452937	MGYG000000251_7	100.000	75	0	0	7397	7471	13956	13882	3.41e-31	139
uvig_452937	MGYG000000251_7	100.000	74	0	0	7400	7473	13828	13755	1.23e-30	137
uvig_452937	MGYG000003676_250	84.732	6386	912	31	1109	7473	6349	6	0.0	6333
uvig_452937	MGYG000002835_23	76.533	4223	920	56	2210	6404	8573	12752	0.0	2242
uvig_452937	MGYG000002835_23	93.421	76	5	0	7396	7471	13743	13818	2.07e-23	113
uvig_452937	MGYG000004233_135	76.923	3614	769	52	2816	6404	28	3601	0.0	1993
uvig_452937	MGYG000004233_135	93.421	76	5	0	7396	7471	4591	4666	2.07e-23	113
uvig_452937	MGYG000002835_57	82.645	121	15	6	257	376	16281	16166	4.47e-20	102
uvig_452937	MGYG000004233_103	94.737	57	2	1	7419	7475	3	58	1.25e-15	87.9
uvig_555702	MGYG000003676_108	96.239	3988	150	0	8836	12823	3354	7341	0.0	6534
uvig_555702	MGYG000003676_108	87.261	1413	172	8	6049	7457	486	1894	0.0	1605
uvig_555702	MGYG000003676_108	90.386	1113	106	1	7717	8829	2196	3307	0.0	1461
uvig_555702	MGYG000003676_108	98.413	63	1	0	51463	51525	7325	7387	1.21e-22	111
uvig_555702	MGYG000000251_4	96.114	3989	154	1	8836	12823	81125	77137	0.0	6506
uvig_555702	MGYG000000251_4	88.198	1415	159	8	6052	7462	84024	82614	0.0	1681
uvig_555702	MGYG000000251_4	90.991	1110	99	1	7720	8829	82279	81171	0.0	1495
uvig_555702	MGYG000000251_4	96.970	66	2	0	51463	51528	77153	77088	1.21e-22	111
uvig_555702	MGYG000003676_40	83.979	1523	236	8	1	1519	5758	7276	0.0	1454
uvig_555702	MGYG000002835_14	80.144	972	173	19	6467	7427	35712	36674	0.0	708
uvig_555702	MGYG000000251_39	100.000	78	0	0	51519	51596	1	78	1.19e-32	145
uvig_555702	MGYG000002835_34	95.181	83	2	2	51514	51595	7711	7792	3.33e-28	130
uvig_555702	MGYG000000251_12	96.970	66	1	1	51512	51577	76125	76189	4.33e-22	110
uvig_555702	MGYG000000251_27	100.000	58	0	0	51519	51576	27336	27393	1.56e-21	108
uvig_555702	MGYG000000251_34	100.000	57	0	0	51519	51575	4365	4421	5.61e-21	106
uvig_555702	MGYG000000251_33	100.000	57	0	0	51519	51575	57	1	5.61e-21	106
uvig_555702	MGYG000004233_129	100.000	55	0	0	51519	51573	55	1	7.25e-20	102
uvig_555702	MGYG000002835_19	100.000	54	0	0	51520	51573	55	2	2.61e-19	100
uvig_555702	MGYG000002835_65	100.000	52	0	0	51519	51570	13404	13455	3.37e-18	97.1
uvig_555702	MGYG000002835_83	98.148	54	1	0	51520	51573	6466	6519	1.21e-17	95.3
uvig_206967	MGYG000000251_14	98.618	1375	18	1	34336	35710	73349	71976	0.0	2433
uvig_206967	MGYG000000251_14	98.630	73	1	0	34167	34239	73422	73350	2.30e-28	130
uvig_206967	MGYG000000251_1	87.465	1803	220	5	32367	34166	833624	835423	0.0	2073
uvig_206967	MGYG000000251_1	100.000	55	0	0	1	55	270703	270757	5.02e-20	102
uvig_206967	MGYG000000251_4	98.764	809	8	1	32367	33173	809	1	0.0	1437
uvig_206967	MGYG000000251_44	99.081	653	6	0	33467	34119	653	1	0.0	1173
uvig_206967	MGYG000000251_7	99.476	382	2	0	32366	32747	137272	137653	0.0	695
uvig_206967	MGYG000000251_31	99.065	107	1	0	34061	34167	1	107	2.89e-47	193
uvig_206967	MGYG000004233_6	85.217	115	10	7	1	112	68199	68089	8.34e-23	111
uvig_206967	MGYG000000251_23	100.000	55	0	0	1	55	551	605	5.02e-20	102
uvig_206967	MGYG000002835_64	86.458	96	7	6	3	95	14048	13956	1.80e-19	100
uvig_206967	MGYG000002835_17	83.333	114	13	6	7	117	7299	7409	1.80e-19	100
uvig_206967	MGYG000003676_28	100.000	35	0	0	32367	32401	1660	1626	6.58e-09	65.8
uvig_206967	MGYG000003676_320	100.000	31	0	0	34291	34321	2901	2871	1.10e-06	58.4
uvig_206967	MGYG000003676_290	97.059	34	1	0	34291	34324	4535	4502	1.10e-06	58.4
uvig_206967	MGYG000003676_78	100.000	31	0	0	34291	34321	2760	2730	1.10e-06	58.4
uvig_206967	MGYG000000251_5	94.595	37	2	0	34285	34321	133101	133137	1.10e-06	58.4
uvig_246356	MGYG000000251_12	98.408	24817	378	12	56479	81290	318	25122	0.0	43624
uvig_246356	MGYG000003676_227	94.740	3099	159	4	76242	79337	3196	99	0.0	4817
uvig_246356	MGYG000003676_227	100.000	99	0	0	79488	79586	1	99	3.97e-44	183
uvig_246356	MGYG000003676_208	93.929	2899	172	3	57211	60106	4385	1488	0.0	4375
uvig_246356	MGYG000003676_208	94.685	715	38	0	56491	57205	5152	4438	0.0	1110
uvig_246356	MGYG000003676_208	92.504	587	44	0	60289	60875	609	23	0.0	841
uvig_246356	MGYG000003676_208	96.591	88	3	0	60100	60187	992	905	5.21e-33	147
uvig_246356	MGYG000003676_206	97.005	1803	54	0	79488	81290	1	1803	0.0	3031
uvig_285165	MGYG000000251_10	98.529	21889	314	8	49289	71172	78859	100744	0.0	38631
uvig_285165	MGYG000002835_35	84.932	1626	235	10	64698	66318	32252	30632	0.0	1637
uvig_285165	MGYG000000251_20	100.000	55	0	0	74576	74630	7866	7920	1.05e-19	102
uvig_398977	MGYG000000251_1	99.761	2507	6	0	21339	23845	585919	588425	0.0	4597
uvig_398977	MGYG000000251_1	99.383	648	4	0	23879	24526	588421	589068	0.0	1175
uvig_398977	MGYG000000251_11	81.477	1490	264	5	22081	23558	72388	70899	0.0	1212
uvig_398977	MGYG000003676_167	94.118	51	1	1	21339	21389	1627	1579	2.09e-12	76.8
uvig_462648	MGYG000000251_1	94.491	3231	168	9	1	3226	84923	88148	0.0	4972
uvig_462648	MGYG000003676_15	93.354	1941	125	4	1	1939	8064	6126	0.0	2867
uvig_462648	MGYG000003676_15	77.512	1214	245	25	2400	3596	5371	4169	0.0	704
uvig_462648	MGYG000003676_15	95.833	360	12	2	2027	2384	5816	5458	6.15e-163	579
uvig_462648	MGYG000000251_23	76.368	1151	244	24	18111	19253	17841	18971	2.20e-167	593
uvig_462648	MGYG000004233_2	89.796	294	28	2	2047	2339	79235	78943	8.66e-102	375
uvig_462648	MGYG000002835_28	89.381	113	12	0	2227	2339	38559	38447	9.57e-32	143
uvig_188734	MGYG000000251_11	92.952	4143	291	1	1253	5395	81014	76873	0.0	6032
uvig_188734	MGYG000000251_11	96.371	2645	96	0	16397	19041	70896	68252	0.0	4353
uvig_188734	MGYG000000251_11	97.420	2093	54	0	21934	24026	68189	66097	0.0	3567
uvig_188734	MGYG000000251_11	91.814	1466	118	2	7025	8489	76858	75394	0.0	2041
uvig_188734	MGYG000000251_11	94.025	1205	72	0	14829	16033	72401	71197	0.0	1827
uvig_188734	MGYG000000251_11	93.306	986	52	1	232	1217	81978	81007	0.0	1443
uvig_188734	MGYG000000251_11	82.126	621	94	11	9880	10485	73904	73286	3.80e-144	516
uvig_188734	MGYG000000251_1	83.543	1191	192	4	14839	16027	586658	587846	0.0	1110
uvig_188734	MGYG000000251_9	80.973	473	82	7	89138	89606	35951	36419	1.13e-99	368
uvig_188734	MGYG000003676_41	93.617	47	3	0	89566	89612	4089	4043	3.55e-10	71.3
uvig_439468	MGYG000000251_1	97.257	3135	85	1	578	3711	229312	232446	0.0	5312
uvig_439468	MGYG000000251_1	97.189	1423	40	0	6263	7685	235999	237421	0.0	2407
uvig_439468	MGYG000000251_1	96.037	1287	43	4	4993	6278	234318	235597	0.0	2087
uvig_439468	MGYG000000251_1	97.519	1209	30	0	3774	4982	232944	234152	0.0	2067
uvig_439468	MGYG000000251_1	95.540	583	25	1	1	583	228672	229253	0.0	931
uvig_439468	MGYG000000251_1	81.522	184	27	5	36503	36679	192222	192405	2.93e-32	145
uvig_439468	MGYG000000251_7	83.799	179	23	5	36499	36677	60975	61147	2.25e-38	165
uvig_439468	MGYG000000251_23	98.795	83	1	0	36502	36584	81	163	2.26e-33	148
uvig_439468	MGYG000002835_40	95.000	60	3	0	36518	36577	28903	28844	2.99e-17	95.3
uvig_439468	MGYG000002835_1	96.491	57	2	0	36500	36556	125748	125804	2.99e-17	95.3
uvig_564293	MGYG000000251_16	99.700	1664	4	1	88	1751	1	1663	0.0	3044
uvig_564293	MGYG000004233_109	83.060	183	27	4	4814	4995	1793	1972	3.97e-38	163
uvig_564293	MGYG000002835_58	87.324	142	17	1	4823	4964	6205	6065	1.43e-37	161
uvig_564293	MGYG000000251_1	97.500	80	2	0	6583	6662	116185	116264	2.41e-30	137
uvig_564293	MGYG000000251_1	100.000	74	0	0	4892	4965	270355	270282	2.41e-30	137
uvig_564293	MGYG000000251_1	100.000	73	0	0	4892	4964	311525	311597	8.66e-30	135
uvig_564293	MGYG000003676_109	100.000	72	0	0	6583	6654	131	202	3.11e-29	134
uvig_564293	MGYG000000251_45	92.222	90	5	2	58	146	89	1	5.21e-27	126
uvig_564293	MGYG000000251_41	92.135	89	6	1	58	146	88	1	1.87e-26	124
uvig_564293	MGYG000000251_42	98.485	66	0	1	82	146	66	1	1.13e-23	115
uvig_564293	MGYG000000251_26	94.286	70	3	1	1683	1752	28800	28732	6.79e-21	106
uvig_564293	MGYG000000251_2	88.750	80	9	0	62390	62469	478691	478770	1.14e-18	99.0
uvig_564293	MGYG000000251_13	87.654	81	10	0	62389	62469	74937	75017	1.47e-17	95.3
uvig_564293	MGYG000000251_4	100.000	33	0	0	62392	62424	7553	7585	1.49e-07	62.1
ivig_334	MGYG000000251_2	89.063	5221	565	6	73720	78936	201771	206989	0.0	6473
ivig_334	MGYG000000251_2	97.159	2147	61	0	134	2280	220502	222648	0.0	3627
ivig_334	MGYG000000251_3	97.238	181	3	2	19014	19194	16572	16750	8.21e-81	305
ivig_334	MGYG000000251_1	97.403	154	2	1	27883	28034	270202	270355	1.80e-67	261
ivig_334	MGYG000000251_1	85.882	170	6	8	28292	28460	270597	270749	1.45e-38	165
ivig_334	MGYG000000251_1	100.000	72	0	0	27963	28034	311596	311525	4.10e-29	134
ivig_334	MGYG000000251_1	93.651	63	4	0	28090	28152	270386	270448	1.94e-17	95.3
ivig_334	MGYG000000251_1	100.000	38	0	0	67262	67299	270712	270749	3.26e-10	71.3
ivig_334	MGYG000000251_16	93.162	117	8	0	20426	20542	1788	1904	8.69e-41	172
ivig_334	MGYG000004233_51	98.701	77	1	0	27884	27960	17283	17359	3.17e-30	137
ivig_334	MGYG000004233_109	100.000	73	0	0	27962	28034	1942	1870	1.14e-29	135
ivig_334	MGYG000002835_58	100.000	72	0	0	27963	28034	6066	6137	4.10e-29	134
ivig_334	MGYG000002835_20	98.592	71	1	0	27884	27954	45057	45127	6.86e-27	126
ivig_334	MGYG000000251_23	98.276	58	1	0	28403	28460	540	597	1.16e-19	102
ivig_334	MGYG000000251_23	100.000	38	0	0	67262	67299	560	597	3.26e-10	71.3
ivig_334	MGYG000000251_4	87.097	93	9	3	26192	26282	948	857	1.16e-19	102
ivig_334	MGYG000002835_71	91.781	73	5	1	1	72	10420	10492	4.16e-19	100
ivig_334	MGYG000004233_6	94.915	59	1	2	28413	28470	68200	68143	2.50e-16	91.6
ivig_334	MGYG000004233_6	93.878	49	1	2	67262	67309	68190	68143	9.07e-11	73.1
ivig_334	MGYG000002835_64	82.857	105	15	3	28416	28518	14048	13945	2.50e-16	91.6
ivig_334	MGYG000002835_64	91.228	57	1	4	67262	67315	14041	13986	2.52e-11	75.0
ivig_334	MGYG000002835_17	94.231	52	1	2	28420	28470	7299	7349	1.95e-12	78.7
ivig_334	MGYG000002835_17	93.878	49	1	2	67262	67309	7302	7349	9.07e-11	73.1
uvig_150971	MGYG000000251_1	99.570	10227	44	0	36222	46448	390636	400862	0.0	18643
uvig_150971	MGYG000000251_1	91.399	1744	145	5	42102	43842	205393	203652	0.0	2385
uvig_150971	MGYG000000251_1	91.401	1570	133	2	40571	42139	206976	205408	0.0	2150
uvig_150971	MGYG000000251_1	88.919	1110	123	0	44865	45974	203175	202066	0.0	1369
uvig_150971	MGYG000000251_1	79.199	1524	262	36	38329	39817	208667	207164	0.0	1007
uvig_397665	MGYG000000251_1	87.709	3645	376	41	18372	21992	405554	409150	0.0	4183
uvig_397665	MGYG000000251_1	98.296	587	10	0	24896	25482	452383	452969	0.0	1029
uvig_397665	MGYG000000251_1	80.049	1213	228	12	22360	23566	409165	410369	0.0	887
uvig_397665	MGYG000000251_1	87.338	308	39	0	24023	24330	430379	430686	1.05e-95	353
uvig_397665	MGYG000000251_1	88.889	225	25	0	23563	23787	418046	418270	6.50e-73	278
uvig_397665	MGYG000000251_1	95.536	112	5	0	18265	18376	390529	390640	1.89e-43	180
uvig_397665	MGYG000002835_13	82.927	205	24	8	18659	18859	199	2	8.78e-42	174
uvig_371332	MGYG000000251_4	98.489	4302	65	0	8764	13065	7599	11900	0.0	7585
uvig_371332	MGYG000000251_4	89.733	1198	121	2	1602	2798	1151	2347	0.0	1530
uvig_371332	MGYG000000251_4	95.614	342	15	0	1	342	36227	36568	3.86e-154	549
uvig_371332	MGYG000000251_4	78.485	581	113	11	16109	16683	14391	14965	3.22e-100	370
uvig_371332	MGYG000000251_4	85.047	214	32	0	7877	8090	53921	54134	1.24e-54	219
uvig_371332	MGYG000000251_4	90.972	144	11	2	6196	6338	806	948	7.49e-47	193
uvig_371332	MGYG000000251_4	86.550	171	23	0	2793	2963	2605	2775	9.69e-46	189
uvig_371332	MGYG000000251_4	94.118	119	5	2	15021	15138	4579	4696	5.83e-43	180
uvig_371332	MGYG000000251_4	98.361	61	0	1	15041	15101	7501	7560	1.00e-20	106
uvig_371332	MGYG000004233_5	72.910	993	247	19	22367	23348	40800	39819	2.55e-86	324
uvig_371332	MGYG000000251_3	94.937	79	4	0	13130	13208	11997	12075	2.77e-26	124
uvig_12908	MGYG000000251_1	80.229	1310	205	38	1715	3010	114812	116081	0.0	935
uvig_12908	MGYG000000251_1	75.747	1406	262	64	109	1465	113199	114574	8.92e-180	634
uvig_12908	MGYG000004233_49	78.916	332	60	9	2683	3010	3	328	3.83e-54	217
uvig_12908	MGYG000004233_53	80.102	196	35	4	60705	60898	13358	13551	6.59e-32	143
uvig_12908	MGYG000002835_54	79.082	196	37	4	60705	60898	3708	3515	1.43e-28	132
ivig_2065	MGYG000000251_1	88.419	2910	288	43	2244	5129	116082	113198	0.0	3461
ivig_2065	MGYG000000251_1	90.543	1787	140	24	5890	7655	112784	111006	0.0	2337
ivig_2065	MGYG000000251_1	97.333	75	2	0	1325	1399	192296	192222	1.01e-27	128
ivig_2065	MGYG000000251_1	100.000	59	0	0	5834	5892	112950	112892	3.67e-22	110
ivig_2065	MGYG000004233_49	91.343	335	29	0	2238	2572	335	1	3.16e-127	459
ivig_2065	MGYG000003676_249	92.994	157	11	0	2244	2400	157	1	2.70e-58	230
ivig_2065	MGYG000003676_208	92.357	157	12	0	2244	2400	5513	5669	1.26e-56	224
ivig_2065	MGYG000003676_306	88.482	191	11	7	1456	1646	466	287	1.63e-55	220
ivig_2065	MGYG000000251_2	87.113	194	15	7	1456	1646	609	423	9.78e-53	211
ivig_2065	MGYG000000251_2	94.595	37	2	0	2244	2280	37	1	1.35e-06	58.4
ivig_2065	MGYG000000251_10	86.022	186	15	11	7475	7655	1	180	4.58e-46	189
ivig_2065	MGYG000002835_29	90.909	110	9	1	2238	2346	111	2	2.80e-33	147
ivig_2065	MGYG000000251_16	94.505	91	5	0	7983	8073	68729	68639	1.30e-31	141
ivig_2065	MGYG000000251_16	90.789	76	2	5	7583	7655	69199	69126	2.86e-18	97.1
ivig_2065	MGYG000000251_7	100.000	76	0	0	1325	1400	61053	60978	1.30e-31	141
ivig_2065	MGYG000000251_7	94.595	37	2	0	2244	2280	37	1	1.35e-06	58.4
ivig_2065	MGYG000000251_23	97.436	78	2	0	1324	1401	157	80	2.18e-29	134
ivig_2065	MGYG000000251_23	90.625	64	5	1	1452	1514	64	1	2.23e-14	84.2
ivig_2065	MGYG000002835_52	89.011	91	10	0	7983	8073	22685	22595	2.84e-23	113
ivig_2065	MGYG000002835_1	98.182	55	1	0	1346	1400	125804	125750	2.86e-18	97.1
ivig_2065	MGYG000002835_40	93.443	61	4	0	1324	1384	28843	28903	1.33e-16	91.6
ivig_2065	MGYG000002835_4	92.188	64	1	4	7591	7652	81307	81246	1.72e-15	87.9
ivig_2065	MGYG000003676_79	95.652	46	1	1	6406	6451	5461	5417	4.82e-11	73.1
uvig_417742	MGYG000003676_108	74.226	2293	487	90	98838	101084	7563	9797	0.0	865
uvig_417742	MGYG000000251_4	73.936	2091	462	69	98847	100906	76906	74868	0.0	765
uvig_417742	MGYG000000251_9	74.535	1775	422	25	73637	75396	30683	32442	0.0	747
uvig_417742	MGYG000004233_104	74.138	580	140	8	81436	82007	3272	3849	1.74e-58	231
uvig_417742	MGYG000002835_14	78.246	285	60	2	98889	99172	42293	42576	1.77e-43	182
uvig_417742	MGYG000004233_5	77.193	285	63	2	98889	99172	44904	45187	1.79e-38	165
uvig_417742	MGYG000004233_68	92.857	42	3	0	75591	75632	3708	3667	2.41e-07	62.1
uvig_293287	MGYG000002835_5	96.970	33	1	0	73338	73370	21610	21642	1.10e-05	56.5
uvig_293287	MGYG000000251_1	94.444	36	2	0	73335	73370	482339	482374	1.10e-05	56.5
uvig_45508	MGYG000002835_54	75.616	730	166	10	37762	38485	7013	6290	1.08e-94	351
uvig_83128	MGYG000004233_53	80.102	196	35	4	45383	45576	13358	13551	3.79e-32	143
uvig_83128	MGYG000002835_54	79.082	196	37	4	45383	45576	3708	3515	8.21e-29	132
uvig_144832	MGYG000000251_6	81.463	2816	462	41	70493	73279	171699	174483	0.0	2254
uvig_144832	MGYG000000251_6	81.243	1738	287	26	57243	58955	157090	158813	0.0	1367
uvig_144832	MGYG000000251_6	77.852	2253	433	56	64186	66403	166049	168270	0.0	1336
uvig_144832	MGYG000000251_6	74.227	3170	593	150	67227	70243	168282	171380	0.0	1122
uvig_144832	MGYG000000251_6	81.633	980	171	6	73279	74253	175194	176169	0.0	804
uvig_144832	MGYG000000251_6	77.609	527	105	12	60723	61241	160882	161403	3.32e-81	307
uvig_144832	MGYG000000251_6	78.248	331	50	16	51377	51687	153400	153728	9.69e-47	193
uvig_144832	MGYG000000251_6	83.036	112	12	7	57238	57346	166162	166055	2.81e-17	95.3
uvig_144832	MGYG000000251_7	81.794	2642	423	49	74720	77325	115655	118274	0.0	2161
uvig_144832	MGYG000000251_7	81.926	2274	369	35	72277	74525	113150	115406	0.0	1884
uvig_144832	MGYG000000251_7	84.569	1808	260	19	70493	72290	111341	113139	0.0	1775
uvig_144832	MGYG000000251_7	82.824	1834	298	17	57167	58991	99684	101509	0.0	1626
uvig_144832	MGYG000000251_7	84.512	1485	204	20	59772	61244	101605	103075	0.0	1445
uvig_144832	MGYG000000251_7	78.843	2127	393	51	64186	66284	105166	107263	0.0	1382
uvig_144832	MGYG000000251_7	74.952	3110	604	115	67436	70447	107402	110434	0.0	1266
uvig_144832	MGYG000000251_7	82.394	1136	162	28	77339	78448	118356	119479	0.0	955
uvig_144832	MGYG000000251_7	80.303	990	188	5	61257	62244	103382	104366	0.0	741
uvig_144832	MGYG000000251_7	77.504	609	105	25	51370	51954	94059	94659	4.23e-90	337
uvig_144832	MGYG000000251_7	88.050	159	17	2	62775	62932	104903	105060	4.51e-45	187
uvig_144832	MGYG000000251_31	79.084	2228	427	37	74745	76953	7115	4908	0.0	1496
uvig_144832	MGYG000000251_31	79.738	1145	185	36	77339	78451	4487	3358	0.0	785
uvig_144832	MGYG000000251_20	77.130	223	41	9	74168	74385	27239	27456	4.64e-25	121
uvig_142179	MGYG000000251_1	79.875	1595	232	54	577	2136	112568	111028	0.0	1085
uvig_255432	MGYG000004233_6	81.202	1165	207	12	957	2115	49628	48470	0.0	928
uvig_255432	MGYG000004233_6	75.867	721	159	12	37783	38496	47287	46575	2.01e-95	353
uvig_255432	MGYG000002835_17	80.656	1158	210	14	957	2107	26071	27221	0.0	885
uvig_255432	MGYG000002835_66	75.328	839	191	15	48021	48851	6166	5336	5.50e-106	388
